#
# There is insufficient memory for the Java Runtime Environment to continue.
# Native memory allocation (malloc) failed to allocate 131088 bytes for Chunk::new
# Possible reasons:
#   The system is out of physical RAM or swap space
#   The process is running with CompressedOops enabled, and the Java Heap may be blocking the growth of the native heap
# Possible solutions:
#   Reduce memory load on the system
#   Increase physical memory or swap space
#   Check if swap backing store is full
#   Decrease Java heap size (-Xmx/-Xms)
#   Decrease number of Java threads
#   Decrease Java thread stack sizes (-Xss)
#   Set larger code cache with -XX:ReservedCodeCacheSize=
#   JVM is running with Unscaled Compressed Oops mode in which the Java heap is
#     placed in the first 4GB address space. The Java Heap base address is the
#     maximum limit for the native heap growth. Please use -XX:HeapBaseMinAddress
#     to set the Java Heap base and to place the Java Heap above 4GB virtual address.
# This output file may be truncated or incomplete.
#
#  Out of Memory Error (./src/hotspot/share/memory/arena.cpp:197), pid=8984, tid=2964
#
# JRE version: OpenJDK Runtime Environment (11.0.11+9) (build 11.0.11+9-b60-7590822)
# Java VM: OpenJDK 64-Bit Server VM (11.0.11+9-b60-7590822, mixed mode, tiered, compressed oops, g1 gc, windows-amd64)
# No core dump will be written. Minidumps are not enabled by default on client versions of Windows
#

---------------  S U M M A R Y ------------

Command Line: --add-opens=java.base/java.util=ALL-UNNAMED --add-opens=java.base/java.lang=ALL-UNNAMED --add-opens=java.base/java.lang.invoke=ALL-UNNAMED --add-opens=java.prefs/java.util.prefs=ALL-UNNAMED -Xmx1536M -Dfile.encoding=windows-1251 -Duser.country=RU -Duser.language=ru -Duser.variant org.gradle.launcher.daemon.bootstrap.GradleDaemon 6.7

Host: Intel(R) Core(TM) i3-3120M CPU @ 2.50GHz, 4 cores, 15G,  Windows 8 , 64 bit Build 9200 (6.2.9200.16384)
Time: Mon Mar  6 08:38:34 2023 Naaa?iay Oaio?. Acey (ceia) elapsed time: 94.417713 seconds (0d 0h 1m 34s)

---------------  T H R E A D  ---------------

Current thread (0x000000ff77646000):  JavaThread "C2 CompilerThread0" daemon [_thread_in_native, id=2964, stack(0x000000ff78290000,0x000000ff78390000)]


Current CompileTask:
C2:  94417 9882       4       javax.management.ObjectName::construct (1135 bytes)

Stack: [0x000000ff78290000,0x000000ff78390000]
Native frames: (J=compiled Java code, j=interpreted, Vv=VM code, C=native code)
V  [jvm.dll+0x5f214a]
V  [jvm.dll+0x726fb5]
V  [jvm.dll+0x7285cd]
V  [jvm.dll+0x728c83]
V  [jvm.dll+0x243278]
V  [jvm.dll+0xbc53c]
V  [jvm.dll+0xbca3c]
V  [jvm.dll+0xbc638]
V  [jvm.dll+0x5d14e0]
V  [jvm.dll+0x508722]
V  [jvm.dll+0x203d53]
V  [jvm.dll+0x1fdbac]
V  [jvm.dll+0x1fb35f]
V  [jvm.dll+0x183d6c]
V  [jvm.dll+0x209a57]
V  [jvm.dll+0x2082a1]
V  [jvm.dll+0x6ef58f]
V  [jvm.dll+0x6e80b5]
V  [jvm.dll+0x5f1036]
C  [ucrtbase.DLL+0x682dd]
C  [KERNEL32.DLL+0x167e]
C  [ntdll.dll+0x23501]


---------------  P R O C E S S  ---------------

Threads class SMR info:
_java_thread_list=0x000000ff0acd4200, length=151, elements={
0x000000ff5dd58800, 0x000000ff775df800, 0x000000ff775e9800, 0x000000ff77640800,
0x000000ff77641800, 0x000000ff77643000, 0x000000ff77646000, 0x000000ff77652800,
0x000000ff7765c000, 0x000000ff777ad000, 0x000000ff7a01c000, 0x000000ff79e9e800,
0x000000ff7b179000, 0x000000ff79eda800, 0x000000ff79edb800, 0x000000ff79d3c800,
0x000000ff79d3d800, 0x000000ff79d3e800, 0x000000ff79d3c000, 0x000000ff7b127000,
0x000000ff7b125000, 0x000000ff7b126800, 0x000000ff7b128000, 0x000000ff7b123000,
0x000000ff7b129000, 0x000000ff7b125800, 0x000000ff7b122800, 0x000000ff7b124000,
0x000000ff7d9d0800, 0x000000ff7d9d3800, 0x000000ff7d9d2000, 0x000000ff7d9d5800,
0x000000ff7dd2d800, 0x000000ff7dd27000, 0x000000ff7dd29800, 0x000000ff7dd28000,
0x000000ff7dd2c000, 0x000000ff7dd2a800, 0x000000ff7dd2b000, 0x000000ff7dd2c800,
0x000000ff7b070800, 0x000000ff7b073000, 0x000000ff7b073800, 0x000000ff7b071000,
0x000000ff7b072000, 0x000000ff7b20e800, 0x000000ff7b20f800, 0x000000ff7b211000,
0x000000ff7b210000, 0x000000ff7b211800, 0x000000ff7b213800, 0x000000ff001e3000,
0x000000ff001e5000, 0x000000ff001e4000, 0x000000ff001e5800, 0x000000ff001e1800,
0x000000ff001e2800, 0x000000ff001e1000, 0x000000ff001df000, 0x000000ff001e0000,
0x000000ff78bd3800, 0x000000ff78bd4000, 0x000000ff78bd5000, 0x000000ff78bd0000,
0x000000ff78bcf000, 0x000000ff78bd6000, 0x000000ff78bd1000, 0x000000ff78bd1800,
0x000000ff78bd2800, 0x000000ff776a5000, 0x000000ff776a4000, 0x000000ff776a5800,
0x000000ff776a6800, 0x000000ff7dd1c800, 0x000000ff7dd1c000, 0x000000ff7dd1d800,
0x000000ff7dd1b000, 0x000000ff7b0fe000, 0x000000ff7b0fe800, 0x000000ff7b0fc000,
0x000000ff7b100800, 0x000000ff7b0ff800, 0x000000ff7b101000, 0x000000ff7b0fd000,
0x000000ff7b102000, 0x000000ff788b3000, 0x000000ff788ae000, 0x000000ff788b5800,
0x000000ff788ab800, 0x000000ff788ac800, 0x000000ff788b4800, 0x000000ff788b2000,
0x000000ff788ba800, 0x000000ff788b0000, 0x000000ff788b6800, 0x000000ff788b7000,
0x000000ff788b8000, 0x000000ff788b0800, 0x000000ff788b9800, 0x000000ff788b8800,
0x000000ff788b4000, 0x000000ff788af000, 0x000000ff788b1800, 0x000000ff788ad800,
0x000000ff7b0f4800, 0x000000ff7b0ef800, 0x000000ff7b0f5000, 0x000000ff7b0fa000,
0x000000ff7b0f0800, 0x000000ff7b0fb000, 0x000000ff7b0f2000, 0x000000ff7b0f7800,
0x000000ff7b0ec000, 0x000000ff7b0ee800, 0x000000ff7b0ed000, 0x000000ff7b0f6000,
0x000000ff7b0f1000, 0x000000ff7b0ee000, 0x000000ff7b0f7000, 0x000000ff7b0f8800,
0x000000ff7b0f3800, 0x000000ff7b0f9800, 0x000000ff7b0f3000, 0x000000ff7b6b0000,
0x000000ff7b6ab000, 0x000000ff7b6b9000, 0x000000ff7b6b7000, 0x000000ff7b6af000,
0x000000ff7b6b0800, 0x000000ff7b6b9800, 0x000000ff7b6b3000, 0x000000ff7b6ac000,
0x000000ff7b6ac800, 0x000000ff7b6b1800, 0x000000ff7b6b4000, 0x000000ff7b6b5000,
0x000000ff7b6b5800, 0x000000ff7b6ad800, 0x000000ff7b6ae000, 0x000000ff7b6b6800,
0x000000ff7b6b2800, 0x000000ff7b6b8000, 0x000000ff00506000, 0x000000ff004ff000,
0x000000ff00501000, 0x000000ff00501800, 0x000000ff00503800, 0x000000ff00504000,
0x000000ff00505000, 0x000000ff0bb87000, 0x000000ff0bb82000
}

Java Threads: ( => current thread )
  0x000000ff5dd58800 JavaThread "main" [_thread_blocked, id=5164, stack(0x000000ff5d350000,0x000000ff5d450000)]
  0x000000ff775df800 JavaThread "Reference Handler" daemon [_thread_blocked, id=9844, stack(0x000000ff77a90000,0x000000ff77b90000)]
  0x000000ff775e9800 JavaThread "Finalizer" daemon [_thread_blocked, id=7944, stack(0x000000ff77b90000,0x000000ff77c90000)]
  0x000000ff77640800 JavaThread "Signal Dispatcher" daemon [_thread_blocked, id=10796, stack(0x000000ff77f90000,0x000000ff78090000)]
  0x000000ff77641800 JavaThread "Attach Listener" daemon [_thread_blocked, id=10228, stack(0x000000ff78090000,0x000000ff78190000)]
  0x000000ff77643000 JavaThread "Service Thread" daemon [_thread_blocked, id=8420, stack(0x000000ff78190000,0x000000ff78290000)]
=>0x000000ff77646000 JavaThread "C2 CompilerThread0" daemon [_thread_in_native, id=2964, stack(0x000000ff78290000,0x000000ff78390000)]
  0x000000ff77652800 JavaThread "C1 CompilerThread0" daemon [_thread_blocked, id=4376, stack(0x000000ff78390000,0x000000ff78490000)]
  0x000000ff7765c000 JavaThread "Sweeper thread" daemon [_thread_blocked, id=9052, stack(0x000000ff78490000,0x000000ff78590000)]
  0x000000ff777ad000 JavaThread "Common-Cleaner" daemon [_thread_blocked, id=4804, stack(0x000000ff78590000,0x000000ff78690000)]
  0x000000ff7a01c000 JavaThread "Daemon health stats" [_thread_blocked, id=7912, stack(0x000000ff7bb10000,0x000000ff7bc10000)]
  0x000000ff79e9e800 JavaThread "Incoming local TCP Connector on port 53340" [_thread_in_native, id=8024, stack(0x000000ff7be10000,0x000000ff7bf10000)]
  0x000000ff7b179000 JavaThread "Daemon periodic checks" [_thread_blocked, id=11244, stack(0x000000ff7c2d0000,0x000000ff7c3d0000)]
  0x000000ff79eda800 JavaThread "Daemon" [_thread_blocked, id=5860, stack(0x000000ff7c5d0000,0x000000ff7c6d0000)]
  0x000000ff79edb800 JavaThread "Handler for socket connection from /127.0.0.1:53340 to /127.0.0.1:53341" [_thread_in_native, id=10992, stack(0x000000ff7c6d0000,0x000000ff7c7d0000)]
  0x000000ff79d3c800 JavaThread "Cancel handler" [_thread_blocked, id=6420, stack(0x000000ff7c8d0000,0x000000ff7c9d0000)]
  0x000000ff79d3d800 JavaThread "Daemon worker" [_thread_blocked, id=6816, stack(0x000000ff7c9d0000,0x000000ff7cad0000)]
  0x000000ff79d3e800 JavaThread "Asynchronous log dispatcher for DefaultDaemonConnection: socket connection from /127.0.0.1:53340 to /127.0.0.1:53341" [_thread_blocked, id=1052, stack(0x000000ff7cad0000,0x000000ff7cbd0000)]
  0x000000ff79d3c000 JavaThread "Stdin handler" [_thread_blocked, id=10132, stack(0x000000ff7cbd0000,0x000000ff7ccd0000)]
  0x000000ff7b127000 JavaThread "Thread-8" [_thread_blocked, id=8240, stack(0x000000ff7ccd0000,0x000000ff7cdd0000)]
  0x000000ff7b125000 JavaThread "Cache worker for file hash cache (C:\Users\Alchemist\.gradle\caches\6.7\fileHashes)" [_thread_blocked, id=9176, stack(0x000000ff7cfd0000,0x000000ff7d0d0000)]
  0x000000ff7b126800 JavaThread "File lock request listener" [_thread_in_native, id=9456, stack(0x000000ff7d0d0000,0x000000ff7d1d0000)]
  0x000000ff7b128000 JavaThread "Cache worker for journal cache (C:\Users\Alchemist\.gradle\caches\journal-1)" [_thread_blocked, id=8232, stack(0x000000ff7d1d0000,0x000000ff7d2d0000)]
  0x000000ff7b123000 JavaThread "Cache worker for file hash cache (C:\job\StudioProjects\data_collector2\android\.gradle\6.7\fileHashes)" [_thread_blocked, id=9588, stack(0x000000ff7d6d0000,0x000000ff7d7d0000)]
  0x000000ff7b129000 JavaThread "Cache worker for checksums cache (C:\job\StudioProjects\data_collector2\android\.gradle\checksums)" [_thread_blocked, id=8200, stack(0x000000ff7e9b0000,0x000000ff7eab0000)]
  0x000000ff7b125800 JavaThread "Cache worker for cache directory md-supplier (C:\Users\Alchemist\.gradle\caches\6.7\md-supplier)" [_thread_blocked, id=9480, stack(0x000000ff7eab0000,0x000000ff7ebb0000)]
  0x000000ff7b122800 JavaThread "Cache worker for cache directory md-rule (C:\Users\Alchemist\.gradle\caches\6.7\md-rule)" [_thread_blocked, id=1204, stack(0x000000ff7ebb0000,0x000000ff7ecb0000)]
  0x000000ff7b124000 JavaThread "Cache worker for execution history cache (C:\Users\Alchemist\.gradle\caches\6.7\executionHistory)" [_thread_blocked, id=7264, stack(0x000000ff7ecb0000,0x000000ff7edb0000)]
  0x000000ff7d9d0800 JavaThread "jar transforms" [_thread_blocked, id=4536, stack(0x000000ff7f4b0000,0x000000ff7f5b0000)]
  0x000000ff7d9d3800 JavaThread "Cache worker for file content cache (C:\Users\Alchemist\.gradle\caches\6.7\fileContent)" [_thread_blocked, id=2604, stack(0x000000ff7f7b0000,0x000000ff7f8b0000)]
  0x000000ff7d9d2000 JavaThread "Cache worker for Build Output Cleanup Cache (C:\job\StudioProjects\data_collector2\android\.gradle\buildOutputCleanup)" [_thread_blocked, id=7492, stack(0x000000ff011d0000,0x000000ff012d0000)]
  0x000000ff7d9d5800 JavaThread "Build operations" [_thread_blocked, id=10888, stack(0x000000ff015d0000,0x000000ff016d0000)]
  0x000000ff7dd2d800 JavaThread "Build operations Thread 2" [_thread_blocked, id=6080, stack(0x000000ff016d0000,0x000000ff017d0000)]
  0x000000ff7dd27000 JavaThread "Build operations Thread 3" [_thread_blocked, id=3928, stack(0x000000ff017d0000,0x000000ff018d0000)]
  0x000000ff7dd29800 JavaThread "Build operations Thread 4" [_thread_blocked, id=5876, stack(0x000000ff018d0000,0x000000ff019d0000)]
  0x000000ff7dd28000 JavaThread "jar transforms Thread 2" [_thread_blocked, id=8924, stack(0x000000ff012d0000,0x000000ff013d0000)]
  0x000000ff7dd2c000 JavaThread "jar transforms Thread 3" [_thread_blocked, id=8248, stack(0x000000ff019d0000,0x000000ff01ad0000)]
  0x000000ff7dd2a800 JavaThread "jar transforms Thread 5" [_thread_blocked, id=6720, stack(0x000000ff01bd0000,0x000000ff01cd0000)]
  0x000000ff7dd2b000 JavaThread "jar transforms Thread 6" [_thread_blocked, id=6048, stack(0x000000ff01cd0000,0x000000ff01dd0000)]
  0x000000ff7dd2c800 JavaThread "jar transforms Thread 7" [_thread_blocked, id=5724, stack(0x000000ff01dd0000,0x000000ff01ed0000)]
  0x000000ff7b070800 JavaThread "jar transforms Thread 10" [_thread_blocked, id=8672, stack(0x000000ff020d0000,0x000000ff021d0000)]
  0x000000ff7b073000 JavaThread "jar transforms Thread 11" [_thread_blocked, id=7280, stack(0x000000ff021d0000,0x000000ff022d0000)]
  0x000000ff7b073800 JavaThread "jar transforms Thread 14" [_thread_blocked, id=10872, stack(0x000000ff024d0000,0x000000ff025d0000)]
  0x000000ff7b071000 JavaThread "jar transforms Thread 15" [_thread_blocked, id=10956, stack(0x000000ff025d0000,0x000000ff026d0000)]
  0x000000ff7b072000 JavaThread "jar transforms Thread 16" [_thread_blocked, id=7588, stack(0x000000ff026d0000,0x000000ff027d0000)]
  0x000000ff7b20e800 JavaThread "jar transforms Thread 18" [_thread_blocked, id=7836, stack(0x000000ff028d0000,0x000000ff029d0000)]
  0x000000ff7b20f800 JavaThread "jar transforms Thread 19" [_thread_blocked, id=1712, stack(0x000000ff029d0000,0x000000ff02ad0000)]
  0x000000ff7b211000 JavaThread "jar transforms Thread 20" [_thread_blocked, id=784, stack(0x000000ff02ad0000,0x000000ff02bd0000)]
  0x000000ff7b210000 JavaThread "jar transforms Thread 22" [_thread_blocked, id=8604, stack(0x000000ff02cd0000,0x000000ff02dd0000)]
  0x000000ff7b211800 JavaThread "jar transforms Thread 23" [_thread_blocked, id=5568, stack(0x000000ff02dd0000,0x000000ff02ed0000)]
  0x000000ff7b213800 JavaThread "jar transforms Thread 24" [_thread_blocked, id=2036, stack(0x000000ff02ed0000,0x000000ff02fd0000)]
  0x000000ff001e3000 JavaThread "jar transforms Thread 26" [_thread_blocked, id=7868, stack(0x000000ff030d0000,0x000000ff031d0000)]
  0x000000ff001e5000 JavaThread "jar transforms Thread 27" [_thread_blocked, id=9000, stack(0x000000ff031d0000,0x000000ff032d0000)]
  0x000000ff001e4000 JavaThread "jar transforms Thread 28" [_thread_blocked, id=4892, stack(0x000000ff032d0000,0x000000ff033d0000)]
  0x000000ff001e5800 JavaThread "jar transforms Thread 29" [_thread_blocked, id=10628, stack(0x000000ff033d0000,0x000000ff034d0000)]
  0x000000ff001e1800 JavaThread "jar transforms Thread 30" [_thread_blocked, id=5884, stack(0x000000ff034d0000,0x000000ff035d0000)]
  0x000000ff001e2800 JavaThread "jar transforms Thread 31" [_thread_blocked, id=10272, stack(0x000000ff035d0000,0x000000ff036d0000)]
  0x000000ff001e1000 JavaThread "jar transforms Thread 32" [_thread_blocked, id=1816, stack(0x000000ff036d0000,0x000000ff037d0000)]
  0x000000ff001df000 JavaThread "jar transforms Thread 33" [_thread_blocked, id=3428, stack(0x000000ff037d0000,0x000000ff038d0000)]
  0x000000ff001e0000 JavaThread "jar transforms Thread 34" [_thread_blocked, id=9204, stack(0x000000ff038d0000,0x000000ff039d0000)]
  0x000000ff78bd3800 JavaThread "jar transforms Thread 35" [_thread_blocked, id=1896, stack(0x000000ff039d0000,0x000000ff03ad0000)]
  0x000000ff78bd4000 JavaThread "jar transforms Thread 36" [_thread_blocked, id=10692, stack(0x000000ff03ad0000,0x000000ff03bd0000)]
  0x000000ff78bd5000 JavaThread "jar transforms Thread 37" [_thread_blocked, id=10360, stack(0x000000ff03bd0000,0x000000ff03cd0000)]
  0x000000ff78bd0000 JavaThread "jar transforms Thread 38" [_thread_blocked, id=8588, stack(0x000000ff03cd0000,0x000000ff03dd0000)]
  0x000000ff78bcf000 JavaThread "jar transforms Thread 39" [_thread_blocked, id=8680, stack(0x000000ff03dd0000,0x000000ff03ed0000)]
  0x000000ff78bd6000 JavaThread "jar transforms Thread 40" [_thread_blocked, id=10764, stack(0x000000ff03ed0000,0x000000ff03fd0000)]
  0x000000ff78bd1000 JavaThread "jar transforms Thread 41" [_thread_blocked, id=8224, stack(0x000000ff03fd0000,0x000000ff040d0000)]
  0x000000ff78bd1800 JavaThread "jar transforms Thread 42" [_thread_blocked, id=9060, stack(0x000000ff040d0000,0x000000ff041d0000)]
  0x000000ff78bd2800 JavaThread "jar transforms Thread 43" [_thread_blocked, id=8908, stack(0x000000ff041d0000,0x000000ff042d0000)]
  0x000000ff776a5000 JavaThread "jar transforms Thread 44" [_thread_blocked, id=268, stack(0x000000ff042d0000,0x000000ff043d0000)]
  0x000000ff776a4000 JavaThread "jar transforms Thread 45" [_thread_blocked, id=10032, stack(0x000000ff043d0000,0x000000ff044d0000)]
  0x000000ff776a5800 JavaThread "jar transforms Thread 46" [_thread_blocked, id=4344, stack(0x000000ff044d0000,0x000000ff045d0000)]
  0x000000ff776a6800 JavaThread "jar transforms Thread 47" [_thread_blocked, id=7296, stack(0x000000ff045d0000,0x000000ff046d0000)]
  0x000000ff7dd1c800 JavaThread "jar transforms Thread 48" [_thread_blocked, id=5296, stack(0x000000ff046d0000,0x000000ff047d0000)]
  0x000000ff7dd1c000 JavaThread "jar transforms Thread 49" [_thread_blocked, id=5072, stack(0x000000ff047d0000,0x000000ff048d0000)]
  0x000000ff7dd1d800 JavaThread "jar transforms Thread 50" [_thread_blocked, id=7568, stack(0x000000ff048d0000,0x000000ff049d0000)]
  0x000000ff7dd1b000 JavaThread "jar transforms Thread 51" [_thread_blocked, id=8052, stack(0x000000ff04ad0000,0x000000ff04bd0000)]
  0x000000ff7b0fe000 JavaThread "jar transforms Thread 52" [_thread_blocked, id=8816, stack(0x000000ff04bd0000,0x000000ff04cd0000)]
  0x000000ff7b0fe800 JavaThread "jar transforms Thread 53" [_thread_blocked, id=10084, stack(0x000000ff04cd0000,0x000000ff04dd0000)]
  0x000000ff7b0fc000 JavaThread "jar transforms Thread 54" [_thread_blocked, id=8996, stack(0x000000ff04dd0000,0x000000ff04ed0000)]
  0x000000ff7b100800 JavaThread "jar transforms Thread 56" [_thread_blocked, id=2648, stack(0x000000ff04fd0000,0x000000ff050d0000)]
  0x000000ff7b0ff800 JavaThread "jar transforms Thread 57" [_thread_blocked, id=8324, stack(0x000000ff050d0000,0x000000ff051d0000)]
  0x000000ff7b101000 JavaThread "jar transforms Thread 58" [_thread_blocked, id=3324, stack(0x000000ff051d0000,0x000000ff052d0000)]
  0x000000ff7b0fd000 JavaThread "jar transforms Thread 59" [_thread_blocked, id=3856, stack(0x000000ff052d0000,0x000000ff053d0000)]
  0x000000ff7b102000 JavaThread "jar transforms Thread 60" [_thread_blocked, id=5148, stack(0x000000ff053d0000,0x000000ff054d0000)]
  0x000000ff788b3000 JavaThread "jar transforms Thread 61" [_thread_blocked, id=5176, stack(0x000000ff054d0000,0x000000ff055d0000)]
  0x000000ff788ae000 JavaThread "jar transforms Thread 62" [_thread_blocked, id=1840, stack(0x000000ff055d0000,0x000000ff056d0000)]
  0x000000ff788b5800 JavaThread "jar transforms Thread 63" [_thread_blocked, id=8732, stack(0x000000ff056d0000,0x000000ff057d0000)]
  0x000000ff788ab800 JavaThread "jar transforms Thread 64" [_thread_blocked, id=10936, stack(0x000000ff057d0000,0x000000ff058d0000)]
  0x000000ff788ac800 JavaThread "jar transforms Thread 65" [_thread_blocked, id=7476, stack(0x000000ff058d0000,0x000000ff059d0000)]
  0x000000ff788b4800 JavaThread "jar transforms Thread 66" [_thread_blocked, id=7276, stack(0x000000ff059d0000,0x000000ff05ad0000)]
  0x000000ff788b2000 JavaThread "jar transforms Thread 67" [_thread_blocked, id=10500, stack(0x000000ff05ad0000,0x000000ff05bd0000)]
  0x000000ff788ba800 JavaThread "jar transforms Thread 68" [_thread_blocked, id=9992, stack(0x000000ff05bd0000,0x000000ff05cd0000)]
  0x000000ff788b0000 JavaThread "jar transforms Thread 69" [_thread_blocked, id=11036, stack(0x000000ff05cd0000,0x000000ff05dd0000)]
  0x000000ff788b6800 JavaThread "jar transforms Thread 70" [_thread_blocked, id=7896, stack(0x000000ff05dd0000,0x000000ff05ed0000)]
  0x000000ff788b7000 JavaThread "jar transforms Thread 71" [_thread_blocked, id=4316, stack(0x000000ff05ed0000,0x000000ff05fd0000)]
  0x000000ff788b8000 JavaThread "jar transforms Thread 72" [_thread_blocked, id=9704, stack(0x000000ff05fd0000,0x000000ff060d0000)]
  0x000000ff788b0800 JavaThread "jar transforms Thread 73" [_thread_blocked, id=6680, stack(0x000000ff060d0000,0x000000ff061d0000)]
  0x000000ff788b9800 JavaThread "jar transforms Thread 74" [_thread_blocked, id=3588, stack(0x000000ff061d0000,0x000000ff062d0000)]
  0x000000ff788b8800 JavaThread "jar transforms Thread 75" [_thread_blocked, id=6844, stack(0x000000ff062d0000,0x000000ff063d0000)]
  0x000000ff788b4000 JavaThread "jar transforms Thread 76" [_thread_blocked, id=4036, stack(0x000000ff063d0000,0x000000ff064d0000)]
  0x000000ff788af000 JavaThread "jar transforms Thread 77" [_thread_blocked, id=9708, stack(0x000000ff064d0000,0x000000ff065d0000)]
  0x000000ff788b1800 JavaThread "jar transforms Thread 78" [_thread_blocked, id=10828, stack(0x000000ff065d0000,0x000000ff066d0000)]
  0x000000ff788ad800 JavaThread "jar transforms Thread 79" [_thread_blocked, id=3296, stack(0x000000ff066d0000,0x000000ff067d0000)]
  0x000000ff7b0f4800 JavaThread "jar transforms Thread 80" [_thread_blocked, id=4492, stack(0x000000ff067d0000,0x000000ff068d0000)]
  0x000000ff7b0ef800 JavaThread "jar transforms Thread 81" [_thread_blocked, id=5500, stack(0x000000ff068d0000,0x000000ff069d0000)]
  0x000000ff7b0f5000 JavaThread "jar transforms Thread 82" [_thread_blocked, id=5736, stack(0x000000ff069d0000,0x000000ff06ad0000)]
  0x000000ff7b0fa000 JavaThread "jar transforms Thread 83" [_thread_blocked, id=5584, stack(0x000000ff06ad0000,0x000000ff06bd0000)]
  0x000000ff7b0f0800 JavaThread "jar transforms Thread 84" [_thread_blocked, id=5228, stack(0x000000ff06bd0000,0x000000ff06cd0000)]
  0x000000ff7b0fb000 JavaThread "jar transforms Thread 85" [_thread_blocked, id=6176, stack(0x000000ff06cd0000,0x000000ff06dd0000)]
  0x000000ff7b0f2000 JavaThread "jar transforms Thread 86" [_thread_blocked, id=1748, stack(0x000000ff06dd0000,0x000000ff06ed0000)]
  0x000000ff7b0f7800 JavaThread "jar transforms Thread 87" [_thread_blocked, id=2148, stack(0x000000ff06ed0000,0x000000ff06fd0000)]
  0x000000ff7b0ec000 JavaThread "jar transforms Thread 88" [_thread_blocked, id=2100, stack(0x000000ff06fd0000,0x000000ff070d0000)]
  0x000000ff7b0ee800 JavaThread "jar transforms Thread 89" [_thread_blocked, id=5592, stack(0x000000ff070d0000,0x000000ff071d0000)]
  0x000000ff7b0ed000 JavaThread "jar transforms Thread 90" [_thread_blocked, id=10748, stack(0x000000ff071d0000,0x000000ff072d0000)]
  0x000000ff7b0f6000 JavaThread "jar transforms Thread 91" [_thread_blocked, id=6832, stack(0x000000ff072d0000,0x000000ff073d0000)]
  0x000000ff7b0f1000 JavaThread "jar transforms Thread 92" [_thread_blocked, id=10368, stack(0x000000ff073d0000,0x000000ff074d0000)]
  0x000000ff7b0ee000 JavaThread "jar transforms Thread 93" [_thread_blocked, id=6220, stack(0x000000ff074d0000,0x000000ff075d0000)]
  0x000000ff7b0f7000 JavaThread "jar transforms Thread 94" [_thread_blocked, id=7768, stack(0x000000ff075d0000,0x000000ff076d0000)]
  0x000000ff7b0f8800 JavaThread "jar transforms Thread 95" [_thread_blocked, id=5712, stack(0x000000ff076d0000,0x000000ff077d0000)]
  0x000000ff7b0f3800 JavaThread "jar transforms Thread 96" [_thread_blocked, id=5232, stack(0x000000ff077d0000,0x000000ff078d0000)]
  0x000000ff7b0f9800 JavaThread "jar transforms Thread 97" [_thread_blocked, id=8928, stack(0x000000ff078d0000,0x000000ff079d0000)]
  0x000000ff7b0f3000 JavaThread "jar transforms Thread 98" [_thread_blocked, id=8888, stack(0x000000ff079d0000,0x000000ff07ad0000)]
  0x000000ff7b6b0000 JavaThread "jar transforms Thread 99" [_thread_blocked, id=8960, stack(0x000000ff07ad0000,0x000000ff07bd0000)]
  0x000000ff7b6ab000 JavaThread "jar transforms Thread 100" [_thread_blocked, id=10152, stack(0x000000ff07bd0000,0x000000ff07cd0000)]
  0x000000ff7b6b9000 JavaThread "jar transforms Thread 101" [_thread_blocked, id=6164, stack(0x000000ff07cd0000,0x000000ff07dd0000)]
  0x000000ff7b6b7000 JavaThread "jar transforms Thread 102" [_thread_blocked, id=3788, stack(0x000000ff07dd0000,0x000000ff07ed0000)]
  0x000000ff7b6af000 JavaThread "jar transforms Thread 103" [_thread_blocked, id=3780, stack(0x000000ff07ed0000,0x000000ff07fd0000)]
  0x000000ff7b6b0800 JavaThread "jar transforms Thread 104" [_thread_blocked, id=3544, stack(0x000000ff07fd0000,0x000000ff080d0000)]
  0x000000ff7b6b9800 JavaThread "jar transforms Thread 105" [_thread_blocked, id=4396, stack(0x000000ff080d0000,0x000000ff081d0000)]
  0x000000ff7b6b3000 JavaThread "jar transforms Thread 106" [_thread_blocked, id=11100, stack(0x000000ff081d0000,0x000000ff082d0000)]
  0x000000ff7b6ac000 JavaThread "jar transforms Thread 107" [_thread_blocked, id=3640, stack(0x000000ff082d0000,0x000000ff083d0000)]
  0x000000ff7b6ac800 JavaThread "jar transforms Thread 108" [_thread_blocked, id=8976, stack(0x000000ff083d0000,0x000000ff084d0000)]
  0x000000ff7b6b1800 JavaThread "jar transforms Thread 109" [_thread_blocked, id=6600, stack(0x000000ff084d0000,0x000000ff085d0000)]
  0x000000ff7b6b4000 JavaThread "jar transforms Thread 110" [_thread_blocked, id=2256, stack(0x000000ff085d0000,0x000000ff086d0000)]
  0x000000ff7b6b5000 JavaThread "jar transforms Thread 111" [_thread_blocked, id=3492, stack(0x000000ff086d0000,0x000000ff087d0000)]
  0x000000ff7b6b5800 JavaThread "jar transforms Thread 112" [_thread_blocked, id=4780, stack(0x000000ff087d0000,0x000000ff088d0000)]
  0x000000ff7b6ad800 JavaThread "Memory manager" [_thread_blocked, id=11004, stack(0x000000ff049d0000,0x000000ff04ad0000)]
  0x000000ff7b6ae000 JavaThread "jar transforms Thread 113" [_thread_blocked, id=3484, stack(0x000000ff08ed0000,0x000000ff08fd0000)]
  0x000000ff7b6b6800 JavaThread "jar transforms Thread 114" [_thread_blocked, id=5424, stack(0x000000ff0d030000,0x000000ff0d130000)]
  0x000000ff7b6b2800 JavaThread "jar transforms Thread 115" [_thread_blocked, id=8328, stack(0x000000ff0d130000,0x000000ff0d230000)]
  0x000000ff7b6b8000 JavaThread "jar transforms Thread 116" [_thread_blocked, id=5892, stack(0x000000ff0d230000,0x000000ff0d330000)]
  0x000000ff00506000 JavaThread "jar transforms Thread 117" [_thread_blocked, id=5056, stack(0x000000ff0d330000,0x000000ff0d430000)]
  0x000000ff004ff000 JavaThread "jar transforms Thread 118" [_thread_blocked, id=5904, stack(0x000000ff0d430000,0x000000ff0d530000)]
  0x000000ff00501000 JavaThread "Execution worker for ':'" [_thread_blocked, id=8528, stack(0x000000ff0db30000,0x000000ff0dc30000)]
  0x000000ff00501800 JavaThread "Execution worker for ':' Thread 2" [_thread_blocked, id=3532, stack(0x000000ff0de60000,0x000000ff0df60000)]
  0x000000ff00503800 JavaThread "Execution worker for ':' Thread 3" [_thread_blocked, id=2384, stack(0x000000ff0df60000,0x000000ff0e060000)]
  0x000000ff00504000 JavaThread "Cache worker for execution history cache (C:\job\StudioProjects\data_collector2\android\.gradle\6.7\executionHistory)" [_thread_blocked, id=8036, stack(0x000000ff0e060000,0x000000ff0e160000)]
  0x000000ff00505000 JavaThread "Exec process" [_thread_in_native, id=10612, stack(0x000000ff0e360000,0x000000ff0e460000)]
  0x000000ff0bb87000 JavaThread "Exec process Thread 2" [_thread_in_native, id=4016, stack(0x000000ff0e460000,0x000000ff0e560000)]
  0x000000ff0bb82000 JavaThread "Exec process Thread 3" [_thread_in_native, id=3944, stack(0x000000ff0e560000,0x000000ff0e660000)]

Other Threads:
  0x000000ff775ba000 VMThread "VM Thread" [stack: 0x000000ff77990000,0x000000ff77a90000] [id=10740]
  0x000000ff777ca000 WatcherThread [stack: 0x000000ff78790000,0x000000ff78890000] [id=864]
  0x000000ff5dd73800 GCTaskThread "GC Thread#0" [stack: 0x000000ff5d9d0000,0x000000ff5dad0000] [id=764]
  0x000000ff78b3d800 GCTaskThread "GC Thread#1" [stack: 0x000000ff7a160000,0x000000ff7a260000] [id=7948]
  0x000000ff78d4b800 GCTaskThread "GC Thread#2" [stack: 0x000000ff7a260000,0x000000ff7a360000] [id=7728]
  0x000000ff78d4c000 GCTaskThread "GC Thread#3" [stack: 0x000000ff7a360000,0x000000ff7a460000] [id=9076]
  0x000000ff5dd98800 ConcurrentGCThread "G1 Main Marker" [stack: 0x000000ff74350000,0x000000ff74450000] [id=9716]
  0x000000ff5dd9b000 ConcurrentGCThread "G1 Conc#0" [stack: 0x000000ff74450000,0x000000ff74550000] [id=9292]
  0x000000ff76a1a800 ConcurrentGCThread "G1 Refine#0" [stack: 0x000000ff76b90000,0x000000ff76c90000] [id=5672]
  0x000000ff7e287000 ConcurrentGCThread "G1 Refine#1" [stack: 0x000000ff0d630000,0x000000ff0d730000] [id=3548]
  0x000000ff76a1b800 ConcurrentGCThread "G1 Young RemSet Sampling" [stack: 0x000000ff76c90000,0x000000ff76d90000] [id=8752]

Threads with active compile tasks:
C2 CompilerThread0  97122 9882       4       javax.management.ObjectName::construct (1135 bytes)

VM state:not at safepoint (normal execution)

VM Mutex/Monitor currently owned by a thread: None

Heap address: 0x00000000a0000000, size: 1536 MB, Compressed Oops mode: 32-bit
Narrow klass base: 0x0000000000000000, Narrow klass shift: 3
Compressed class space size: 1073741824 Address: 0x0000000100000000

Heap:
 garbage-first heap   total 260096K, used 122184K [0x00000000a0000000, 0x0000000100000000)
  region size 1024K, 33 young (33792K), 9 survivors (9216K)
 Metaspace       used 79014K, capacity 81653K, committed 81904K, reserved 1120256K
  class space    used 10352K, capacity 11261K, committed 11340K, reserved 1048576K
Heap Regions: E=young(eden), S=young(survivor), O=old, HS=humongous(starts), HC=humongous(continues), CS=collection set, F=free, A=archive, TAMS=top-at-mark-start (previous, next)
|   0|0x00000000a0000000, 0x00000000a0100000, 0x00000000a0100000|100%| O|  |TAMS 0x00000000a0100000, 0x00000000a0000000| Untracked 
|   1|0x00000000a0100000, 0x00000000a0200000, 0x00000000a0200000|100%| O|  |TAMS 0x00000000a0200000, 0x00000000a0100000| Untracked 
|   2|0x00000000a0200000, 0x00000000a0300000, 0x00000000a0300000|100%| O|  |TAMS 0x00000000a0300000, 0x00000000a0200000| Untracked 
|   3|0x00000000a0300000, 0x00000000a0400000, 0x00000000a0400000|100%|HS|  |TAMS 0x00000000a0400000, 0x00000000a0300000| Complete 
|   4|0x00000000a0400000, 0x00000000a0500000, 0x00000000a0500000|100%|HC|  |TAMS 0x00000000a0500000, 0x00000000a0400000| Complete 
|   5|0x00000000a0500000, 0x00000000a0600000, 0x00000000a0600000|100%|HC|  |TAMS 0x00000000a0600000, 0x00000000a0500000| Complete 
|   6|0x00000000a0600000, 0x00000000a0700000, 0x00000000a0700000|100%| O|  |TAMS 0x00000000a0700000, 0x00000000a0600000| Untracked 
|   7|0x00000000a0700000, 0x00000000a0800000, 0x00000000a0800000|100%| O|  |TAMS 0x00000000a0800000, 0x00000000a0700000| Untracked 
|   8|0x00000000a0800000, 0x00000000a0900000, 0x00000000a0900000|100%| O|  |TAMS 0x00000000a0900000, 0x00000000a0800000| Untracked 
|   9|0x00000000a0900000, 0x00000000a0a00000, 0x00000000a0a00000|100%| O|  |TAMS 0x00000000a0a00000, 0x00000000a0900000| Untracked 
|  10|0x00000000a0a00000, 0x00000000a0b00000, 0x00000000a0b00000|100%| O|  |TAMS 0x00000000a0b00000, 0x00000000a0a00000| Untracked 
|  11|0x00000000a0b00000, 0x00000000a0c00000, 0x00000000a0c00000|100%| O|  |TAMS 0x00000000a0c00000, 0x00000000a0b00000| Untracked 
|  12|0x00000000a0c00000, 0x00000000a0d00000, 0x00000000a0d00000|100%| O|  |TAMS 0x00000000a0d00000, 0x00000000a0c00000| Untracked 
|  13|0x00000000a0d00000, 0x00000000a0e00000, 0x00000000a0e00000|100%|HS|  |TAMS 0x00000000a0e00000, 0x00000000a0d00000| Complete 
|  14|0x00000000a0e00000, 0x00000000a0f00000, 0x00000000a0f00000|100%|HS|  |TAMS 0x00000000a0f00000, 0x00000000a0e00000| Complete 
|  15|0x00000000a0f00000, 0x00000000a1000000, 0x00000000a1000000|100%|HC|  |TAMS 0x00000000a1000000, 0x00000000a0f00000| Complete 
|  16|0x00000000a1000000, 0x00000000a1100000, 0x00000000a1100000|100%|HC|  |TAMS 0x00000000a1100000, 0x00000000a1000000| Complete 
|  17|0x00000000a1100000, 0x00000000a1200000, 0x00000000a1200000|100%|HS|  |TAMS 0x00000000a1200000, 0x00000000a1100000| Complete 
|  18|0x00000000a1200000, 0x00000000a1300000, 0x00000000a1300000|100%|HC|  |TAMS 0x00000000a1300000, 0x00000000a1200000| Complete 
|  19|0x00000000a1300000, 0x00000000a1400000, 0x00000000a1400000|100%| O|  |TAMS 0x00000000a1400000, 0x00000000a1300000| Untracked 
|  20|0x00000000a1400000, 0x00000000a1500000, 0x00000000a1500000|100%| O|  |TAMS 0x00000000a1500000, 0x00000000a1400000| Untracked 
|  21|0x00000000a1500000, 0x00000000a1600000, 0x00000000a1600000|100%| O|  |TAMS 0x00000000a1600000, 0x00000000a1500000| Untracked 
|  22|0x00000000a1600000, 0x00000000a1700000, 0x00000000a1700000|100%| O|  |TAMS 0x00000000a1700000, 0x00000000a1600000| Untracked 
|  23|0x00000000a1700000, 0x00000000a1800000, 0x00000000a1800000|100%| O|  |TAMS 0x00000000a1800000, 0x00000000a1700000| Untracked 
|  24|0x00000000a1800000, 0x00000000a1900000, 0x00000000a1900000|100%| O|  |TAMS 0x00000000a1900000, 0x00000000a1800000| Untracked 
|  25|0x00000000a1900000, 0x00000000a1a00000, 0x00000000a1a00000|100%| O|  |TAMS 0x00000000a1a00000, 0x00000000a1900000| Untracked 
|  26|0x00000000a1a00000, 0x00000000a1b00000, 0x00000000a1b00000|100%| O|  |TAMS 0x00000000a1b00000, 0x00000000a1a00000| Untracked 
|  27|0x00000000a1b00000, 0x00000000a1c00000, 0x00000000a1c00000|100%| O|  |TAMS 0x00000000a1c00000, 0x00000000a1b00000| Untracked 
|  28|0x00000000a1c00000, 0x00000000a1d00000, 0x00000000a1d00000|100%| O|  |TAMS 0x00000000a1d00000, 0x00000000a1c00000| Untracked 
|  29|0x00000000a1d00000, 0x00000000a1e00000, 0x00000000a1e00000|100%| O|  |TAMS 0x00000000a1e00000, 0x00000000a1d00000| Untracked 
|  30|0x00000000a1e00000, 0x00000000a1f00000, 0x00000000a1f00000|100%| O|  |TAMS 0x00000000a1f00000, 0x00000000a1e00000| Untracked 
|  31|0x00000000a1f00000, 0x00000000a2000000, 0x00000000a2000000|100%| O|  |TAMS 0x00000000a2000000, 0x00000000a1f00000| Untracked 
|  32|0x00000000a2000000, 0x00000000a2100000, 0x00000000a2100000|100%| O|  |TAMS 0x00000000a2100000, 0x00000000a2000000| Untracked 
|  33|0x00000000a2100000, 0x00000000a2200000, 0x00000000a2200000|100%| O|  |TAMS 0x00000000a2200000, 0x00000000a2100000| Untracked 
|  34|0x00000000a2200000, 0x00000000a2300000, 0x00000000a2300000|100%| O|  |TAMS 0x00000000a2300000, 0x00000000a2200000| Untracked 
|  35|0x00000000a2300000, 0x00000000a2400000, 0x00000000a2400000|100%| O|  |TAMS 0x00000000a2400000, 0x00000000a2300000| Untracked 
|  36|0x00000000a2400000, 0x00000000a2500000, 0x00000000a2500000|100%| O|  |TAMS 0x00000000a2500000, 0x00000000a2400000| Untracked 
|  37|0x00000000a2500000, 0x00000000a2600000, 0x00000000a2600000|100%| O|  |TAMS 0x00000000a2600000, 0x00000000a2500000| Untracked 
|  38|0x00000000a2600000, 0x00000000a2700000, 0x00000000a2700000|100%| O|  |TAMS 0x00000000a2700000, 0x00000000a2600000| Untracked 
|  39|0x00000000a2700000, 0x00000000a2800000, 0x00000000a2800000|100%| O|  |TAMS 0x00000000a2800000, 0x00000000a2700000| Untracked 
|  40|0x00000000a2800000, 0x00000000a2900000, 0x00000000a2900000|100%| O|  |TAMS 0x00000000a2900000, 0x00000000a2800000| Untracked 
|  41|0x00000000a2900000, 0x00000000a2a00000, 0x00000000a2a00000|100%| O|  |TAMS 0x00000000a2a00000, 0x00000000a2900000| Untracked 
|  42|0x00000000a2a00000, 0x00000000a2b00000, 0x00000000a2b00000|100%| O|  |TAMS 0x00000000a2b00000, 0x00000000a2a00000| Untracked 
|  43|0x00000000a2b00000, 0x00000000a2c00000, 0x00000000a2c00000|100%| O|  |TAMS 0x00000000a2c00000, 0x00000000a2b00000| Untracked 
|  44|0x00000000a2c00000, 0x00000000a2d00000, 0x00000000a2d00000|100%| O|  |TAMS 0x00000000a2d00000, 0x00000000a2c00000| Untracked 
|  45|0x00000000a2d00000, 0x00000000a2e00000, 0x00000000a2e00000|100%|HS|  |TAMS 0x00000000a2e00000, 0x00000000a2d00000| Complete 
|  46|0x00000000a2e00000, 0x00000000a2f00000, 0x00000000a2f00000|100%|HS|  |TAMS 0x00000000a2f00000, 0x00000000a2e00000| Complete 
|  47|0x00000000a2f00000, 0x00000000a3000000, 0x00000000a3000000|100%|HS|  |TAMS 0x00000000a3000000, 0x00000000a2f00000| Complete 
|  48|0x00000000a3000000, 0x00000000a3100000, 0x00000000a3100000|100%|HC|  |TAMS 0x00000000a3100000, 0x00000000a3000000| Complete 
|  49|0x00000000a3100000, 0x00000000a3200000, 0x00000000a3200000|100%| O|  |TAMS 0x00000000a3200000, 0x00000000a3100000| Untracked 
|  50|0x00000000a3200000, 0x00000000a3300000, 0x00000000a3300000|100%| O|  |TAMS 0x00000000a3300000, 0x00000000a3200000| Untracked 
|  51|0x00000000a3300000, 0x00000000a3400000, 0x00000000a3400000|100%| O|  |TAMS 0x00000000a3400000, 0x00000000a3300000| Untracked 
|  52|0x00000000a3400000, 0x00000000a3500000, 0x00000000a3500000|100%| O|  |TAMS 0x00000000a3500000, 0x00000000a3400000| Untracked 
|  53|0x00000000a3500000, 0x00000000a3600000, 0x00000000a3600000|100%| O|  |TAMS 0x00000000a3600000, 0x00000000a3500000| Untracked 
|  54|0x00000000a3600000, 0x00000000a3700000, 0x00000000a3700000|100%| O|  |TAMS 0x00000000a3700000, 0x00000000a3600000| Untracked 
|  55|0x00000000a3700000, 0x00000000a3800000, 0x00000000a3800000|100%|HS|  |TAMS 0x00000000a3800000, 0x00000000a3700000| Complete 
|  56|0x00000000a3800000, 0x00000000a3900000, 0x00000000a3900000|100%|HC|  |TAMS 0x00000000a3900000, 0x00000000a3800000| Complete 
|  57|0x00000000a3900000, 0x00000000a3a00000, 0x00000000a3a00000|100%|HC|  |TAMS 0x00000000a3a00000, 0x00000000a3900000| Complete 
|  58|0x00000000a3a00000, 0x00000000a3b00000, 0x00000000a3b00000|100%|HS|  |TAMS 0x00000000a3b00000, 0x00000000a3a00000| Complete 
|  59|0x00000000a3b00000, 0x00000000a3c00000, 0x00000000a3c00000|100%|HC|  |TAMS 0x00000000a3c00000, 0x00000000a3b00000| Complete 
|  60|0x00000000a3c00000, 0x00000000a3d00000, 0x00000000a3d00000|100%|HC|  |TAMS 0x00000000a3d00000, 0x00000000a3c00000| Complete 
|  61|0x00000000a3d00000, 0x00000000a3e00000, 0x00000000a3e00000|100%| O|  |TAMS 0x00000000a3e00000, 0x00000000a3d00000| Untracked 
|  62|0x00000000a3e00000, 0x00000000a3f00000, 0x00000000a3f00000|100%| O|  |TAMS 0x00000000a3f00000, 0x00000000a3e00000| Untracked 
|  63|0x00000000a3f00000, 0x00000000a4000000, 0x00000000a4000000|100%| O|  |TAMS 0x00000000a4000000, 0x00000000a3f00000| Untracked 
|  64|0x00000000a4000000, 0x00000000a4100000, 0x00000000a4100000|100%| O|  |TAMS 0x00000000a4100000, 0x00000000a4000000| Untracked 
|  65|0x00000000a4100000, 0x00000000a4200000, 0x00000000a4200000|100%| O|  |TAMS 0x00000000a4200000, 0x00000000a4100000| Untracked 
|  66|0x00000000a4200000, 0x00000000a4300000, 0x00000000a4300000|100%| O|  |TAMS 0x00000000a4300000, 0x00000000a4200000| Untracked 
|  67|0x00000000a4300000, 0x00000000a4400000, 0x00000000a4400000|100%| O|  |TAMS 0x00000000a4400000, 0x00000000a4300000| Untracked 
|  68|0x00000000a4400000, 0x00000000a4500000, 0x00000000a4500000|100%| O|  |TAMS 0x00000000a4500000, 0x00000000a4400000| Untracked 
|  69|0x00000000a4500000, 0x00000000a4600000, 0x00000000a4600000|100%| O|  |TAMS 0x00000000a4600000, 0x00000000a4500000| Untracked 
|  70|0x00000000a4600000, 0x00000000a4700000, 0x00000000a4700000|100%| O|  |TAMS 0x00000000a4700000, 0x00000000a4600000| Untracked 
|  71|0x00000000a4700000, 0x00000000a4800000, 0x00000000a4800000|100%| O|  |TAMS 0x00000000a4800000, 0x00000000a4700000| Untracked 
|  72|0x00000000a4800000, 0x00000000a4900000, 0x00000000a4900000|100%| O|  |TAMS 0x00000000a4900000, 0x00000000a4800000| Untracked 
|  73|0x00000000a4900000, 0x00000000a4a00000, 0x00000000a4a00000|100%| O|  |TAMS 0x00000000a4a00000, 0x00000000a4900000| Untracked 
|  74|0x00000000a4a00000, 0x00000000a4b00000, 0x00000000a4b00000|100%| O|  |TAMS 0x00000000a4b00000, 0x00000000a4a00000| Untracked 
|  75|0x00000000a4b00000, 0x00000000a4c00000, 0x00000000a4c00000|100%| O|  |TAMS 0x00000000a4c00000, 0x00000000a4b00000| Untracked 
|  76|0x00000000a4c00000, 0x00000000a4d00000, 0x00000000a4d00000|100%| O|  |TAMS 0x00000000a4d00000, 0x00000000a4c00000| Untracked 
|  77|0x00000000a4d00000, 0x00000000a4e00000, 0x00000000a4e00000|100%| O|  |TAMS 0x00000000a4e00000, 0x00000000a4d00000| Untracked 
|  78|0x00000000a4e00000, 0x00000000a4f00000, 0x00000000a4f00000|100%| O|  |TAMS 0x00000000a4f00000, 0x00000000a4e00000| Untracked 
|  79|0x00000000a4f00000, 0x00000000a5000000, 0x00000000a5000000|100%| O|  |TAMS 0x00000000a5000000, 0x00000000a4f00000| Untracked 
|  80|0x00000000a5000000, 0x00000000a5100000, 0x00000000a5100000|100%| O|  |TAMS 0x00000000a5100000, 0x00000000a5000000| Untracked 
|  81|0x00000000a5100000, 0x00000000a5200000, 0x00000000a5200000|100%| O|  |TAMS 0x00000000a5200000, 0x00000000a5100000| Untracked 
|  82|0x00000000a5200000, 0x00000000a5300000, 0x00000000a5300000|100%| O|  |TAMS 0x00000000a5300000, 0x00000000a5200000| Untracked 
|  83|0x00000000a5300000, 0x00000000a5400000, 0x00000000a5400000|100%| O|  |TAMS 0x00000000a5400000, 0x00000000a5300000| Untracked 
|  84|0x00000000a5400000, 0x00000000a5500000, 0x00000000a5500000|100%| O|  |TAMS 0x00000000a5500000, 0x00000000a5400000| Untracked 
|  85|0x00000000a5500000, 0x00000000a5600000, 0x00000000a5600000|100%| O|  |TAMS 0x00000000a5600000, 0x00000000a5500000| Untracked 
|  86|0x00000000a5600000, 0x00000000a5700000, 0x00000000a5700000|100%| O|  |TAMS 0x00000000a5700000, 0x00000000a5600000| Untracked 
|  87|0x00000000a5700000, 0x00000000a5800000, 0x00000000a5800000|100%| O|  |TAMS 0x00000000a5800000, 0x00000000a5700000| Untracked 
|  88|0x00000000a5800000, 0x00000000a5880000, 0x00000000a5900000| 50%| O|  |TAMS 0x00000000a5880000, 0x00000000a5800000| Untracked 
|  89|0x00000000a5900000, 0x00000000a5900000, 0x00000000a5a00000|  0%| F|  |TAMS 0x00000000a5900000, 0x00000000a5900000| Untracked 
|  90|0x00000000a5a00000, 0x00000000a5a00000, 0x00000000a5b00000|  0%| F|  |TAMS 0x00000000a5a00000, 0x00000000a5a00000| Untracked 
|  91|0x00000000a5b00000, 0x00000000a5b00000, 0x00000000a5c00000|  0%| F|  |TAMS 0x00000000a5b00000, 0x00000000a5b00000| Untracked 
|  92|0x00000000a5c00000, 0x00000000a5c00000, 0x00000000a5d00000|  0%| F|  |TAMS 0x00000000a5c00000, 0x00000000a5c00000| Untracked 
|  93|0x00000000a5d00000, 0x00000000a5d00000, 0x00000000a5e00000|  0%| F|  |TAMS 0x00000000a5d00000, 0x00000000a5d00000| Untracked 
|  94|0x00000000a5e00000, 0x00000000a5e00000, 0x00000000a5f00000|  0%| F|  |TAMS 0x00000000a5e00000, 0x00000000a5e00000| Untracked 
|  95|0x00000000a5f00000, 0x00000000a5f00000, 0x00000000a6000000|  0%| F|  |TAMS 0x00000000a5f00000, 0x00000000a5f00000| Untracked 
|  96|0x00000000a6000000, 0x00000000a6000000, 0x00000000a6100000|  0%| F|  |TAMS 0x00000000a6000000, 0x00000000a6000000| Untracked 
|  97|0x00000000a6100000, 0x00000000a6100000, 0x00000000a6200000|  0%| F|  |TAMS 0x00000000a6100000, 0x00000000a6100000| Untracked 
|  98|0x00000000a6200000, 0x00000000a6200000, 0x00000000a6300000|  0%| F|  |TAMS 0x00000000a6200000, 0x00000000a6200000| Untracked 
|  99|0x00000000a6300000, 0x00000000a6300000, 0x00000000a6400000|  0%| F|  |TAMS 0x00000000a6300000, 0x00000000a6300000| Untracked 
| 100|0x00000000a6400000, 0x00000000a6400000, 0x00000000a6500000|  0%| F|  |TAMS 0x00000000a6400000, 0x00000000a6400000| Untracked 
| 101|0x00000000a6500000, 0x00000000a6500000, 0x00000000a6600000|  0%| F|  |TAMS 0x00000000a6500000, 0x00000000a6500000| Untracked 
| 102|0x00000000a6600000, 0x00000000a6600000, 0x00000000a6700000|  0%| F|  |TAMS 0x00000000a6600000, 0x00000000a6600000| Untracked 
| 103|0x00000000a6700000, 0x00000000a6700000, 0x00000000a6800000|  0%| F|  |TAMS 0x00000000a6700000, 0x00000000a6700000| Untracked 
| 104|0x00000000a6800000, 0x00000000a6800000, 0x00000000a6900000|  0%| F|  |TAMS 0x00000000a6800000, 0x00000000a6800000| Untracked 
| 105|0x00000000a6900000, 0x00000000a6900000, 0x00000000a6a00000|  0%| F|  |TAMS 0x00000000a6900000, 0x00000000a6900000| Untracked 
| 106|0x00000000a6a00000, 0x00000000a6a00000, 0x00000000a6b00000|  0%| F|  |TAMS 0x00000000a6a00000, 0x00000000a6a00000| Untracked 
| 107|0x00000000a6b00000, 0x00000000a6b00000, 0x00000000a6c00000|  0%| F|  |TAMS 0x00000000a6b00000, 0x00000000a6b00000| Untracked 
| 108|0x00000000a6c00000, 0x00000000a6c00000, 0x00000000a6d00000|  0%| F|  |TAMS 0x00000000a6c00000, 0x00000000a6c00000| Untracked 
| 109|0x00000000a6d00000, 0x00000000a6d00000, 0x00000000a6e00000|  0%| F|  |TAMS 0x00000000a6d00000, 0x00000000a6d00000| Untracked 
| 110|0x00000000a6e00000, 0x00000000a6e00000, 0x00000000a6f00000|  0%| F|  |TAMS 0x00000000a6e00000, 0x00000000a6e00000| Untracked 
| 111|0x00000000a6f00000, 0x00000000a6f00000, 0x00000000a7000000|  0%| F|  |TAMS 0x00000000a6f00000, 0x00000000a6f00000| Untracked 
| 112|0x00000000a7000000, 0x00000000a7000000, 0x00000000a7100000|  0%| F|  |TAMS 0x00000000a7000000, 0x00000000a7000000| Untracked 
| 113|0x00000000a7100000, 0x00000000a7100000, 0x00000000a7200000|  0%| F|  |TAMS 0x00000000a7100000, 0x00000000a7100000| Untracked 
| 114|0x00000000a7200000, 0x00000000a7200000, 0x00000000a7300000|  0%| F|  |TAMS 0x00000000a7200000, 0x00000000a7200000| Untracked 
| 115|0x00000000a7300000, 0x00000000a7300000, 0x00000000a7400000|  0%| F|  |TAMS 0x00000000a7300000, 0x00000000a7300000| Untracked 
| 116|0x00000000a7400000, 0x00000000a7400000, 0x00000000a7500000|  0%| F|  |TAMS 0x00000000a7400000, 0x00000000a7400000| Untracked 
| 117|0x00000000a7500000, 0x00000000a7500000, 0x00000000a7600000|  0%| F|  |TAMS 0x00000000a7500000, 0x00000000a7500000| Untracked 
| 118|0x00000000a7600000, 0x00000000a7600000, 0x00000000a7700000|  0%| F|  |TAMS 0x00000000a7600000, 0x00000000a7600000| Untracked 
| 119|0x00000000a7700000, 0x00000000a7700000, 0x00000000a7800000|  0%| F|  |TAMS 0x00000000a7700000, 0x00000000a7700000| Untracked 
| 120|0x00000000a7800000, 0x00000000a7800000, 0x00000000a7900000|  0%| F|  |TAMS 0x00000000a7800000, 0x00000000a7800000| Untracked 
| 121|0x00000000a7900000, 0x00000000a7900000, 0x00000000a7a00000|  0%| F|  |TAMS 0x00000000a7900000, 0x00000000a7900000| Untracked 
| 122|0x00000000a7a00000, 0x00000000a7a00000, 0x00000000a7b00000|  0%| F|  |TAMS 0x00000000a7a00000, 0x00000000a7a00000| Untracked 
| 123|0x00000000a7b00000, 0x00000000a7b00000, 0x00000000a7c00000|  0%| F|  |TAMS 0x00000000a7b00000, 0x00000000a7b00000| Untracked 
| 124|0x00000000a7c00000, 0x00000000a7c00000, 0x00000000a7d00000|  0%| F|  |TAMS 0x00000000a7c00000, 0x00000000a7c00000| Untracked 
| 125|0x00000000a7d00000, 0x00000000a7d00000, 0x00000000a7e00000|  0%| F|  |TAMS 0x00000000a7d00000, 0x00000000a7d00000| Untracked 
| 126|0x00000000a7e00000, 0x00000000a7e00000, 0x00000000a7f00000|  0%| F|  |TAMS 0x00000000a7e00000, 0x00000000a7e00000| Untracked 
| 127|0x00000000a7f00000, 0x00000000a7f00000, 0x00000000a8000000|  0%| F|  |TAMS 0x00000000a7f00000, 0x00000000a7f00000| Untracked 
| 128|0x00000000a8000000, 0x00000000a8000000, 0x00000000a8100000|  0%| F|  |TAMS 0x00000000a8000000, 0x00000000a8000000| Untracked 
| 129|0x00000000a8100000, 0x00000000a8100000, 0x00000000a8200000|  0%| F|  |TAMS 0x00000000a8100000, 0x00000000a8100000| Untracked 
| 130|0x00000000a8200000, 0x00000000a8200000, 0x00000000a8300000|  0%| F|  |TAMS 0x00000000a8200000, 0x00000000a8200000| Untracked 
| 131|0x00000000a8300000, 0x00000000a8300000, 0x00000000a8400000|  0%| F|  |TAMS 0x00000000a8300000, 0x00000000a8300000| Untracked 
| 132|0x00000000a8400000, 0x00000000a8400000, 0x00000000a8500000|  0%| F|  |TAMS 0x00000000a8400000, 0x00000000a8400000| Untracked 
| 133|0x00000000a8500000, 0x00000000a8500000, 0x00000000a8600000|  0%| F|  |TAMS 0x00000000a8500000, 0x00000000a8500000| Untracked 
| 134|0x00000000a8600000, 0x00000000a8600000, 0x00000000a8700000|  0%| F|  |TAMS 0x00000000a8600000, 0x00000000a8600000| Untracked 
| 135|0x00000000a8700000, 0x00000000a8700000, 0x00000000a8800000|  0%| F|  |TAMS 0x00000000a8700000, 0x00000000a8700000| Untracked 
| 136|0x00000000a8800000, 0x00000000a8800000, 0x00000000a8900000|  0%| F|  |TAMS 0x00000000a8800000, 0x00000000a8800000| Untracked 
| 137|0x00000000a8900000, 0x00000000a8900000, 0x00000000a8a00000|  0%| F|  |TAMS 0x00000000a8900000, 0x00000000a8900000| Untracked 
| 138|0x00000000a8a00000, 0x00000000a8a00000, 0x00000000a8b00000|  0%| F|  |TAMS 0x00000000a8a00000, 0x00000000a8a00000| Untracked 
| 139|0x00000000a8b00000, 0x00000000a8b00000, 0x00000000a8c00000|  0%| F|  |TAMS 0x00000000a8b00000, 0x00000000a8b00000| Untracked 
| 140|0x00000000a8c00000, 0x00000000a8c00000, 0x00000000a8d00000|  0%| F|  |TAMS 0x00000000a8c00000, 0x00000000a8c00000| Untracked 
| 141|0x00000000a8d00000, 0x00000000a8d00000, 0x00000000a8e00000|  0%| F|  |TAMS 0x00000000a8d00000, 0x00000000a8d00000| Untracked 
| 142|0x00000000a8e00000, 0x00000000a8e00000, 0x00000000a8f00000|  0%| F|  |TAMS 0x00000000a8e00000, 0x00000000a8e00000| Untracked 
| 143|0x00000000a8f00000, 0x00000000a8f00000, 0x00000000a9000000|  0%| F|  |TAMS 0x00000000a8f00000, 0x00000000a8f00000| Untracked 
| 144|0x00000000a9000000, 0x00000000a9000000, 0x00000000a9100000|  0%| F|  |TAMS 0x00000000a9000000, 0x00000000a9000000| Untracked 
| 145|0x00000000a9100000, 0x00000000a9100000, 0x00000000a9200000|  0%| F|  |TAMS 0x00000000a9100000, 0x00000000a9100000| Untracked 
| 146|0x00000000a9200000, 0x00000000a9200000, 0x00000000a9300000|  0%| F|  |TAMS 0x00000000a9200000, 0x00000000a9200000| Untracked 
| 147|0x00000000a9300000, 0x00000000a9300000, 0x00000000a9400000|  0%| F|  |TAMS 0x00000000a9300000, 0x00000000a9300000| Untracked 
| 148|0x00000000a9400000, 0x00000000a9400000, 0x00000000a9500000|  0%| F|  |TAMS 0x00000000a9400000, 0x00000000a9400000| Untracked 
| 149|0x00000000a9500000, 0x00000000a9500000, 0x00000000a9600000|  0%| F|  |TAMS 0x00000000a9500000, 0x00000000a9500000| Untracked 
| 150|0x00000000a9600000, 0x00000000a9600000, 0x00000000a9700000|  0%| F|  |TAMS 0x00000000a9600000, 0x00000000a9600000| Untracked 
| 151|0x00000000a9700000, 0x00000000a9700000, 0x00000000a9800000|  0%| F|  |TAMS 0x00000000a9700000, 0x00000000a9700000| Untracked 
| 152|0x00000000a9800000, 0x00000000a9800000, 0x00000000a9900000|  0%| F|  |TAMS 0x00000000a9800000, 0x00000000a9800000| Untracked 
| 153|0x00000000a9900000, 0x00000000a9900000, 0x00000000a9a00000|  0%| F|  |TAMS 0x00000000a9900000, 0x00000000a9900000| Untracked 
| 154|0x00000000a9a00000, 0x00000000a9ad2190, 0x00000000a9b00000| 82%| S|CS|TAMS 0x00000000a9a00000, 0x00000000a9a00000| Complete 
| 155|0x00000000a9b00000, 0x00000000a9c00000, 0x00000000a9c00000|100%| S|CS|TAMS 0x00000000a9b00000, 0x00000000a9b00000| Complete 
| 156|0x00000000a9c00000, 0x00000000a9d00000, 0x00000000a9d00000|100%| S|CS|TAMS 0x00000000a9c00000, 0x00000000a9c00000| Complete 
| 157|0x00000000a9d00000, 0x00000000a9e00000, 0x00000000a9e00000|100%| S|CS|TAMS 0x00000000a9d00000, 0x00000000a9d00000| Complete 
| 158|0x00000000a9e00000, 0x00000000a9f00000, 0x00000000a9f00000|100%| S|CS|TAMS 0x00000000a9e00000, 0x00000000a9e00000| Complete 
| 159|0x00000000a9f00000, 0x00000000aa000000, 0x00000000aa000000|100%| S|CS|TAMS 0x00000000a9f00000, 0x00000000a9f00000| Complete 
| 160|0x00000000aa000000, 0x00000000aa100000, 0x00000000aa100000|100%| S|CS|TAMS 0x00000000aa000000, 0x00000000aa000000| Complete 
| 161|0x00000000aa100000, 0x00000000aa200000, 0x00000000aa200000|100%| S|CS|TAMS 0x00000000aa100000, 0x00000000aa100000| Complete 
| 162|0x00000000aa200000, 0x00000000aa300000, 0x00000000aa300000|100%| S|CS|TAMS 0x00000000aa200000, 0x00000000aa200000| Complete 
| 163|0x00000000aa300000, 0x00000000aa300000, 0x00000000aa400000|  0%| F|  |TAMS 0x00000000aa300000, 0x00000000aa300000| Untracked 
| 164|0x00000000aa400000, 0x00000000aa400000, 0x00000000aa500000|  0%| F|  |TAMS 0x00000000aa400000, 0x00000000aa400000| Untracked 
| 165|0x00000000aa500000, 0x00000000aa500000, 0x00000000aa600000|  0%| F|  |TAMS 0x00000000aa500000, 0x00000000aa500000| Untracked 
| 166|0x00000000aa600000, 0x00000000aa600000, 0x00000000aa700000|  0%| F|  |TAMS 0x00000000aa600000, 0x00000000aa600000| Untracked 
| 167|0x00000000aa700000, 0x00000000aa700000, 0x00000000aa800000|  0%| F|  |TAMS 0x00000000aa700000, 0x00000000aa700000| Untracked 
| 168|0x00000000aa800000, 0x00000000aa800000, 0x00000000aa900000|  0%| F|  |TAMS 0x00000000aa800000, 0x00000000aa800000| Untracked 
| 169|0x00000000aa900000, 0x00000000aa900000, 0x00000000aaa00000|  0%| F|  |TAMS 0x00000000aa900000, 0x00000000aa900000| Untracked 
| 170|0x00000000aaa00000, 0x00000000aaa00000, 0x00000000aab00000|  0%| F|  |TAMS 0x00000000aaa00000, 0x00000000aaa00000| Untracked 
| 171|0x00000000aab00000, 0x00000000aab00000, 0x00000000aac00000|  0%| F|  |TAMS 0x00000000aab00000, 0x00000000aab00000| Untracked 
| 172|0x00000000aac00000, 0x00000000aac00000, 0x00000000aad00000|  0%| F|  |TAMS 0x00000000aac00000, 0x00000000aac00000| Untracked 
| 173|0x00000000aad00000, 0x00000000aad00000, 0x00000000aae00000|  0%| F|  |TAMS 0x00000000aad00000, 0x00000000aad00000| Untracked 
| 174|0x00000000aae00000, 0x00000000aae00000, 0x00000000aaf00000|  0%| F|  |TAMS 0x00000000aae00000, 0x00000000aae00000| Untracked 
| 175|0x00000000aaf00000, 0x00000000aaf00000, 0x00000000ab000000|  0%| F|  |TAMS 0x00000000aaf00000, 0x00000000aaf00000| Untracked 
| 176|0x00000000ab000000, 0x00000000ab000000, 0x00000000ab100000|  0%| F|  |TAMS 0x00000000ab000000, 0x00000000ab000000| Untracked 
| 177|0x00000000ab100000, 0x00000000ab100000, 0x00000000ab200000|  0%| F|  |TAMS 0x00000000ab100000, 0x00000000ab100000| Untracked 
| 178|0x00000000ab200000, 0x00000000ab200000, 0x00000000ab300000|  0%| F|  |TAMS 0x00000000ab200000, 0x00000000ab200000| Untracked 
| 179|0x00000000ab300000, 0x00000000ab300000, 0x00000000ab400000|  0%| F|  |TAMS 0x00000000ab300000, 0x00000000ab300000| Untracked 
| 180|0x00000000ab400000, 0x00000000ab400000, 0x00000000ab500000|  0%| F|  |TAMS 0x00000000ab400000, 0x00000000ab400000| Untracked 
| 181|0x00000000ab500000, 0x00000000ab500000, 0x00000000ab600000|  0%| F|  |TAMS 0x00000000ab500000, 0x00000000ab500000| Untracked 
| 182|0x00000000ab600000, 0x00000000ab600000, 0x00000000ab700000|  0%| F|  |TAMS 0x00000000ab600000, 0x00000000ab600000| Untracked 
| 183|0x00000000ab700000, 0x00000000ab700000, 0x00000000ab800000|  0%| F|  |TAMS 0x00000000ab700000, 0x00000000ab700000| Untracked 
| 184|0x00000000ab800000, 0x00000000ab800000, 0x00000000ab900000|  0%| F|  |TAMS 0x00000000ab800000, 0x00000000ab800000| Untracked 
| 185|0x00000000ab900000, 0x00000000ab900000, 0x00000000aba00000|  0%| F|  |TAMS 0x00000000ab900000, 0x00000000ab900000| Untracked 
| 186|0x00000000aba00000, 0x00000000aba00000, 0x00000000abb00000|  0%| F|  |TAMS 0x00000000aba00000, 0x00000000aba00000| Untracked 
| 187|0x00000000abb00000, 0x00000000abb00000, 0x00000000abc00000|  0%| F|  |TAMS 0x00000000abb00000, 0x00000000abb00000| Untracked 
| 188|0x00000000abc00000, 0x00000000abc00000, 0x00000000abd00000|  0%| F|  |TAMS 0x00000000abc00000, 0x00000000abc00000| Untracked 
| 189|0x00000000abd00000, 0x00000000abd00000, 0x00000000abe00000|  0%| F|  |TAMS 0x00000000abd00000, 0x00000000abd00000| Untracked 
| 190|0x00000000abe00000, 0x00000000abe00000, 0x00000000abf00000|  0%| F|  |TAMS 0x00000000abe00000, 0x00000000abe00000| Untracked 
| 191|0x00000000abf00000, 0x00000000abf00000, 0x00000000ac000000|  0%| F|  |TAMS 0x00000000abf00000, 0x00000000abf00000| Untracked 
| 192|0x00000000ac000000, 0x00000000ac000000, 0x00000000ac100000|  0%| F|  |TAMS 0x00000000ac000000, 0x00000000ac000000| Untracked 
| 193|0x00000000ac100000, 0x00000000ac100000, 0x00000000ac200000|  0%| F|  |TAMS 0x00000000ac100000, 0x00000000ac100000| Untracked 
| 194|0x00000000ac200000, 0x00000000ac200000, 0x00000000ac300000|  0%| F|  |TAMS 0x00000000ac200000, 0x00000000ac200000| Untracked 
| 195|0x00000000ac300000, 0x00000000ac300000, 0x00000000ac400000|  0%| F|  |TAMS 0x00000000ac300000, 0x00000000ac300000| Untracked 
| 196|0x00000000ac400000, 0x00000000ac400000, 0x00000000ac500000|  0%| F|  |TAMS 0x00000000ac400000, 0x00000000ac400000| Untracked 
| 197|0x00000000ac500000, 0x00000000ac500000, 0x00000000ac600000|  0%| F|  |TAMS 0x00000000ac500000, 0x00000000ac500000| Untracked 
| 198|0x00000000ac600000, 0x00000000ac600000, 0x00000000ac700000|  0%| F|  |TAMS 0x00000000ac600000, 0x00000000ac600000| Untracked 
| 199|0x00000000ac700000, 0x00000000ac700000, 0x00000000ac800000|  0%| F|  |TAMS 0x00000000ac700000, 0x00000000ac700000| Untracked 
| 200|0x00000000ac800000, 0x00000000ac800000, 0x00000000ac900000|  0%| F|  |TAMS 0x00000000ac800000, 0x00000000ac800000| Untracked 
| 201|0x00000000ac900000, 0x00000000ac900000, 0x00000000aca00000|  0%| F|  |TAMS 0x00000000ac900000, 0x00000000ac900000| Untracked 
| 202|0x00000000aca00000, 0x00000000aca00000, 0x00000000acb00000|  0%| F|  |TAMS 0x00000000aca00000, 0x00000000aca00000| Untracked 
| 203|0x00000000acb00000, 0x00000000acb00000, 0x00000000acc00000|  0%| F|  |TAMS 0x00000000acb00000, 0x00000000acb00000| Untracked 
| 204|0x00000000acc00000, 0x00000000acc00000, 0x00000000acd00000|  0%| F|  |TAMS 0x00000000acc00000, 0x00000000acc00000| Untracked 
| 205|0x00000000acd00000, 0x00000000acd00000, 0x00000000ace00000|  0%| F|  |TAMS 0x00000000acd00000, 0x00000000acd00000| Untracked 
| 206|0x00000000ace00000, 0x00000000ace00000, 0x00000000acf00000|  0%| F|  |TAMS 0x00000000ace00000, 0x00000000ace00000| Untracked 
| 207|0x00000000acf00000, 0x00000000acf00000, 0x00000000ad000000|  0%| F|  |TAMS 0x00000000acf00000, 0x00000000acf00000| Untracked 
| 208|0x00000000ad000000, 0x00000000ad000000, 0x00000000ad100000|  0%| F|  |TAMS 0x00000000ad000000, 0x00000000ad000000| Untracked 
| 209|0x00000000ad100000, 0x00000000ad100000, 0x00000000ad200000|  0%| F|  |TAMS 0x00000000ad100000, 0x00000000ad100000| Untracked 
| 210|0x00000000ad200000, 0x00000000ad200000, 0x00000000ad300000|  0%| F|  |TAMS 0x00000000ad200000, 0x00000000ad200000| Untracked 
| 211|0x00000000ad300000, 0x00000000ad300000, 0x00000000ad400000|  0%| F|  |TAMS 0x00000000ad300000, 0x00000000ad300000| Untracked 
| 212|0x00000000ad400000, 0x00000000ad400000, 0x00000000ad500000|  0%| F|  |TAMS 0x00000000ad400000, 0x00000000ad400000| Untracked 
| 213|0x00000000ad500000, 0x00000000ad500000, 0x00000000ad600000|  0%| F|  |TAMS 0x00000000ad500000, 0x00000000ad500000| Untracked 
| 214|0x00000000ad600000, 0x00000000ad600000, 0x00000000ad700000|  0%| F|  |TAMS 0x00000000ad600000, 0x00000000ad600000| Untracked 
| 215|0x00000000ad700000, 0x00000000ad700000, 0x00000000ad800000|  0%| F|  |TAMS 0x00000000ad700000, 0x00000000ad700000| Untracked 
| 216|0x00000000ad800000, 0x00000000ad800000, 0x00000000ad900000|  0%| F|  |TAMS 0x00000000ad800000, 0x00000000ad800000| Untracked 
| 217|0x00000000ad900000, 0x00000000ad900000, 0x00000000ada00000|  0%| F|  |TAMS 0x00000000ad900000, 0x00000000ad900000| Untracked 
| 218|0x00000000ada00000, 0x00000000ada00000, 0x00000000adb00000|  0%| F|  |TAMS 0x00000000ada00000, 0x00000000ada00000| Untracked 
| 219|0x00000000adb00000, 0x00000000adb00000, 0x00000000adc00000|  0%| F|  |TAMS 0x00000000adb00000, 0x00000000adb00000| Untracked 
| 220|0x00000000adc00000, 0x00000000adc00000, 0x00000000add00000|  0%| F|  |TAMS 0x00000000adc00000, 0x00000000adc00000| Untracked 
| 221|0x00000000add00000, 0x00000000add00000, 0x00000000ade00000|  0%| F|  |TAMS 0x00000000add00000, 0x00000000add00000| Untracked 
| 222|0x00000000ade00000, 0x00000000ade00000, 0x00000000adf00000|  0%| F|  |TAMS 0x00000000ade00000, 0x00000000ade00000| Untracked 
| 223|0x00000000adf00000, 0x00000000adf00000, 0x00000000ae000000|  0%| F|  |TAMS 0x00000000adf00000, 0x00000000adf00000| Untracked 
| 224|0x00000000ae000000, 0x00000000ae000000, 0x00000000ae100000|  0%| F|  |TAMS 0x00000000ae000000, 0x00000000ae000000| Untracked 
| 225|0x00000000ae100000, 0x00000000ae100000, 0x00000000ae200000|  0%| F|  |TAMS 0x00000000ae100000, 0x00000000ae100000| Untracked 
| 226|0x00000000ae200000, 0x00000000ae200000, 0x00000000ae300000|  0%| F|  |TAMS 0x00000000ae200000, 0x00000000ae200000| Untracked 
| 227|0x00000000ae300000, 0x00000000ae300000, 0x00000000ae400000|  0%| F|  |TAMS 0x00000000ae300000, 0x00000000ae300000| Untracked 
| 228|0x00000000ae400000, 0x00000000ae400000, 0x00000000ae500000|  0%| F|  |TAMS 0x00000000ae400000, 0x00000000ae400000| Untracked 
| 229|0x00000000ae500000, 0x00000000ae500000, 0x00000000ae600000|  0%| F|  |TAMS 0x00000000ae500000, 0x00000000ae500000| Untracked 
| 230|0x00000000ae600000, 0x00000000ae61de38, 0x00000000ae700000| 11%| E|  |TAMS 0x00000000ae600000, 0x00000000ae600000| Complete 
| 231|0x00000000ae700000, 0x00000000ae800000, 0x00000000ae800000|100%| E|CS|TAMS 0x00000000ae700000, 0x00000000ae700000| Complete 
| 232|0x00000000ae800000, 0x00000000ae900000, 0x00000000ae900000|100%| E|CS|TAMS 0x00000000ae800000, 0x00000000ae800000| Complete 
| 233|0x00000000ae900000, 0x00000000aea00000, 0x00000000aea00000|100%| E|CS|TAMS 0x00000000ae900000, 0x00000000ae900000| Complete 
| 234|0x00000000aea00000, 0x00000000aeb00000, 0x00000000aeb00000|100%| E|CS|TAMS 0x00000000aea00000, 0x00000000aea00000| Complete 
| 235|0x00000000aeb00000, 0x00000000aec00000, 0x00000000aec00000|100%| E|CS|TAMS 0x00000000aeb00000, 0x00000000aeb00000| Complete 
| 236|0x00000000aec00000, 0x00000000aed00000, 0x00000000aed00000|100%| E|CS|TAMS 0x00000000aec00000, 0x00000000aec00000| Complete 
| 237|0x00000000aed00000, 0x00000000aee00000, 0x00000000aee00000|100%| E|CS|TAMS 0x00000000aed00000, 0x00000000aed00000| Complete 
| 238|0x00000000aee00000, 0x00000000aef00000, 0x00000000aef00000|100%| E|CS|TAMS 0x00000000aee00000, 0x00000000aee00000| Complete 
| 239|0x00000000aef00000, 0x00000000af000000, 0x00000000af000000|100%| E|CS|TAMS 0x00000000aef00000, 0x00000000aef00000| Complete 
| 240|0x00000000af000000, 0x00000000af100000, 0x00000000af100000|100%| E|CS|TAMS 0x00000000af000000, 0x00000000af000000| Complete 
| 241|0x00000000af100000, 0x00000000af200000, 0x00000000af200000|100%| E|CS|TAMS 0x00000000af100000, 0x00000000af100000| Complete 
| 242|0x00000000af200000, 0x00000000af300000, 0x00000000af300000|100%| E|CS|TAMS 0x00000000af200000, 0x00000000af200000| Complete 
| 243|0x00000000af300000, 0x00000000af400000, 0x00000000af400000|100%| E|CS|TAMS 0x00000000af300000, 0x00000000af300000| Complete 
| 244|0x00000000af400000, 0x00000000af500000, 0x00000000af500000|100%| E|CS|TAMS 0x00000000af400000, 0x00000000af400000| Complete 
| 245|0x00000000af500000, 0x00000000af600000, 0x00000000af600000|100%| E|CS|TAMS 0x00000000af500000, 0x00000000af500000| Complete 
| 246|0x00000000af600000, 0x00000000af700000, 0x00000000af700000|100%| E|CS|TAMS 0x00000000af600000, 0x00000000af600000| Complete 
| 247|0x00000000af700000, 0x00000000af800000, 0x00000000af800000|100%| E|CS|TAMS 0x00000000af700000, 0x00000000af700000| Complete 
| 248|0x00000000af800000, 0x00000000af900000, 0x00000000af900000|100%| E|CS|TAMS 0x00000000af800000, 0x00000000af800000| Complete 
| 249|0x00000000af900000, 0x00000000afa00000, 0x00000000afa00000|100%| E|CS|TAMS 0x00000000af900000, 0x00000000af900000| Complete 
| 250|0x00000000afa00000, 0x00000000afb00000, 0x00000000afb00000|100%| E|CS|TAMS 0x00000000afa00000, 0x00000000afa00000| Complete 
| 251|0x00000000afb00000, 0x00000000afc00000, 0x00000000afc00000|100%| E|  |TAMS 0x00000000afb00000, 0x00000000afb00000| Complete 
| 252|0x00000000afc00000, 0x00000000afd00000, 0x00000000afd00000|100%| E|CS|TAMS 0x00000000afc00000, 0x00000000afc00000| Complete 
| 253|0x00000000afd00000, 0x00000000afe00000, 0x00000000afe00000|100%| E|CS|TAMS 0x00000000afd00000, 0x00000000afd00000| Complete 

Card table byte_map: [0x000000ff70d50000,0x000000ff71050000] _byte_map_base: 0x000000ff70850000

Marking Bits (Prev, Next): (CMBitMap*) 0x000000ff5dd91b80, (CMBitMap*) 0x000000ff5dd91b48
 Prev Bits: [0x000000ff72b50000, 0x000000ff74350000)
 Next Bits: [0x000000ff71350000, 0x000000ff72b50000)

Polling page: 0x000000ff5d450000

Metaspace:

Usage:
  Non-class:     68.74 MB capacity,    67.05 MB ( 98%) used,     1.49 MB (  2%) free+waste,   205.31 KB ( <1%) overhead. 
      Class:     11.00 MB capacity,    10.11 MB ( 92%) used,   812.53 KB (  7%) free+waste,    96.44 KB ( <1%) overhead. 
       Both:     79.74 MB capacity,    77.16 MB ( 97%) used,     2.28 MB (  3%) free+waste,   301.75 KB ( <1%) overhead. 

Virtual space:
  Non-class space:       70.00 MB reserved,      68.91 MB ( 98%) committed 
      Class space:        1.00 GB reserved,      11.07 MB (  1%) committed 
             Both:        1.07 GB reserved,      79.98 MB (  7%) committed 

Chunk freelists:
   Non-Class:  0 bytes
       Class:  3.00 KB
        Both:  3.00 KB

MaxMetaspaceSize: 17179869184.00 GB
CompressedClassSpaceSize: 1.00 GB

CodeHeap 'non-profiled nmethods': size=120064Kb used=6272Kb max_used=6272Kb free=113791Kb
 bounds [0x000000ff692f0000, 0x000000ff69920000, 0x000000ff70830000]
CodeHeap 'profiled nmethods': size=120000Kb used=22136Kb max_used=22136Kb free=97863Kb
 bounds [0x000000ff61dc0000, 0x000000ff63360000, 0x000000ff692f0000]
CodeHeap 'non-nmethods': size=5696Kb used=2261Kb max_used=2323Kb free=3434Kb
 bounds [0x000000ff61830000, 0x000000ff61aa0000, 0x000000ff61dc0000]
 total_blobs=10671 nmethods=9820 adapters=762
 compilation: enabled
              stopped_count=0, restarted_count=0
 full_count=0

Compilation events (20 events):
Event: 82.662 Thread 0x000000ff77652800 nmethod 9872 0x000000ff6335a710 code [0x000000ff6335a8e0, 0x000000ff6335aad8]
Event: 82.662 Thread 0x000000ff77652800 9873   !   3       java.io.PrintStream::write (66 bytes)
Event: 82.663 Thread 0x000000ff77652800 nmethod 9873 0x000000ff6335ac10 code [0x000000ff6335ae40, 0x000000ff6335b598]
Event: 83.647 Thread 0x000000ff77652800 9874       3       java.util.stream.ReferencePipeline::findFirst (12 bytes)
Event: 83.647 Thread 0x000000ff77652800 nmethod 9874 0x000000ff6335b890 code [0x000000ff6335ba60, 0x000000ff6335bd08]
Event: 83.647 Thread 0x000000ff77652800 9875       3       java.util.stream.FindOps::makeRef (14 bytes)
Event: 83.647 Thread 0x000000ff77652800 nmethod 9875 0x000000ff6335be10 code [0x000000ff6335bfc0, 0x000000ff6335c118]
Event: 83.647 Thread 0x000000ff77652800 9876       3       java.util.stream.FindOps$FindSink$OfRef::get (5 bytes)
Event: 83.648 Thread 0x000000ff77652800 nmethod 9876 0x000000ff6335c190 code [0x000000ff6335c380, 0x000000ff6335c868]
Event: 85.315 Thread 0x000000ff77652800 9877       3       java.util.concurrent.atomic.AtomicLong::compareAndSet (13 bytes)
Event: 85.315 Thread 0x000000ff77652800 nmethod 9877 0x000000ff6335ca10 code [0x000000ff6335cbc0, 0x000000ff6335ccd8]
Event: 85.359 Thread 0x000000ff77652800 9878       1       org.gradle.cache.internal.DefaultFileLockManager$DefaultFileLock::access$300 (5 bytes)
Event: 85.359 Thread 0x000000ff77652800 nmethod 9878 0x000000ff6990fd90 code [0x000000ff6990ff40, 0x000000ff6990ffd8]
Event: 85.359 Thread 0x000000ff77652800 9879       3       org.gradle.launcher.daemon.registry.PersistentDaemonRegistry$1::isSatisfiedBy (9 bytes)
Event: 85.360 Thread 0x000000ff77652800 nmethod 9879 0x000000ff6335cd90 code [0x000000ff6335cf60, 0x000000ff6335d258]
Event: 85.360 Thread 0x000000ff77652800 9880       3       org.gradle.launcher.daemon.registry.PersistentDaemonRegistry$1::isSatisfiedBy (16 bytes)
Event: 85.360 Thread 0x000000ff77652800 nmethod 9880 0x000000ff6335d390 code [0x000000ff6335d540, 0x000000ff6335d6d8]
Event: 85.361 Thread 0x000000ff77652800 9881       3       java.io.File::toString (5 bytes)
Event: 85.361 Thread 0x000000ff77652800 nmethod 9881 0x000000ff6335d790 code [0x000000ff6335d940, 0x000000ff6335dad8]
Event: 93.647 Thread 0x000000ff77646000 9882       4       javax.management.ObjectName::construct (1135 bytes)

GC Heap History (20 events):
Event: 6.191 GC heap before
{Heap before GC invocations=3 (full 0):
 garbage-first heap   total 260096K, used 52739K [0x00000000a0000000, 0x0000000100000000)
  region size 1024K, 43 young (44032K), 4 survivors (4096K)
 Metaspace       used 18193K, capacity 18591K, committed 18816K, reserved 1064960K
  class space    used 2184K, capacity 2308K, committed 2432K, reserved 1048576K
}
Event: 6.200 GC heap after
{Heap after GC invocations=4 (full 0):
 garbage-first heap   total 260096K, used 15578K [0x00000000a0000000, 0x0000000100000000)
  region size 1024K, 3 young (3072K), 3 survivors (3072K)
 Metaspace       used 18193K, capacity 18591K, committed 18816K, reserved 1064960K
  class space    used 2184K, capacity 2308K, committed 2432K, reserved 1048576K
}
Event: 7.127 GC heap before
{Heap before GC invocations=4 (full 0):
 garbage-first heap   total 260096K, used 30938K [0x00000000a0000000, 0x0000000100000000)
  region size 1024K, 19 young (19456K), 3 survivors (3072K)
 Metaspace       used 20552K, capacity 21071K, committed 21248K, reserved 1067008K
  class space    used 2520K, capacity 2693K, committed 2816K, reserved 1048576K
}
Event: 7.133 GC heap after
{Heap after GC invocations=5 (full 0):
 garbage-first heap   total 260096K, used 16027K [0x00000000a0000000, 0x0000000100000000)
  region size 1024K, 4 young (4096K), 4 survivors (4096K)
 Metaspace       used 20552K, capacity 21071K, committed 21248K, reserved 1067008K
  class space    used 2520K, capacity 2693K, committed 2816K, reserved 1048576K
}
Event: 9.414 GC heap before
{Heap before GC invocations=6 (full 0):
 garbage-first heap   total 260096K, used 70299K [0x00000000a0000000, 0x0000000100000000)
  region size 1024K, 57 young (58368K), 4 survivors (4096K)
 Metaspace       used 26303K, capacity 26882K, committed 27008K, reserved 1073152K
  class space    used 3435K, capacity 3635K, committed 3712K, reserved 1048576K
}
Event: 9.424 GC heap after
{Heap after GC invocations=7 (full 0):
 garbage-first heap   total 260096K, used 18161K [0x00000000a0000000, 0x0000000100000000)
  region size 1024K, 6 young (6144K), 6 survivors (6144K)
 Metaspace       used 26303K, capacity 26882K, committed 27008K, reserved 1073152K
  class space    used 3435K, capacity 3635K, committed 3712K, reserved 1048576K
}
Event: 11.881 GC heap before
{Heap before GC invocations=7 (full 0):
 garbage-first heap   total 260096K, used 70385K [0x00000000a0000000, 0x0000000100000000)
  region size 1024K, 55 young (56320K), 6 survivors (6144K)
 Metaspace       used 35028K, capacity 35731K, committed 35840K, reserved 1081344K
  class space    used 4512K, capacity 4775K, committed 4864K, reserved 1048576K
}
Event: 11.896 GC heap after
{Heap after GC invocations=8 (full 0):
 garbage-first heap   total 260096K, used 23512K [0x00000000a0000000, 0x0000000100000000)
  region size 1024K, 9 young (9216K), 9 survivors (9216K)
 Metaspace       used 35028K, capacity 35731K, committed 35840K, reserved 1081344K
  class space    used 4512K, capacity 4775K, committed 4864K, reserved 1048576K
}
Event: 17.639 GC heap before
{Heap before GC invocations=9 (full 0):
 garbage-first heap   total 260096K, used 158680K [0x00000000a0000000, 0x0000000100000000)
  region size 1024K, 141 young (144384K), 9 survivors (9216K)
 Metaspace       used 44186K, capacity 45203K, committed 45440K, reserved 1089536K
  class space    used 5649K, capacity 6009K, committed 6016K, reserved 1048576K
}
Event: 17.675 GC heap after
{Heap after GC invocations=10 (full 0):
 garbage-first heap   total 260096K, used 28352K [0x00000000a0000000, 0x0000000100000000)
  region size 1024K, 16 young (16384K), 16 survivors (16384K)
 Metaspace       used 44186K, capacity 45203K, committed 45440K, reserved 1089536K
  class space    used 5649K, capacity 6009K, committed 6016K, reserved 1048576K
}
Event: 25.316 GC heap before
{Heap before GC invocations=11 (full 0):
 garbage-first heap   total 260096K, used 173760K [0x00000000a0000000, 0x0000000100000000)
  region size 1024K, 152 young (155648K), 16 survivors (16384K)
 Metaspace       used 57212K, capacity 58568K, committed 58752K, reserved 1099776K
  class space    used 7241K, capacity 7699K, committed 7808K, reserved 1048576K
}
Event: 25.356 GC heap after
{Heap after GC invocations=12 (full 0):
 garbage-first heap   total 260096K, used 45606K [0x00000000a0000000, 0x0000000100000000)
  region size 1024K, 18 young (18432K), 18 survivors (18432K)
 Metaspace       used 57212K, capacity 58568K, committed 58752K, reserved 1099776K
  class space    used 7241K, capacity 7699K, committed 7808K, reserved 1048576K
}
Event: 31.289 GC heap before
{Heap before GC invocations=12 (full 0):
 garbage-first heap   total 260096K, used 182822K [0x00000000a0000000, 0x0000000100000000)
  region size 1024K, 152 young (155648K), 18 survivors (18432K)
 Metaspace       used 65990K, capacity 67672K, committed 67968K, reserved 1107968K
  class space    used 8481K, capacity 9044K, committed 9088K, reserved 1048576K
}
Event: 31.330 GC heap after
{Heap after GC invocations=13 (full 0):
 garbage-first heap   total 260096K, used 55578K [0x00000000a0000000, 0x0000000100000000)
  region size 1024K, 10 young (10240K), 10 survivors (10240K)
 Metaspace       used 65990K, capacity 67672K, committed 67968K, reserved 1107968K
  class space    used 8481K, capacity 9044K, committed 9088K, reserved 1048576K
}
Event: 40.006 GC heap before
{Heap before GC invocations=13 (full 0):
 garbage-first heap   total 260096K, used 198938K [0x00000000a0000000, 0x0000000100000000)
  region size 1024K, 147 young (150528K), 10 survivors (10240K)
 Metaspace       used 71067K, capacity 73433K, committed 73600K, reserved 1112064K
  class space    used 9213K, capacity 10008K, committed 10112K, reserved 1048576K
}
Event: 40.050 GC heap after
{Heap after GC invocations=14 (full 0):
 garbage-first heap   total 260096K, used 75264K [0x00000000a0000000, 0x0000000100000000)
  region size 1024K, 19 young (19456K), 19 survivors (19456K)
 Metaspace       used 71067K, capacity 73433K, committed 73600K, reserved 1112064K
  class space    used 9213K, capacity 10008K, committed 10112K, reserved 1048576K
}
Event: 43.651 GC heap before
{Heap before GC invocations=14 (full 0):
 garbage-first heap   total 260096K, used 130560K [0x00000000a0000000, 0x0000000100000000)
  region size 1024K, 69 young (70656K), 19 survivors (19456K)
 Metaspace       used 73090K, capacity 75590K, committed 75648K, reserved 1114112K
  class space    used 9455K, capacity 10324K, committed 10368K, reserved 1048576K
}
Event: 43.746 GC heap after
{Heap after GC invocations=15 (full 0):
 garbage-first heap   total 260096K, used 90624K [0x00000000a0000000, 0x0000000100000000)
  region size 1024K, 9 young (9216K), 9 survivors (9216K)
 Metaspace       used 73090K, capacity 75590K, committed 75648K, reserved 1114112K
  class space    used 9455K, capacity 10324K, committed 10368K, reserved 1048576K
}
Event: 47.623 GC heap before
{Heap before GC invocations=16 (full 0):
 garbage-first heap   total 260096K, used 174592K [0x00000000a0000000, 0x0000000100000000)
  region size 1024K, 91 young (93184K), 9 survivors (9216K)
 Metaspace       used 78170K, capacity 80702K, committed 81008K, reserved 1120256K
  class space    used 10208K, capacity 11094K, committed 11212K, reserved 1048576K
}
Event: 47.655 GC heap after
{Heap after GC invocations=17 (full 0):
 garbage-first heap   total 260096K, used 99656K [0x00000000a0000000, 0x0000000100000000)
  region size 1024K, 9 young (9216K), 9 survivors (9216K)
 Metaspace       used 78170K, capacity 80702K, committed 81008K, reserved 1120256K
  class space    used 10208K, capacity 11094K, committed 11212K, reserved 1048576K
}

Deoptimization events (20 events):
Event: 48.548 Thread 0x000000ff79d3d800 Uncommon trap: trap_request=0xffffff4d fr.pc=0x000000ff69744804 relative=0x0000000000000ca4
Event: 48.548 Thread 0x000000ff79d3d800 Uncommon trap: reason=unstable_if action=reinterpret pc=0x000000ff69744804 method=org.gradle.internal.snapshot.VfsRelativePath.compareToFirstSegment(Ljava/lang/String;Lorg/gradle/internal/snapshot/CaseSensitivity;)I @ 134 c2
Event: 48.548 Thread 0x000000ff79d3d800 DEOPT PACKING pc=0x000000ff69744804 sp=0x000000ff7cac7940
Event: 48.548 Thread 0x000000ff79d3d800 DEOPT UNPACKING pc=0x000000ff618565af sp=0x000000ff7cac78c0 mode 2
Event: 48.603 Thread 0x000000ff79d3d800 DEOPT PACKING pc=0x000000ff6303b594 sp=0x000000ff7cac8100
Event: 48.603 Thread 0x000000ff79d3d800 DEOPT UNPACKING pc=0x000000ff61856d5e sp=0x000000ff7cac74c0 mode 0
Event: 48.686 Thread 0x000000ff79d3d800 DEOPT PACKING pc=0x000000ff62a6be4a sp=0x000000ff7cac6c50
Event: 48.686 Thread 0x000000ff79d3d800 DEOPT UNPACKING pc=0x000000ff61856d5e sp=0x000000ff7cac60b0 mode 0
Event: 82.588 Thread 0x000000ff0bb87000 Uncommon trap: trap_request=0xffffff4d fr.pc=0x000000ff69846454 relative=0x00000000000003f4
Event: 82.588 Thread 0x000000ff0bb87000 Uncommon trap: reason=unstable_if action=reinterpret pc=0x000000ff69846454 method=org.gradle.internal.logging.text.AbstractLineChoppingStyledTextOutput$2.execute(Lorg/gradle/internal/logging/text/AbstractLineChoppingStyledTextOutput$StateContext;)V @ 30 c
Event: 82.588 Thread 0x000000ff0bb87000 DEOPT PACKING pc=0x000000ff69846454 sp=0x000000ff0e55e0f0
Event: 82.588 Thread 0x000000ff0bb87000 DEOPT UNPACKING pc=0x000000ff618565af sp=0x000000ff0e55df78 mode 2
Event: 82.589 Thread 0x000000ff0bb87000 Uncommon trap: trap_request=0xffffff4d fr.pc=0x000000ff698470c0 relative=0x00000000000003e0
Event: 82.589 Thread 0x000000ff0bb87000 Uncommon trap: reason=unstable_if action=reinterpret pc=0x000000ff698470c0 method=org.gradle.internal.logging.text.AbstractLineChoppingStyledTextOutput$2.execute(Lorg/gradle/internal/logging/text/AbstractLineChoppingStyledTextOutput$StateContext;)V @ 30 c
Event: 82.589 Thread 0x000000ff0bb87000 DEOPT PACKING pc=0x000000ff698470c0 sp=0x000000ff0e55e080
Event: 82.589 Thread 0x000000ff0bb87000 DEOPT UNPACKING pc=0x000000ff618565af sp=0x000000ff0e55df80 mode 2
Event: 82.660 Thread 0x000000ff0bb87000 Uncommon trap: trap_request=0xffffff4d fr.pc=0x000000ff6984b2b8 relative=0x00000000000002d8
Event: 82.660 Thread 0x000000ff0bb87000 Uncommon trap: reason=unstable_if action=reinterpret pc=0x000000ff6984b2b8 method=org.gradle.internal.logging.text.AbstractLineChoppingStyledTextOutput$2.execute(Lorg/gradle/internal/logging/text/AbstractLineChoppingStyledTextOutput$StateContext;)V @ 30 c
Event: 82.660 Thread 0x000000ff0bb87000 DEOPT PACKING pc=0x000000ff6984b2b8 sp=0x000000ff0e55e040
Event: 82.660 Thread 0x000000ff0bb87000 DEOPT UNPACKING pc=0x000000ff618565af sp=0x000000ff0e55dfa8 mode 2

Classes redefined (0 events):
No events

Internal exceptions (20 events):
Event: 48.576 Thread 0x000000ff79d3d800 Exception <a 'java/lang/NoSuchMethodError'{0x00000000aee9cc28}: 'void java.lang.invoke.DirectMethodHandle$Holder.invokeVirtual(java.lang.Object, java.lang.Object)'> (0x00000000aee9cc28) thrown at [./src/hotspot/share/interpreter/linkResolver.cpp, line 773]
Event: 48.695 Thread 0x000000ff79d3d800 Exception <a 'java/lang/ClassNotFoundException'{0x00000000aec5a7c8}: org/gradle/process/internal/DefaultExecAction_DecoratedBeanInfo> (0x00000000aec5a7c8) thrown at [./src/hotspot/share/classfile/systemDictionary.cpp, line 231]
Event: 48.696 Thread 0x000000ff79d3d800 Exception <a 'java/lang/ClassNotFoundException'{0x00000000aec85608}: org/gradle/process/internal/DefaultExecActionBeanInfo> (0x00000000aec85608) thrown at [./src/hotspot/share/classfile/systemDictionary.cpp, line 231]
Event: 48.700 Thread 0x000000ff79d3d800 Exception <a 'java/lang/ClassNotFoundException'{0x00000000aecb2148}: org/gradle/process/internal/DefaultExecHandleBuilderBeanInfo> (0x00000000aecb2148) thrown at [./src/hotspot/share/classfile/systemDictionary.cpp, line 231]
Event: 48.702 Thread 0x000000ff79d3d800 Exception <a 'java/lang/ClassNotFoundException'{0x00000000aecdecd8}: org/gradle/process/internal/AbstractExecHandleBuilderBeanInfo> (0x00000000aecdecd8) thrown at [./src/hotspot/share/classfile/systemDictionary.cpp, line 231]
Event: 48.706 Thread 0x000000ff79d3d800 Exception <a 'java/lang/ClassNotFoundException'{0x00000000aeb0bda0}: org/gradle/process/internal/DefaultProcessForkOptionsBeanInfo> (0x00000000aeb0bda0) thrown at [./src/hotspot/share/classfile/systemDictionary.cpp, line 231]
Event: 48.708 Thread 0x000000ff79d3d800 Exception <a 'java/lang/ClassNotFoundException'{0x00000000aeb38a98}: org/gradle/process/internal/DefaultProcessForkOptionsCustomizer> (0x00000000aeb38a98) thrown at [./src/hotspot/share/classfile/systemDictionary.cpp, line 231]
Event: 48.710 Thread 0x000000ff79d3d800 Exception <a 'java/lang/ClassNotFoundException'{0x00000000aeb71810}: org/gradle/process/internal/AbstractExecHandleBuilderCustomizer> (0x00000000aeb71810) thrown at [./src/hotspot/share/classfile/systemDictionary.cpp, line 231]
Event: 48.712 Thread 0x000000ff79d3d800 Exception <a 'java/lang/ClassNotFoundException'{0x00000000aebb0248}: org/gradle/process/internal/DefaultExecHandleBuilderCustomizer> (0x00000000aebb0248) thrown at [./src/hotspot/share/classfile/systemDictionary.cpp, line 231]
Event: 48.716 Thread 0x000000ff79d3d800 Exception <a 'java/lang/ClassNotFoundException'{0x00000000aea074e8}: org/gradle/process/internal/DefaultExecActionCustomizer> (0x00000000aea074e8) thrown at [./src/hotspot/share/classfile/systemDictionary.cpp, line 231]
Event: 48.717 Thread 0x000000ff79d3d800 Exception <a 'java/lang/ClassNotFoundException'{0x00000000aea3e0a8}: org/gradle/process/internal/DefaultExecAction_DecoratedCustomizer> (0x00000000aea3e0a8) thrown at [./src/hotspot/share/classfile/systemDictionary.cpp, line 231]
Event: 48.726 Thread 0x000000ff79d3d800 Exception <a 'java/lang/ClassNotFoundException'{0x00000000aea8ece8}: org/gradle/api/logging/LogLevelBeanInfo> (0x00000000aea8ece8) thrown at [./src/hotspot/share/classfile/systemDictionary.cpp, line 231]
Event: 48.727 Thread 0x000000ff79d3d800 Exception <a 'java/lang/ClassNotFoundException'{0x00000000aeab4de8}: org/gradle/api/logging/LogLevelCustomizer> (0x00000000aeab4de8) thrown at [./src/hotspot/share/classfile/systemDictionary.cpp, line 231]
Event: 48.732 Thread 0x000000ff79d3d800 Exception <a 'java/lang/ClassNotFoundException'{0x00000000ae917bb8}: org/gradle/internal/logging/compatbridge/LoggingManagerInternalCompatibilityBridgeBeanInfo> (0x00000000ae917bb8) thrown at [./src/hotspot/share/classfile/systemDictionary.cpp, line 231]
Event: 48.734 Thread 0x000000ff79d3d800 Exception <a 'java/lang/ClassNotFoundException'{0x00000000ae94c5e0}: org/gradle/internal/logging/compatbridge/LoggingManagerInternalCompatibilityBridgeCustomizer> (0x00000000ae94c5e0) thrown at [./src/hotspot/share/classfile/systemDictionary.cpp, line 231]
Event: 48.806 Thread 0x000000ff00505000 Exception <a 'java/lang/NoSuchMethodError'{0x00000000ae80cde0}: 'void java.lang.invoke.DirectMethodHandle$Holder.invokeStatic(java.lang.Object, long)'> (0x00000000ae80cde0) thrown at [./src/hotspot/share/interpreter/linkResolver.cpp, line 773]
Event: 48.807 Thread 0x000000ff00505000 Exception <a 'java/lang/NoSuchMethodError'{0x00000000ae812238}: 'java.lang.Object java.lang.invoke.DirectMethodHandle$Holder.invokeStatic(java.lang.Object, long)'> (0x00000000ae812238) thrown at [./src/hotspot/share/interpreter/linkResolver.cpp, line 773]
Event: 48.810 Thread 0x000000ff00505000 Exception <a 'java/lang/NoSuchMethodError'{0x00000000ae8207f0}: 'java.lang.Object java.lang.invoke.DirectMethodHandle$Holder.invokeStaticInit(java.lang.Object, java.lang.Object, long, java.lang.Object)'> (0x00000000ae8207f0) thrown at [./src/hotspot/share/interpreter/linkResolver.cpp, line 773]
Event: 48.811 Thread 0x000000ff00505000 Exception <a 'java/lang/NoSuchMethodError'{0x00000000ae8269a0}: 'java.lang.Object java.lang.invoke.DirectMethodHandle$Holder.invokeStatic(java.lang.Object, java.lang.Object, long)'> (0x00000000ae8269a0) thrown at [./src/hotspot/share/interpreter/linkResolver.cpp, line 773]
Event: 48.812 Thread 0x000000ff00505000 Exception <a 'java/lang/NoSuchMethodError'{0x00000000ae82ced8}: 'java.lang.Object java.lang.invoke.Invokers$Holder.linkToTargetMethod(java.lang.Object, long, java.lang.Object)'> (0x00000000ae82ced8) thrown at [./src/hotspot/share/interpreter/linkResolver.cpp, line 773]

Events (20 events):
Event: 48.788 loading class net/rubygrapefruit/platform/internal/jni/WindowsHandleFunctions done
Event: 48.788 Executing VM operation: RevokeBias
Event: 48.788 Executing VM operation: RevokeBias done
Event: 48.788 Executing VM operation: RevokeBias
Event: 48.789 Executing VM operation: RevokeBias done
Event: 48.789 loading class java/lang/ProcessImpl
Event: 48.790 loading class java/lang/ProcessImpl done
Event: 48.808 loading class java/lang/ProcessHandleImpl
Event: 48.808 loading class java/lang/ProcessHandleImpl done
Event: 48.813 loading class java/lang/ProcessImpl$2
Event: 48.813 loading class java/lang/ProcessImpl$2 done
Event: 48.813 loading class java/lang/Process$PipeInputStream
Event: 48.813 loading class java/lang/Process$PipeInputStream done
Event: 48.813 Executing VM operation: Deoptimize
Event: 48.815 Executing VM operation: Deoptimize done
Event: 48.816 loading class org/gradle/process/internal/streams/ExecOutputHandleRunner
Event: 48.816 loading class org/gradle/process/internal/streams/ExecOutputHandleRunner done
Event: 48.819 Thread 0x000000ff0bb87000 Thread added: 0x000000ff0bb87000
Event: 48.819 Thread 0x000000ff0bb82000 Thread added: 0x000000ff0bb82000
Event: 53.819 Thread 0x000000ff008e3800 Thread exited: 0x000000ff008e3800


Dynamic libraries:
0x000007f6ec090000 - 0x000007f6ec09a000 	C:\Program Files\Android\Android Studio\jre\bin\java.exe
0x000007ffca0c0000 - 0x000007ffca27e000 	C:\Windows\SYSTEM32\ntdll.dll
0x000007ffc9f80000 - 0x000007ffca0b6000 	C:\Windows\system32\KERNEL32.DLL
0x000007ffc70b0000 - 0x000007ffc71a3000 	C:\Windows\system32\KERNELBASE.dll
0x000007ffb6d40000 - 0x000007ffb6d59000 	C:\Program Files\Android\Android Studio\jre\bin\jli.dll
0x000007ffc2170000 - 0x000007ffc2187000 	C:\Program Files\Android\Android Studio\jre\bin\VCRUNTIME140.dll
0x000007ffc4be0000 - 0x000007ffc4be4000 	C:\Windows\SYSTEM32\api-ms-win-crt-stdio-l1-1-0.dll
0x000007ffc2160000 - 0x000007ffc2164000 	C:\Windows\SYSTEM32\api-ms-win-crt-runtime-l1-1-0.dll
0x000007ffc2140000 - 0x000007ffc2143000 	C:\Windows\SYSTEM32\api-ms-win-crt-environment-l1-1-0.dll
0x000007ffc2100000 - 0x000007ffc2105000 	C:\Windows\SYSTEM32\api-ms-win-crt-math-l1-1-0.dll
0x000007ffc1ee0000 - 0x000007ffc1ee3000 	C:\Windows\SYSTEM32\api-ms-win-crt-locale-l1-1-0.dll
0x000007ffc20d0000 - 0x000007ffc20d3000 	C:\Windows\SYSTEM32\api-ms-win-crt-heap-l1-1-0.dll
0x000007ffc4f70000 - 0x000007ffc51d9000 	C:\Windows\WinSxS\amd64_microsoft.windows.common-controls_6595b64144ccf1df_6.0.9200.16384_none_418c2a697189c07f\COMCTL32.dll
0x000007ffc7e80000 - 0x000007ffc7fcc000 	C:\Windows\system32\USER32.dll
0x000007ffc20f0000 - 0x000007ffc20f3000 	C:\Windows\SYSTEM32\api-ms-win-crt-filesystem-l1-1-0.dll
0x000007ffc40d0000 - 0x000007ffc40d4000 	C:\Windows\SYSTEM32\api-ms-win-crt-string-l1-1-0.dll
0x000007ffc2150000 - 0x000007ffc2154000 	C:\Windows\SYSTEM32\api-ms-win-crt-convert-l1-1-0.dll
0x000007ffc7b70000 - 0x000007ffc7c15000 	C:\Windows\system32\msvcrt.dll
0x000007ffc7520000 - 0x000007ffc7660000 	C:\Windows\system32\GDI32.dll
0x000007ffc1060000 - 0x000007ffc1152000 	C:\Windows\SYSTEM32\ucrtbase.DLL
0x000007ffc7c30000 - 0x000007ffc7c69000 	C:\Windows\system32\IMM32.DLL
0x000007ffc8820000 - 0x000007ffc8935000 	C:\Windows\system32\MSCTF.dll
0x000007ffc6f30000 - 0x000007ffc6f70000 	C:\Windows\system32\nvinitx.dll
0x000007ffc84b0000 - 0x000007ffc858e000 	C:\Windows\system32\ADVAPI32.dll
0x000007ffc9e40000 - 0x000007ffc9e88000 	C:\Windows\SYSTEM32\sechost.dll
0x000007ffc8210000 - 0x000007ffc8350000 	C:\Windows\system32\RPCRT4.dll
0x000007ffc1440000 - 0x000007ffc14dd000 	C:\Program Files\Android\Android Studio\jre\bin\msvcp140.dll
0x000007ffc1ed0000 - 0x000007ffc1ed5000 	C:\Windows\SYSTEM32\api-ms-win-crt-multibyte-l1-1-0.dll
0x000007ffc20e0000 - 0x000007ffc20e3000 	C:\Windows\SYSTEM32\api-ms-win-crt-time-l1-1-0.dll
0x000007ffc2130000 - 0x000007ffc2133000 	C:\Windows\SYSTEM32\api-ms-win-crt-utility-l1-1-0.dll
0x000007ffb0400000 - 0x000007ffb0ed5000 	C:\Program Files\Android\Android Studio\jre\bin\server\jvm.dll
0x000007ffc4bf0000 - 0x000007ffc4bf9000 	C:\Windows\SYSTEM32\WSOCK32.dll
0x000007ffc39c0000 - 0x000007ffc39e0000 	C:\Windows\SYSTEM32\WINMM.dll
0x000007ffc3a40000 - 0x000007ffc3a49000 	C:\Windows\SYSTEM32\VERSION.dll
0x000007ffc9e90000 - 0x000007ffc9e97000 	C:\Windows\system32\PSAPI.DLL
0x000007ffc9c30000 - 0x000007ffc9c88000 	C:\Windows\system32\WS2_32.dll
0x000007ffc35d0000 - 0x000007ffc3602000 	C:\Windows\SYSTEM32\WINMMBASE.dll
0x000007ffc9f70000 - 0x000007ffc9f79000 	C:\Windows\system32\NSI.dll
0x000007ffc20b0000 - 0x000007ffc20c1000 	C:\Program Files\Android\Android Studio\jre\bin\verify.dll
0x000007ffc0000000 - 0x000007ffc0163000 	C:\Windows\SYSTEM32\DBGHELP.DLL
0x000007ffc2080000 - 0x000007ffc20a9000 	C:\Program Files\Android\Android Studio\jre\bin\java.dll
0x000007ffc2050000 - 0x000007ffc205b000 	C:\Program Files\Android\Android Studio\jre\bin\jimage.dll
0x000007ffc2030000 - 0x000007ffc2048000 	C:\Program Files\Android\Android Studio\jre\bin\zip.dll
0x000007ffc8940000 - 0x000007ffc9c28000 	C:\Windows\system32\SHELL32.dll
0x000007ffc9c90000 - 0x000007ffc9e40000 	C:\Windows\SYSTEM32\combase.dll
0x000007ffc8590000 - 0x000007ffc85e0000 	C:\Windows\system32\SHLWAPI.dll
0x000007ffc6100000 - 0x000007ffc6196000 	C:\Windows\SYSTEM32\SHCORE.dll
0x000007ffc6f80000 - 0x000007ffc6f95000 	C:\Windows\SYSTEM32\profapi.dll
0x000007ffc2010000 - 0x000007ffc202a000 	C:\Program Files\Android\Android Studio\jre\bin\net.dll
0x000007ffc0220000 - 0x000007ffc02d1000 	C:\Windows\SYSTEM32\WINHTTP.dll
0x000007ffc6790000 - 0x000007ffc67ec000 	C:\Windows\system32\mswsock.dll
0x000007ffc1fa0000 - 0x000007ffc1fb4000 	C:\Program Files\Android\Android Studio\jre\bin\nio.dll
0x000007ffb6420000 - 0x000007ffb6446000 	C:\Users\Alchemist\.gradle\native\fdc75f09e3144964f2cf3f50f0aa648679c211496f362492102eb8c894070792\windows-amd64\native-platform.dll
0x000007ffaec80000 - 0x000007ffaee11000 	C:\Users\Alchemist\.gradle\native\12488b8bf47d2d4c9fbf2f6322a914ad602e24e48041cd04a747c6da556b65c4\windows-amd64\native-platform-file-events.dll
0x000007ffc2000000 - 0x000007ffc200a000 	C:\Program Files\Android\Android Studio\jre\bin\management.dll
0x000007ffc1f90000 - 0x000007ffc1f9d000 	C:\Program Files\Android\Android Studio\jre\bin\management_ext.dll
0x000007ffc67f0000 - 0x000007ffc680a000 	C:\Windows\SYSTEM32\CRYPTSP.dll
0x000007ffc6470000 - 0x000007ffc64b9000 	C:\Windows\system32\rsaenh.dll
0x000007ffc6570000 - 0x000007ffc658f000 	C:\Windows\SYSTEM32\USERENV.dll
0x000007ffc6d80000 - 0x000007ffc6d8a000 	C:\Windows\SYSTEM32\CRYPTBASE.dll
0x000007ffc6d20000 - 0x000007ffc6d7c000 	C:\Windows\SYSTEM32\bcryptPrimitives.dll
0x000007ffc4040000 - 0x000007ffc406a000 	C:\Windows\SYSTEM32\IPHLPAPI.DLL
0x000007ffc4020000 - 0x000007ffc402a000 	C:\Windows\SYSTEM32\WINNSI.DLL
0x000007ffc3a20000 - 0x000007ffc3a33000 	C:\Windows\SYSTEM32\dhcpcsvc6.DLL
0x000007ffc3bd0000 - 0x000007ffc3be8000 	C:\Windows\SYSTEM32\dhcpcsvc.DLL

dbghelp: loaded successfully - version: 4.0.5 - missing functions: none
symbol engine: initialized successfully - sym options: 0x614 - pdb path: .;C:\Program Files\Android\Android Studio\jre\bin;C:\Windows\SYSTEM32;C:\Windows\WinSxS\amd64_microsoft.windows.common-controls_6595b64144ccf1df_6.0.9200.16384_none_418c2a697189c07f;C:\Program Files\Android\Android Studio\jre\bin\server;C:\Users\Alchemist\.gradle\native\fdc75f09e3144964f2cf3f50f0aa648679c211496f362492102eb8c894070792\windows-amd64;C:\Users\Alchemist\.gradle\native\12488b8bf47d2d4c9fbf2f6322a914ad602e24e48041cd04a747c6da556b65c4\windows-amd64

VM Arguments:
jvm_args: --add-opens=java.base/java.util=ALL-UNNAMED --add-opens=java.base/java.lang=ALL-UNNAMED --add-opens=java.base/java.lang.invoke=ALL-UNNAMED --add-opens=java.prefs/java.util.prefs=ALL-UNNAMED -Xmx1536M -Dfile.encoding=windows-1251 -Duser.country=RU -Duser.language=ru -Duser.variant 
java_command: org.gradle.launcher.daemon.bootstrap.GradleDaemon 6.7
java_class_path (initial): C:\Users\Alchemist\.gradle\wrapper\dists\gradle-6.7-all\cuy9mc7upwgwgeb72wkcrupxe\gradle-6.7\lib\gradle-launcher-6.7.jar
Launcher Type: SUN_STANDARD

[Global flags]
     intx CICompilerCount                          = 3                                         {product} {ergonomic}
     uint ConcGCThreads                            = 1                                         {product} {ergonomic}
     uint G1ConcRefinementThreads                  = 4                                         {product} {ergonomic}
   size_t G1HeapRegionSize                         = 1048576                                   {product} {ergonomic}
    uintx GCDrainStackTargetSize                   = 64                                        {product} {ergonomic}
   size_t InitialHeapSize                          = 266338304                                 {product} {ergonomic}
   size_t MarkStackSize                            = 4194304                                   {product} {ergonomic}
   size_t MaxHeapSize                              = 1610612736                                {product} {command line}
   size_t MaxNewSize                               = 965738496                                 {product} {ergonomic}
   size_t MinHeapDeltaBytes                        = 1048576                                   {product} {ergonomic}
    uintx NonNMethodCodeHeapSize                   = 5830732                                {pd product} {ergonomic}
    uintx NonProfiledCodeHeapSize                  = 122913754                              {pd product} {ergonomic}
    uintx ProfiledCodeHeapSize                     = 122913754                              {pd product} {ergonomic}
    uintx ReservedCodeCacheSize                    = 251658240                              {pd product} {ergonomic}
     bool SegmentedCodeCache                       = true                                      {product} {ergonomic}
     bool UseCompressedClassPointers               = true                                 {lp64_product} {ergonomic}
     bool UseCompressedOops                        = true                                 {lp64_product} {ergonomic}
     bool UseG1GC                                  = true                                      {product} {ergonomic}
     bool UseLargePagesIndividualAllocation        = false                                  {pd product} {ergonomic}

Logging:
Log output configuration:
 #0: stdout all=warning uptime,level,tags
 #1: stderr all=off uptime,level,tags

Environment Variables:
JAVA_HOME=C:\Program Files\Android\Android Studio\jre
CLASSPATH=C:\job\StudioProjects\data_collector2\android\\gradle\wrapper\gradle-wrapper.jar
PATH=C:\Program Files\Zulu\zulu-15\bin\;C:\Program Files\Common Files\Oracle\Java\javapath;C:\Program Files (x86)\Common Files\Oracle\Java\javapath;C:\Program Files (x86)\NVIDIA Corporation\PhysX\Common;C:\Program Files (x86)\Intel\iCLS Client\;C:\Program Files\Intel\iCLS Client\;C:\Windows\system32;C:\Windows;C:\Windows\System32\Wbem;C:\Windows\System32\WindowsPowerShell\v1.0\;C:\Program Files (x86)\Intel\OpenCL SDK\2.0\bin\x86;C:\Program Files (x86)\Intel\OpenCL SDK\2.0\bin\x64;C:\Program Files\Intel\Intel(R) Management Engine Components\DAL;C:\Program Files\Intel\Intel(R) Management Engine Components\IPT;C:\Program Files (x86)\Intel\Intel(R) Management Engine Components\DAL;C:\Program Files (x86)\Intel\Intel(R) Management Engine Components\IPT;C:\Program Files (x86)\Python36-32;C:\Program Files (x86)\Python36-32\scripts;C:\Program Files\Git\cmd;C:\job\flutter\bin;C:\Users\Alchemist\AppData\Local\Programs\Python\Python36-32\Scripts\;C:\Users\Alchemist\AppData\Local\Programs\Python\Python36-32\;C:\Users\Alchemist\AppData\Local\Programs\Microsoft VS Code\bin;C:\Users\Alchemist\AppData\Local\Programs\MiKTeX 2.9\miktex\bin\x64\;C:\dart-sdk\bin;C:\job\flutter\bin\mingit\cmd
USERNAME=Alchemist
OS=Windows_NT
PROCESSOR_IDENTIFIER=Intel64 Family 6 Model 58 Stepping 9, GenuineIntel



---------------  S Y S T E M  ---------------

OS: Windows 8 , 64 bit Build 9200 (6.2.9200.16384)
OS uptime: 17 days 11:30 hours

CPU:total 4 (initial active 4) (2 cores per cpu, 2 threads per core) family 6 model 58 stepping 9 microcode 0x15, cmov, cx8, fxsr, mmx, sse, sse2, sse3, ssse3, sse4.1, sse4.2, popcnt, avx, clmul, erms, ht, tsc, tscinvbit, tscinv

Memory: 4k page, system-wide physical 16202M (2212M free)
TotalPageFile size 16202M (AvailPageFile size 152M)
current process WorkingSet (physical memory assigned to process): 483M, peak: 512M
current process commit charge ("private bytes"): 526M, peak: 551M

vm_info: OpenJDK 64-Bit Server VM (11.0.11+9-b60-7590822) for windows-amd64 JRE (11.0.11+9-b60-7590822), built on Jul 29 2021 21:43:44 by "builder" with MS VC++ 14.0 (VS2015)

END.
