#
# There is insufficient memory for the Java Runtime Environment to continue.
# Native memory allocation (malloc) failed to allocate 32744 bytes for ChunkPool::allocate
# Possible reasons:
#   The system is out of physical RAM or swap space
#   The process is running with CompressedOops enabled, and the Java Heap may be blocking the growth of the native heap
# Possible solutions:
#   Reduce memory load on the system
#   Increase physical memory or swap space
#   Check if swap backing store is full
#   Decrease Java heap size (-Xmx/-Xms)
#   Decrease number of Java threads
#   Decrease Java thread stack sizes (-Xss)
#   Set larger code cache with -XX:ReservedCodeCacheSize=
#   JVM is running with Unscaled Compressed Oops mode in which the Java heap is
#     placed in the first 4GB address space. The Java Heap base address is the
#     maximum limit for the native heap growth. Please use -XX:HeapBaseMinAddress
#     to set the Java Heap base and to place the Java Heap above 4GB virtual address.
# This output file may be truncated or incomplete.
#
#  Out of Memory Error (./src/hotspot/share/memory/arena.cpp:81), pid=9544, tid=10588
#
# JRE version: OpenJDK Runtime Environment (11.0.11+9) (build 11.0.11+9-b60-7590822)
# Java VM: OpenJDK 64-Bit Server VM (11.0.11+9-b60-7590822, mixed mode, tiered, compressed oops, g1 gc, windows-amd64)
# No core dump will be written. Minidumps are not enabled by default on client versions of Windows
#

---------------  S U M M A R Y ------------

Command Line: --add-opens=java.base/java.util=ALL-UNNAMED --add-opens=java.base/java.lang=ALL-UNNAMED --add-opens=java.base/java.lang.invoke=ALL-UNNAMED --add-opens=java.prefs/java.util.prefs=ALL-UNNAMED -Xmx1536M -Dfile.encoding=windows-1251 -Duser.country=RU -Duser.language=ru -Duser.variant org.gradle.launcher.daemon.bootstrap.GradleDaemon 6.7

Host: Intel(R) Core(TM) i3-3120M CPU @ 2.50GHz, 4 cores, 15G,  Windows 8 , 64 bit Build 9200 (6.2.9200.16384)
Time: Tue Jan 10 20:11:08 2023 Naaa?iay Oaio?. Acey (ceia) elapsed time: 83.603850 seconds (0d 0h 1m 23s)

---------------  T H R E A D  ---------------

Current thread (0x000000ec7fa09800):  VMThread "VM Thread" [stack: 0x000000ec7fde0000,0x000000ec7fee0000] [id=10588] _threads_hazard_ptr=0x000000ec17f9ecb0

Stack: [0x000000ec7fde0000,0x000000ec7fee0000]
[error occurred during error reporting (printing stack bounds), id 0xc0000005, EXCEPTION_ACCESS_VIOLATION (0xc0000005) at pc=0x000000ec00000f2d]


[error occurred during error reporting (printing native stack), id 0xc00000fd, EXCEPTION_STACK_OVERFLOW (0xc00000fd) at pc=0x000007fabcbe4dc7]

VM_Operation (0x000000ec1e12f4f0): BulkRevokeBias, mode: safepoint, requested by thread 0x000000ec7fd9e000


---------------  P R O C E S S  ---------------

Threads class SMR info:
_java_thread_list=0x000000ec17f9ecb0, length=136, elements={
0x000000ec7a9a8800, 0x000000ec7fa2e800, 0x000000ec7fa30000, 0x000000ec7fa8f800,
0x000000ec7fa90800, 0x000000ec7fa92000, 0x000000ec7fa98000, 0x000000ec7faa1000,
0x000000ec7faab000, 0x000000ec7fbfa800, 0x000000ec1697b800, 0x000000ec156de000,
0x000000ec17708800, 0x000000ec16952800, 0x000000ec16c32000, 0x000000ec16c34800,
0x000000ec16cac000, 0x000000ec16b68800, 0x000000ec16b72800, 0x000000ec16da0800,
0x000000ec16d9e000, 0x000000ec16d9f000, 0x000000ec16da0000, 0x000000ec17cdd000,
0x000000ec17cdd800, 0x000000ec17cd8800, 0x000000ec17cdf800, 0x000000ec17cd9800,
0x000000ec17cda800, 0x000000ec17cde800, 0x000000ec1771f000, 0x000000ec1771f800,
0x000000ec17720800, 0x000000ec1771e000, 0x000000ec17724000, 0x000000ec17723000,
0x000000ec7fd9e000, 0x000000ec7fda2800, 0x000000ec7fd9f800, 0x000000ec7fda0000,
0x000000ec7fd9d000, 0x000000ec1a95f000, 0x000000ec1a961800, 0x000000ec1a962800,
0x000000ec1a964800, 0x000000ec1a960000, 0x000000ec7fd5a800, 0x000000ec7fd5a000,
0x000000ec7fd59000, 0x000000ec7fd57800, 0x000000ec1761f000, 0x000000ec1761b800,
0x000000ec1761b000, 0x000000ec1761e000, 0x000000ec17620000, 0x000000ec1761a000,
0x000000ec1799e800, 0x000000ec1799f800, 0x000000ec179a3800, 0x000000ec1799e000,
0x000000ec179a2800, 0x000000ec179a0800, 0x000000ec179a4800, 0x000000ec179a1000,
0x000000ec175aa000, 0x000000ec175a6800, 0x000000ec175a7800, 0x000000ec175aa800,
0x000000ec175a8000, 0x000000ec175ad000, 0x000000ec175a9000, 0x000000ec175ab800,
0x000000ec175ac800, 0x000000ec1a611800, 0x000000ec1a612800, 0x000000ec1a610000,
0x000000ec1a610800, 0x000000ec1a60c000, 0x000000ec1a60c800, 0x000000ec1a60d800,
0x000000ec1a60f000, 0x000000ec1a60e000, 0x000000ec17925800, 0x000000ec17927000,
0x000000ec1792a800, 0x000000ec17928000, 0x000000ec17926000, 0x000000ec1791d000,
0x000000ec17920800, 0x000000ec1791c800, 0x000000ec17922000, 0x000000ec1791e000,
0x000000ec17929800, 0x000000ec1791f000, 0x000000ec17921800, 0x000000ec17923000,
0x000000ec17923800, 0x000000ec17924800, 0x000000ec17928800, 0x000000ec1792b000,
0x000000ec1791f800, 0x000000ec1cb07800, 0x000000ec1cb09800, 0x000000ec1cb01800,
0x000000ec1cb02800, 0x000000ec1cb03000, 0x000000ec1cb05000, 0x000000ec1cb06800,
0x000000ec1cb04000, 0x000000ec1cb00800, 0x000000ec1cb0a800, 0x000000ec1cafe800,
0x000000ec1cb0b800, 0x000000ec1cb0c000, 0x000000ec1cb05800, 0x000000ec1cb0d000,
0x000000ec1caff000, 0x000000ec1cb08000, 0x000000ec1cb00000, 0x000000ec1cb09000,
0x000000ec1a39a000, 0x000000ec1a393800, 0x000000ec1a391000, 0x000000ec1a39f000,
0x000000ec1a394800, 0x000000ec1a395000, 0x000000ec1a392000, 0x000000ec1a39b800,
0x000000ec1a392800, 0x000000ec1a39d800, 0x000000ec1a396000, 0x000000ec1a39b000,
0x000000ec1a39e000, 0x000000ec1a39c800, 0x000000ec1a397000, 0x000000ec1a398800
}

Java Threads: ( => current thread )
  0x000000ec7a9a8800 JavaThread "main" [_thread_blocked, id=3580, stack(0x000000ec79fc0000,0x000000ec7a0c0000)]
  0x000000ec7fa2e800 JavaThread "Reference Handler" daemon [_thread_blocked, id=2104, stack(0x000000ec7fee0000,0x000000ec7ffe0000)]
  0x000000ec7fa30000 JavaThread "Finalizer" daemon [_thread_blocked, id=12156, stack(0x000000ec14800000,0x000000ec14900000)]
  0x000000ec7fa8f800 JavaThread "Signal Dispatcher" daemon [_thread_blocked, id=5636, stack(0x000000ec14c00000,0x000000ec14d00000)]
  0x000000ec7fa90800 JavaThread "Attach Listener" daemon [_thread_blocked, id=8912, stack(0x000000ec14d00000,0x000000ec14e00000)]
  0x000000ec7fa92000 JavaThread "Service Thread" daemon [_thread_blocked, id=5540, stack(0x000000ec14e00000,0x000000ec14f00000)]
  0x000000ec7fa98000 JavaThread "C2 CompilerThread0" daemon [_thread_blocked, id=10148, stack(0x000000ec14f00000,0x000000ec15000000)]
  0x000000ec7faa1000 JavaThread "C1 CompilerThread0" daemon [_thread_blocked, id=8292, stack(0x000000ec15000000,0x000000ec15100000)]
  0x000000ec7faab000 JavaThread "Sweeper thread" daemon [_thread_blocked, id=5924, stack(0x000000ec15100000,0x000000ec15200000)]
  0x000000ec7fbfa800 JavaThread "Common-Cleaner" daemon [_thread_blocked, id=10744, stack(0x000000ec15200000,0x000000ec15300000)]
  0x000000ec1697b800 JavaThread "Daemon health stats" [_thread_blocked, id=10284, stack(0x000000ec15d00000,0x000000ec15e00000)]
  0x000000ec156de000 JavaThread "Incoming local TCP Connector on port 54561" [_thread_in_native, id=5008, stack(0x000000ec189c0000,0x000000ec18ac0000)]
  0x000000ec17708800 JavaThread "Daemon periodic checks" [_thread_blocked, id=10912, stack(0x000000ec18e80000,0x000000ec18f80000)]
  0x000000ec16952800 JavaThread "Daemon" [_thread_blocked, id=8960, stack(0x000000ec19180000,0x000000ec19280000)]
  0x000000ec16c32000 JavaThread "Handler for socket connection from /127.0.0.1:54561 to /127.0.0.1:54562" [_thread_in_native, id=7124, stack(0x000000ec19280000,0x000000ec19380000)]
  0x000000ec16c34800 JavaThread "Cancel handler" [_thread_blocked, id=8100, stack(0x000000ec19480000,0x000000ec19580000)]
  0x000000ec16cac000 JavaThread "Daemon worker" [_thread_blocked, id=4440, stack(0x000000ec19580000,0x000000ec19680000)]
  0x000000ec16b68800 JavaThread "Asynchronous log dispatcher for DefaultDaemonConnection: socket connection from /127.0.0.1:54561 to /127.0.0.1:54562" [_thread_blocked, id=4364, stack(0x000000ec19680000,0x000000ec19780000)]
  0x000000ec16b72800 JavaThread "Stdin handler" [_thread_blocked, id=9508, stack(0x000000ec19780000,0x000000ec19880000)]
  0x000000ec16da0800 JavaThread "Thread-8" [_thread_blocked, id=11012, stack(0x000000ec19880000,0x000000ec19980000)]
  0x000000ec16d9e000 JavaThread "Cache worker for file hash cache (C:\Users\Alchemist\.gradle\caches\6.7\fileHashes)" [_thread_blocked, id=10104, stack(0x000000ec19b80000,0x000000ec19c80000)]
  0x000000ec16d9f000 JavaThread "File lock request listener" [_thread_in_native, id=12036, stack(0x000000ec19c80000,0x000000ec19d80000)]
  0x000000ec16da0000 JavaThread "Cache worker for journal cache (C:\Users\Alchemist\.gradle\caches\journal-1)" [_thread_blocked, id=8264, stack(0x000000ec19d80000,0x000000ec19e80000)]
  0x000000ec17cdd000 JavaThread "Cache worker for file hash cache (C:\job\StudioProjects\data_collector2\android\.gradle\6.7\fileHashes)" [_thread_blocked, id=9516, stack(0x000000ec1a280000,0x000000ec1a380000)]
  0x000000ec17cdd800 JavaThread "Cache worker for checksums cache (C:\job\StudioProjects\data_collector2\android\.gradle\checksums)" [_thread_blocked, id=12112, stack(0x000000ec1b560000,0x000000ec1b660000)]
  0x000000ec17cd8800 JavaThread "Cache worker for cache directory md-supplier (C:\Users\Alchemist\.gradle\caches\6.7\md-supplier)" [_thread_blocked, id=11592, stack(0x000000ec1b660000,0x000000ec1b760000)]
  0x000000ec17cdf800 JavaThread "Cache worker for cache directory md-rule (C:\Users\Alchemist\.gradle\caches\6.7\md-rule)" [_thread_blocked, id=9340, stack(0x000000ec1b760000,0x000000ec1b860000)]
  0x000000ec17cd9800 JavaThread "Cache worker for execution history cache (C:\Users\Alchemist\.gradle\caches\6.7\executionHistory)" [_thread_blocked, id=10232, stack(0x000000ec1b860000,0x000000ec1b960000)]
  0x000000ec17cda800 JavaThread "jar transforms" [_thread_blocked, id=10824, stack(0x000000ec1bf60000,0x000000ec1c060000)]
  0x000000ec17cde800 JavaThread "Cache worker for file content cache (C:\Users\Alchemist\.gradle\caches\6.7\fileContent)" [_thread_blocked, id=11312, stack(0x000000ec1c260000,0x000000ec1c360000)]
  0x000000ec1771f000 JavaThread "Cache worker for Build Output Cleanup Cache (C:\job\StudioProjects\data_collector2\android\.gradle\buildOutputCleanup)" [_thread_blocked, id=5292, stack(0x000000ec1c360000,0x000000ec1c460000)]
  0x000000ec1771f800 JavaThread "Build operations" [_thread_blocked, id=7988, stack(0x000000ec1da30000,0x000000ec1db30000)]
  0x000000ec17720800 JavaThread "Build operations Thread 2" [_thread_blocked, id=10844, stack(0x000000ec1db30000,0x000000ec1dc30000)]
  0x000000ec1771e000 JavaThread "Build operations Thread 3" [_thread_blocked, id=7688, stack(0x000000ec1dc30000,0x000000ec1dd30000)]
  0x000000ec17724000 JavaThread "Build operations Thread 4" [_thread_blocked, id=4144, stack(0x000000ec1dd30000,0x000000ec1de30000)]
  0x000000ec17723000 JavaThread "jar transforms Thread 3" [_thread_blocked, id=9136, stack(0x000000ec1df30000,0x000000ec1e030000)]
  0x000000ec7fd9e000 JavaThread "jar transforms Thread 4" [_thread_blocked, id=7720, stack(0x000000ec1e030000,0x000000ec1e130000)]
  0x000000ec7fda2800 JavaThread "jar transforms Thread 5" [_thread_blocked, id=9372, stack(0x000000ec1e130000,0x000000ec1e230000)]
  0x000000ec7fd9f800 JavaThread "jar transforms Thread 7" [_thread_blocked, id=8776, stack(0x000000ec1e330000,0x000000ec1e430000)]
  0x000000ec7fda0000 JavaThread "jar transforms Thread 9" [_thread_blocked, id=3652, stack(0x000000ec1e530000,0x000000ec1e630000)]
  0x000000ec7fd9d000 JavaThread "jar transforms Thread 11" [_thread_blocked, id=10680, stack(0x000000ec1e730000,0x000000ec1e830000)]
  0x000000ec1a95f000 JavaThread "jar transforms Thread 13" [_thread_blocked, id=9392, stack(0x000000ec1e930000,0x000000ec1ea30000)]
  0x000000ec1a961800 JavaThread "jar transforms Thread 15" [_thread_blocked, id=11280, stack(0x000000ec1eb30000,0x000000ec1ec30000)]
  0x000000ec1a962800 JavaThread "jar transforms Thread 17" [_thread_blocked, id=1672, stack(0x000000ec1ed30000,0x000000ec1ee30000)]
  0x000000ec1a964800 JavaThread "jar transforms Thread 19" [_thread_blocked, id=2308, stack(0x000000ec1ef30000,0x000000ec1f030000)]
  0x000000ec1a960000 JavaThread "jar transforms Thread 21" [_thread_blocked, id=6924, stack(0x000000ec1f130000,0x000000ec1f230000)]
  0x000000ec7fd5a800 JavaThread "jar transforms Thread 23" [_thread_blocked, id=3024, stack(0x000000ec1f330000,0x000000ec1f430000)]
  0x000000ec7fd5a000 JavaThread "jar transforms Thread 25" [_thread_blocked, id=6784, stack(0x000000ec1f530000,0x000000ec1f630000)]
  0x000000ec7fd59000 JavaThread "jar transforms Thread 27" [_thread_blocked, id=7528, stack(0x000000ec1f730000,0x000000ec1f830000)]
  0x000000ec7fd57800 JavaThread "jar transforms Thread 29" [_thread_blocked, id=10032, stack(0x000000ec1f930000,0x000000ec1fa30000)]
  0x000000ec1761f000 JavaThread "jar transforms Thread 31" [_thread_blocked, id=9732, stack(0x000000ec1fb30000,0x000000ec1fc30000)]
  0x000000ec1761b800 JavaThread "jar transforms Thread 33" [_thread_blocked, id=9292, stack(0x000000ec1fd30000,0x000000ec1fe30000)]
  0x000000ec1761b000 JavaThread "jar transforms Thread 35" [_thread_blocked, id=6428, stack(0x000000ec1ff30000,0x000000ec20030000)]
  0x000000ec1761e000 JavaThread "jar transforms Thread 36" [_thread_blocked, id=408, stack(0x000000ec20030000,0x000000ec20130000)]
  0x000000ec17620000 JavaThread "jar transforms Thread 37" [_thread_blocked, id=12032, stack(0x000000ec20130000,0x000000ec20230000)]
  0x000000ec1761a000 JavaThread "jar transforms Thread 39" [_thread_blocked, id=7568, stack(0x000000ec20330000,0x000000ec20430000)]
  0x000000ec1799e800 JavaThread "jar transforms Thread 40" [_thread_blocked, id=7736, stack(0x000000ec20430000,0x000000ec20530000)]
  0x000000ec1799f800 JavaThread "jar transforms Thread 41" [_thread_blocked, id=9132, stack(0x000000ec20530000,0x000000ec20630000)]
  0x000000ec179a3800 JavaThread "jar transforms Thread 43" [_thread_blocked, id=9992, stack(0x000000ec20730000,0x000000ec20830000)]
  0x000000ec1799e000 JavaThread "jar transforms Thread 44" [_thread_blocked, id=6464, stack(0x000000ec20830000,0x000000ec20930000)]
  0x000000ec179a2800 JavaThread "jar transforms Thread 45" [_thread_blocked, id=7612, stack(0x000000ec20930000,0x000000ec20a30000)]
  0x000000ec179a0800 JavaThread "jar transforms Thread 46" [_thread_blocked, id=5576, stack(0x000000ec20a30000,0x000000ec20b30000)]
  0x000000ec179a4800 JavaThread "jar transforms Thread 47" [_thread_blocked, id=9420, stack(0x000000ec20b30000,0x000000ec20c30000)]
  0x000000ec179a1000 JavaThread "jar transforms Thread 48" [_thread_blocked, id=5368, stack(0x000000ec20c30000,0x000000ec20d30000)]
  0x000000ec175aa000 JavaThread "jar transforms Thread 49" [_thread_blocked, id=9456, stack(0x000000ec20d30000,0x000000ec20e30000)]
  0x000000ec175a6800 JavaThread "jar transforms Thread 50" [_thread_blocked, id=4152, stack(0x000000ec20e30000,0x000000ec20f30000)]
  0x000000ec175a7800 JavaThread "jar transforms Thread 51" [_thread_blocked, id=5036, stack(0x000000ec20f30000,0x000000ec21030000)]
  0x000000ec175aa800 JavaThread "jar transforms Thread 52" [_thread_blocked, id=11680, stack(0x000000ec21030000,0x000000ec21130000)]
  0x000000ec175a8000 JavaThread "jar transforms Thread 53" [_thread_blocked, id=8596, stack(0x000000ec21130000,0x000000ec21230000)]
  0x000000ec175ad000 JavaThread "jar transforms Thread 54" [_thread_blocked, id=11988, stack(0x000000ec21430000,0x000000ec21530000)]
  0x000000ec175a9000 JavaThread "jar transforms Thread 55" [_thread_blocked, id=824, stack(0x000000ec21530000,0x000000ec21630000)]
  0x000000ec175ab800 JavaThread "jar transforms Thread 56" [_thread_blocked, id=3068, stack(0x000000ec21630000,0x000000ec21730000)]
  0x000000ec175ac800 JavaThread "jar transforms Thread 57" [_thread_blocked, id=656, stack(0x000000ec21730000,0x000000ec21830000)]
  0x000000ec1a611800 JavaThread "jar transforms Thread 58" [_thread_blocked, id=10644, stack(0x000000ec21830000,0x000000ec21930000)]
  0x000000ec1a612800 JavaThread "jar transforms Thread 59" [_thread_blocked, id=11920, stack(0x000000ec21930000,0x000000ec21a30000)]
  0x000000ec1a610000 JavaThread "jar transforms Thread 60" [_thread_blocked, id=6080, stack(0x000000ec21a30000,0x000000ec21b30000)]
  0x000000ec1a610800 JavaThread "jar transforms Thread 61" [_thread_blocked, id=8952, stack(0x000000ec21b30000,0x000000ec21c30000)]
  0x000000ec1a60c000 JavaThread "jar transforms Thread 62" [_thread_blocked, id=9300, stack(0x000000ec21c30000,0x000000ec21d30000)]
  0x000000ec1a60c800 JavaThread "jar transforms Thread 63" [_thread_blocked, id=1044, stack(0x000000ec21d30000,0x000000ec21e30000)]
  0x000000ec1a60d800 JavaThread "jar transforms Thread 64" [_thread_blocked, id=5104, stack(0x000000ec21e30000,0x000000ec21f30000)]
  0x000000ec1a60f000 JavaThread "jar transforms Thread 65" [_thread_blocked, id=2712, stack(0x000000ec21f30000,0x000000ec22030000)]
  0x000000ec1a60e000 JavaThread "jar transforms Thread 66" [_thread_blocked, id=10480, stack(0x000000ec22030000,0x000000ec22130000)]
  0x000000ec17925800 JavaThread "jar transforms Thread 67" [_thread_blocked, id=4784, stack(0x000000ec22130000,0x000000ec22230000)]
  0x000000ec17927000 JavaThread "jar transforms Thread 68" [_thread_blocked, id=4460, stack(0x000000ec22230000,0x000000ec22330000)]
  0x000000ec1792a800 JavaThread "jar transforms Thread 69" [_thread_blocked, id=9228, stack(0x000000ec22330000,0x000000ec22430000)]
  0x000000ec17928000 JavaThread "jar transforms Thread 70" [_thread_blocked, id=9328, stack(0x000000ec22430000,0x000000ec22530000)]
  0x000000ec17926000 JavaThread "jar transforms Thread 71" [_thread_blocked, id=8592, stack(0x000000ec22530000,0x000000ec22630000)]
  0x000000ec1791d000 JavaThread "jar transforms Thread 72" [_thread_blocked, id=3576, stack(0x000000ec22630000,0x000000ec22730000)]
  0x000000ec17920800 JavaThread "jar transforms Thread 73" [_thread_blocked, id=6028, stack(0x000000ec22730000,0x000000ec22830000)]
  0x000000ec1791c800 JavaThread "jar transforms Thread 74" [_thread_blocked, id=6688, stack(0x000000ec22830000,0x000000ec22930000)]
  0x000000ec17922000 JavaThread "jar transforms Thread 75" [_thread_blocked, id=8064, stack(0x000000ec22930000,0x000000ec22a30000)]
  0x000000ec1791e000 JavaThread "jar transforms Thread 76" [_thread_blocked, id=6484, stack(0x000000ec22a30000,0x000000ec22b30000)]
  0x000000ec17929800 JavaThread "jar transforms Thread 77" [_thread_blocked, id=6860, stack(0x000000ec22b30000,0x000000ec22c30000)]
  0x000000ec1791f000 JavaThread "jar transforms Thread 78" [_thread_blocked, id=4752, stack(0x000000ec22c30000,0x000000ec22d30000)]
  0x000000ec17921800 JavaThread "jar transforms Thread 79" [_thread_blocked, id=10496, stack(0x000000ec22d30000,0x000000ec22e30000)]
  0x000000ec17923000 JavaThread "jar transforms Thread 80" [_thread_blocked, id=3344, stack(0x000000ec22e30000,0x000000ec22f30000)]
  0x000000ec17923800 JavaThread "jar transforms Thread 81" [_thread_blocked, id=6360, stack(0x000000ec22f30000,0x000000ec23030000)]
  0x000000ec17924800 JavaThread "jar transforms Thread 82" [_thread_blocked, id=10760, stack(0x000000ec23030000,0x000000ec23130000)]
  0x000000ec17928800 JavaThread "jar transforms Thread 83" [_thread_blocked, id=6744, stack(0x000000ec23130000,0x000000ec23230000)]
  0x000000ec1792b000 JavaThread "jar transforms Thread 84" [_thread_blocked, id=7560, stack(0x000000ec23230000,0x000000ec23330000)]
  0x000000ec1791f800 JavaThread "jar transforms Thread 85" [_thread_blocked, id=4832, stack(0x000000ec23330000,0x000000ec23430000)]
  0x000000ec1cb07800 JavaThread "jar transforms Thread 86" [_thread_blocked, id=2228, stack(0x000000ec23430000,0x000000ec23530000)]
  0x000000ec1cb09800 JavaThread "jar transforms Thread 87" [_thread_blocked, id=32, stack(0x000000ec23530000,0x000000ec23630000)]
  0x000000ec1cb01800 JavaThread "jar transforms Thread 88" [_thread_blocked, id=8384, stack(0x000000ec23630000,0x000000ec23730000)]
  0x000000ec1cb02800 JavaThread "jar transforms Thread 89" [_thread_blocked, id=6952, stack(0x000000ec23730000,0x000000ec23830000)]
  0x000000ec1cb03000 JavaThread "jar transforms Thread 90" [_thread_blocked, id=11616, stack(0x000000ec23830000,0x000000ec23930000)]
  0x000000ec1cb05000 JavaThread "jar transforms Thread 91" [_thread_blocked, id=6344, stack(0x000000ec23930000,0x000000ec23a30000)]
  0x000000ec1cb06800 JavaThread "jar transforms Thread 92" [_thread_blocked, id=7212, stack(0x000000ec23a30000,0x000000ec23b30000)]
  0x000000ec1cb04000 JavaThread "jar transforms Thread 93" [_thread_blocked, id=8840, stack(0x000000ec23b30000,0x000000ec23c30000)]
  0x000000ec1cb00800 JavaThread "jar transforms Thread 94" [_thread_blocked, id=3616, stack(0x000000ec23c30000,0x000000ec23d30000)]
  0x000000ec1cb0a800 JavaThread "jar transforms Thread 95" [_thread_blocked, id=8816, stack(0x000000ec23d30000,0x000000ec23e30000)]
  0x000000ec1cafe800 JavaThread "jar transforms Thread 96" [_thread_blocked, id=12228, stack(0x000000ec23e30000,0x000000ec23f30000)]
  0x000000ec1cb0b800 JavaThread "jar transforms Thread 97" [_thread_blocked, id=3764, stack(0x000000ec23f30000,0x000000ec24030000)]
  0x000000ec1cb0c000 JavaThread "jar transforms Thread 98" [_thread_blocked, id=6976, stack(0x000000ec24030000,0x000000ec24130000)]
  0x000000ec1cb05800 JavaThread "jar transforms Thread 99" [_thread_blocked, id=3912, stack(0x000000ec24130000,0x000000ec24230000)]
  0x000000ec1cb0d000 JavaThread "jar transforms Thread 100" [_thread_blocked, id=6380, stack(0x000000ec24230000,0x000000ec24330000)]
  0x000000ec1caff000 JavaThread "jar transforms Thread 101" [_thread_blocked, id=4432, stack(0x000000ec24330000,0x000000ec24430000)]
  0x000000ec1cb08000 JavaThread "jar transforms Thread 102" [_thread_blocked, id=7144, stack(0x000000ec24430000,0x000000ec24530000)]
  0x000000ec1cb00000 JavaThread "jar transforms Thread 103" [_thread_blocked, id=11980, stack(0x000000ec24530000,0x000000ec24630000)]
  0x000000ec1cb09000 JavaThread "jar transforms Thread 104" [_thread_blocked, id=8884, stack(0x000000ec24630000,0x000000ec24730000)]
  0x000000ec1a39a000 JavaThread "jar transforms Thread 105" [_thread_blocked, id=1824, stack(0x000000ec24730000,0x000000ec24830000)]
  0x000000ec1a393800 JavaThread "jar transforms Thread 106" [_thread_blocked, id=4380, stack(0x000000ec24830000,0x000000ec24930000)]
  0x000000ec1a391000 JavaThread "jar transforms Thread 107" [_thread_blocked, id=5408, stack(0x000000ec24930000,0x000000ec24a30000)]
  0x000000ec1a39f000 JavaThread "jar transforms Thread 108" [_thread_blocked, id=7456, stack(0x000000ec24a30000,0x000000ec24b30000)]
  0x000000ec1a394800 JavaThread "jar transforms Thread 109" [_thread_blocked, id=6868, stack(0x000000ec24b30000,0x000000ec24c30000)]
  0x000000ec1a395000 JavaThread "jar transforms Thread 110" [_thread_blocked, id=8440, stack(0x000000ec24c30000,0x000000ec24d30000)]
  0x000000ec1a392000 JavaThread "jar transforms Thread 111" [_thread_blocked, id=9892, stack(0x000000ec24d30000,0x000000ec24e30000)]
  0x000000ec1a39b800 JavaThread "jar transforms Thread 112" [_thread_blocked, id=7936, stack(0x000000ec24e30000,0x000000ec24f30000)]
  0x000000ec1a392800 JavaThread "Memory manager" [_thread_blocked, id=6828, stack(0x000000ec25430000,0x000000ec25530000)]
  0x000000ec1a39d800 JavaThread "Execution worker for ':'" [_thread_blocked, id=720, stack(0x000000ec25530000,0x000000ec25630000)]
  0x000000ec1a396000 JavaThread "Execution worker for ':' Thread 2" [_thread_blocked, id=7052, stack(0x000000ec27240000,0x000000ec27340000)]
  0x000000ec1a39b000 JavaThread "Execution worker for ':' Thread 3" [_thread_blocked, id=2300, stack(0x000000ec28ea0000,0x000000ec28fa0000)]
  0x000000ec1a39e000 JavaThread "Cache worker for execution history cache (C:\job\StudioProjects\data_collector2\android\.gradle\6.7\executionHistory)" [_thread_blocked, id=11596, stack(0x000000ec28fa0000,0x000000ec290a0000)]
  0x000000ec1a39c800 JavaThread "Exec process" [_thread_in_native, id=5188, stack(0x000000ec25330000,0x000000ec25430000)]
  0x000000ec1a397000 JavaThread "Exec process Thread 2" [_thread_in_native, id=11744, stack(0x000000ec2a070000,0x000000ec2a170000)]
  0x000000ec1a398800 JavaThread "Exec process Thread 3" [_thread_in_native, id=5148, stack(0x000000ec2a170000,0x000000ec2a270000)]

Other Threads:
=>0x000000ec7fa09800 VMThread "VM Thread" [stack: 0x000000ec7fde0000,0x000000ec7fee0000] [id=10588] _threads_hazard_ptr=0x000000ec17f9ecb0
  0x000000ec7fc00000 WatcherThread [stack: 0x000000ec15400000,0x000000ec15500000] [id=5056]
  0x000000ec7a9c3800 GCTaskThread "GC Thread#0" [stack: 0x000000ec7a620000,0x000000ec7a720000] [id=8756]
  0x000000ec15ac2800 GCTaskThread "GC Thread#1" [stack: 0x000000ec16dd0000,0x000000ec16ed0000] [id=11868]
  0x000000ec15928000 GCTaskThread "GC Thread#2" [stack: 0x000000ec16ed0000,0x000000ec16fd0000] [id=9552]
  0x000000ec1592a800 GCTaskThread "GC Thread#3" [stack: 0x000000ec16fd0000,0x000000ec170d0000] [id=4592]
  0x000000ec7a9e8800 ConcurrentGCThread "G1 Main Marker" [stack: 0x000000ec7efa0000,0x000000ec7f0a0000] [id=8448]
  0x000000ec7a9eb000 ConcurrentGCThread "G1 Conc#0" [stack: 0x000000ec7f0a0000,0x000000ec7f1a0000] [id=4140]
  0x000000ec7aa5e000 ConcurrentGCThread "G1 Refine#0" [stack: 0x000000ec7f7e0000,0x000000ec7f8e0000] [id=7976]
  0x000000ec7f66b000 ConcurrentGCThread "G1 Young RemSet Sampling" [stack: 0x000000ec7f8e0000,0x000000ec7f9e0000] [id=5312]

Threads with active compile tasks:

VM state:at safepoint (normal execution)

VM Mutex/Monitor currently owned by a thread:  ([mutex/lock_event])
[0x000000ec7a9a4ee0] Threads_lock - owner thread: 0x000000ec7fa09800

Heap address: 0x00000000a0000000, size: 1536 MB, Compressed Oops mode: 32-bit
Narrow klass base: 0x0000000000000000, Narrow klass shift: 3
Compressed class space size: 1073741824 Address: 0x0000000100000000

Heap:
 garbage-first heap   total 260096K, used 112191K [0x00000000a0000000, 0x0000000100000000)
  region size 1024K, 68 young (69632K), 18 survivors (18432K)
 Metaspace       used 75704K, capacity 77920K, committed 78124K, reserved 1116160K
  class space    used 9958K, capacity 10790K, committed 10880K, reserved 1048576K
Heap Regions: E=young(eden), S=young(survivor), O=old, HS=humongous(starts), HC=humongous(continues), CS=collection set, F=free, A=archive, TAMS=top-at-mark-start (previous, next)
|   0|0x00000000a0000000, 0x00000000a0100000, 0x00000000a0100000|100%| O|  |TAMS 0x00000000a0100000, 0x00000000a0000000| Untracked 
|   1|0x00000000a0100000, 0x00000000a0200000, 0x00000000a0200000|100%| O|  |TAMS 0x00000000a0200000, 0x00000000a0100000| Untracked 
|   2|0x00000000a0200000, 0x00000000a0300000, 0x00000000a0300000|100%| O|  |TAMS 0x00000000a0300000, 0x00000000a0200000| Untracked 
|   3|0x00000000a0300000, 0x00000000a0400000, 0x00000000a0400000|100%|HS|  |TAMS 0x00000000a0400000, 0x00000000a0300000| Complete 
|   4|0x00000000a0400000, 0x00000000a0500000, 0x00000000a0500000|100%|HC|  |TAMS 0x00000000a0500000, 0x00000000a0400000| Complete 
|   5|0x00000000a0500000, 0x00000000a0600000, 0x00000000a0600000|100%|HC|  |TAMS 0x00000000a0600000, 0x00000000a0500000| Complete 
|   6|0x00000000a0600000, 0x00000000a0700000, 0x00000000a0700000|100%| O|  |TAMS 0x00000000a0700000, 0x00000000a0600000| Untracked 
|   7|0x00000000a0700000, 0x00000000a0800000, 0x00000000a0800000|100%| O|  |TAMS 0x00000000a0800000, 0x00000000a0700000| Untracked 
|   8|0x00000000a0800000, 0x00000000a0900000, 0x00000000a0900000|100%| O|  |TAMS 0x00000000a0900000, 0x00000000a0800000| Untracked 
|   9|0x00000000a0900000, 0x00000000a0a00000, 0x00000000a0a00000|100%| O|  |TAMS 0x00000000a0a00000, 0x00000000a0900000| Untracked 
|  10|0x00000000a0a00000, 0x00000000a0b00000, 0x00000000a0b00000|100%| O|  |TAMS 0x00000000a0b00000, 0x00000000a0a00000| Untracked 
|  11|0x00000000a0b00000, 0x00000000a0c00000, 0x00000000a0c00000|100%| O|  |TAMS 0x00000000a0c00000, 0x00000000a0b00000| Untracked 
|  12|0x00000000a0c00000, 0x00000000a0d00000, 0x00000000a0d00000|100%| O|  |TAMS 0x00000000a0d00000, 0x00000000a0c00000| Untracked 
|  13|0x00000000a0d00000, 0x00000000a0e00000, 0x00000000a0e00000|100%|HS|  |TAMS 0x00000000a0e00000, 0x00000000a0d00000| Complete 
|  14|0x00000000a0e00000, 0x00000000a0f00000, 0x00000000a0f00000|100%|HS|  |TAMS 0x00000000a0f00000, 0x00000000a0e00000| Complete 
|  15|0x00000000a0f00000, 0x00000000a1000000, 0x00000000a1000000|100%|HC|  |TAMS 0x00000000a1000000, 0x00000000a0f00000| Complete 
|  16|0x00000000a1000000, 0x00000000a1100000, 0x00000000a1100000|100%|HC|  |TAMS 0x00000000a1100000, 0x00000000a1000000| Complete 
|  17|0x00000000a1100000, 0x00000000a1200000, 0x00000000a1200000|100%|HS|  |TAMS 0x00000000a1200000, 0x00000000a1100000| Complete 
|  18|0x00000000a1200000, 0x00000000a1300000, 0x00000000a1300000|100%|HC|  |TAMS 0x00000000a1300000, 0x00000000a1200000| Complete 
|  19|0x00000000a1300000, 0x00000000a1400000, 0x00000000a1400000|100%| O|  |TAMS 0x00000000a1400000, 0x00000000a1300000| Untracked 
|  20|0x00000000a1400000, 0x00000000a1500000, 0x00000000a1500000|100%| O|  |TAMS 0x00000000a1500000, 0x00000000a1400000| Untracked 
|  21|0x00000000a1500000, 0x00000000a1600000, 0x00000000a1600000|100%| O|  |TAMS 0x00000000a1600000, 0x00000000a1500000| Untracked 
|  22|0x00000000a1600000, 0x00000000a1700000, 0x00000000a1700000|100%| O|  |TAMS 0x00000000a1700000, 0x00000000a1600000| Untracked 
|  23|0x00000000a1700000, 0x00000000a1800000, 0x00000000a1800000|100%| O|  |TAMS 0x00000000a1800000, 0x00000000a1700000| Untracked 
|  24|0x00000000a1800000, 0x00000000a1900000, 0x00000000a1900000|100%| O|  |TAMS 0x00000000a1900000, 0x00000000a1800000| Untracked 
|  25|0x00000000a1900000, 0x00000000a1a00000, 0x00000000a1a00000|100%| O|  |TAMS 0x00000000a1a00000, 0x00000000a1900000| Untracked 
|  26|0x00000000a1a00000, 0x00000000a1b00000, 0x00000000a1b00000|100%| O|  |TAMS 0x00000000a1b00000, 0x00000000a1a00000| Untracked 
|  27|0x00000000a1b00000, 0x00000000a1c00000, 0x00000000a1c00000|100%| O|  |TAMS 0x00000000a1c00000, 0x00000000a1b00000| Untracked 
|  28|0x00000000a1c00000, 0x00000000a1d00000, 0x00000000a1d00000|100%| O|  |TAMS 0x00000000a1d00000, 0x00000000a1c00000| Untracked 
|  29|0x00000000a1d00000, 0x00000000a1e00000, 0x00000000a1e00000|100%| O|  |TAMS 0x00000000a1e00000, 0x00000000a1d00000| Untracked 
|  30|0x00000000a1e00000, 0x00000000a1f00000, 0x00000000a1f00000|100%| O|  |TAMS 0x00000000a1f00000, 0x00000000a1e00000| Untracked 
|  31|0x00000000a1f00000, 0x00000000a2000000, 0x00000000a2000000|100%| O|  |TAMS 0x00000000a2000000, 0x00000000a1f00000| Untracked 
|  32|0x00000000a2000000, 0x00000000a2100000, 0x00000000a2100000|100%| O|  |TAMS 0x00000000a2100000, 0x00000000a2000000| Untracked 
|  33|0x00000000a2100000, 0x00000000a2200000, 0x00000000a2200000|100%| O|  |TAMS 0x00000000a2200000, 0x00000000a2100000| Untracked 
|  34|0x00000000a2200000, 0x00000000a2300000, 0x00000000a2300000|100%| O|  |TAMS 0x00000000a2300000, 0x00000000a2200000| Untracked 
|  35|0x00000000a2300000, 0x00000000a2400000, 0x00000000a2400000|100%| O|  |TAMS 0x00000000a2400000, 0x00000000a2300000| Untracked 
|  36|0x00000000a2400000, 0x00000000a2500000, 0x00000000a2500000|100%| O|  |TAMS 0x00000000a2500000, 0x00000000a2400000| Untracked 
|  37|0x00000000a2500000, 0x00000000a2600000, 0x00000000a2600000|100%| O|  |TAMS 0x00000000a2600000, 0x00000000a2500000| Untracked 
|  38|0x00000000a2600000, 0x00000000a2700000, 0x00000000a2700000|100%| O|  |TAMS 0x00000000a2700000, 0x00000000a2600000| Untracked 
|  39|0x00000000a2700000, 0x00000000a2800000, 0x00000000a2800000|100%| O|  |TAMS 0x00000000a2800000, 0x00000000a2700000| Untracked 
|  40|0x00000000a2800000, 0x00000000a2900000, 0x00000000a2900000|100%| O|  |TAMS 0x00000000a2900000, 0x00000000a2800000| Untracked 
|  41|0x00000000a2900000, 0x00000000a2a00000, 0x00000000a2a00000|100%| O|  |TAMS 0x00000000a2a00000, 0x00000000a2900000| Untracked 
|  42|0x00000000a2a00000, 0x00000000a2b00000, 0x00000000a2b00000|100%| O|  |TAMS 0x00000000a2b00000, 0x00000000a2a00000| Untracked 
|  43|0x00000000a2b00000, 0x00000000a2b8fe00, 0x00000000a2c00000| 56%| O|  |TAMS 0x00000000a2b8fe00, 0x00000000a2b00000| Untracked 
|  44|0x00000000a2c00000, 0x00000000a2c00000, 0x00000000a2d00000|  0%| F|  |TAMS 0x00000000a2c00000, 0x00000000a2c00000| Untracked 
|  45|0x00000000a2d00000, 0x00000000a2d00000, 0x00000000a2e00000|  0%| F|  |TAMS 0x00000000a2d00000, 0x00000000a2d00000| Untracked 
|  46|0x00000000a2e00000, 0x00000000a2e00000, 0x00000000a2f00000|  0%| F|  |TAMS 0x00000000a2e00000, 0x00000000a2e00000| Untracked 
|  47|0x00000000a2f00000, 0x00000000a2f00000, 0x00000000a3000000|  0%| F|  |TAMS 0x00000000a2f00000, 0x00000000a2f00000| Untracked 
|  48|0x00000000a3000000, 0x00000000a3000000, 0x00000000a3100000|  0%| F|  |TAMS 0x00000000a3000000, 0x00000000a3000000| Untracked 
|  49|0x00000000a3100000, 0x00000000a3100000, 0x00000000a3200000|  0%| F|  |TAMS 0x00000000a3100000, 0x00000000a3100000| Untracked 
|  50|0x00000000a3200000, 0x00000000a3200000, 0x00000000a3300000|  0%| F|  |TAMS 0x00000000a3200000, 0x00000000a3200000| Untracked 
|  51|0x00000000a3300000, 0x00000000a3300000, 0x00000000a3400000|  0%| F|  |TAMS 0x00000000a3300000, 0x00000000a3300000| Untracked 
|  52|0x00000000a3400000, 0x00000000a3400000, 0x00000000a3500000|  0%| F|  |TAMS 0x00000000a3400000, 0x00000000a3400000| Untracked 
|  53|0x00000000a3500000, 0x00000000a3500000, 0x00000000a3600000|  0%| F|  |TAMS 0x00000000a3500000, 0x00000000a3500000| Untracked 
|  54|0x00000000a3600000, 0x00000000a3600000, 0x00000000a3700000|  0%| F|  |TAMS 0x00000000a3600000, 0x00000000a3600000| Untracked 
|  55|0x00000000a3700000, 0x00000000a3700000, 0x00000000a3800000|  0%| F|  |TAMS 0x00000000a3700000, 0x00000000a3700000| Untracked 
|  56|0x00000000a3800000, 0x00000000a3800000, 0x00000000a3900000|  0%| F|  |TAMS 0x00000000a3800000, 0x00000000a3800000| Untracked 
|  57|0x00000000a3900000, 0x00000000a3900000, 0x00000000a3a00000|  0%| F|  |TAMS 0x00000000a3900000, 0x00000000a3900000| Untracked 
|  58|0x00000000a3a00000, 0x00000000a3a00000, 0x00000000a3b00000|  0%| F|  |TAMS 0x00000000a3a00000, 0x00000000a3a00000| Untracked 
|  59|0x00000000a3b00000, 0x00000000a3b00000, 0x00000000a3c00000|  0%| F|  |TAMS 0x00000000a3b00000, 0x00000000a3b00000| Untracked 
|  60|0x00000000a3c00000, 0x00000000a3c00000, 0x00000000a3d00000|  0%| F|  |TAMS 0x00000000a3c00000, 0x00000000a3c00000| Untracked 
|  61|0x00000000a3d00000, 0x00000000a3d00000, 0x00000000a3e00000|  0%| F|  |TAMS 0x00000000a3d00000, 0x00000000a3d00000| Untracked 
|  62|0x00000000a3e00000, 0x00000000a3e00000, 0x00000000a3f00000|  0%| F|  |TAMS 0x00000000a3e00000, 0x00000000a3e00000| Untracked 
|  63|0x00000000a3f00000, 0x00000000a3f00000, 0x00000000a4000000|  0%| F|  |TAMS 0x00000000a3f00000, 0x00000000a3f00000| Untracked 
|  64|0x00000000a4000000, 0x00000000a4000000, 0x00000000a4100000|  0%| F|  |TAMS 0x00000000a4000000, 0x00000000a4000000| Untracked 
|  65|0x00000000a4100000, 0x00000000a4100000, 0x00000000a4200000|  0%| F|  |TAMS 0x00000000a4100000, 0x00000000a4100000| Untracked 
|  66|0x00000000a4200000, 0x00000000a4200000, 0x00000000a4300000|  0%| F|  |TAMS 0x00000000a4200000, 0x00000000a4200000| Untracked 
|  67|0x00000000a4300000, 0x00000000a4300000, 0x00000000a4400000|  0%| F|  |TAMS 0x00000000a4300000, 0x00000000a4300000| Untracked 
|  68|0x00000000a4400000, 0x00000000a4400000, 0x00000000a4500000|  0%| F|  |TAMS 0x00000000a4400000, 0x00000000a4400000| Untracked 
|  69|0x00000000a4500000, 0x00000000a4500000, 0x00000000a4600000|  0%| F|  |TAMS 0x00000000a4500000, 0x00000000a4500000| Untracked 
|  70|0x00000000a4600000, 0x00000000a4600000, 0x00000000a4700000|  0%| F|  |TAMS 0x00000000a4600000, 0x00000000a4600000| Untracked 
|  71|0x00000000a4700000, 0x00000000a4700000, 0x00000000a4800000|  0%| F|  |TAMS 0x00000000a4700000, 0x00000000a4700000| Untracked 
|  72|0x00000000a4800000, 0x00000000a4800000, 0x00000000a4900000|  0%| F|  |TAMS 0x00000000a4800000, 0x00000000a4800000| Untracked 
|  73|0x00000000a4900000, 0x00000000a4900000, 0x00000000a4a00000|  0%| F|  |TAMS 0x00000000a4900000, 0x00000000a4900000| Untracked 
|  74|0x00000000a4a00000, 0x00000000a4a00000, 0x00000000a4b00000|  0%| F|  |TAMS 0x00000000a4a00000, 0x00000000a4a00000| Untracked 
|  75|0x00000000a4b00000, 0x00000000a4b00000, 0x00000000a4c00000|  0%| F|  |TAMS 0x00000000a4b00000, 0x00000000a4b00000| Untracked 
|  76|0x00000000a4c00000, 0x00000000a4c00000, 0x00000000a4d00000|  0%| F|  |TAMS 0x00000000a4c00000, 0x00000000a4c00000| Untracked 
|  77|0x00000000a4d00000, 0x00000000a4d00000, 0x00000000a4e00000|  0%| F|  |TAMS 0x00000000a4d00000, 0x00000000a4d00000| Untracked 
|  78|0x00000000a4e00000, 0x00000000a4e00000, 0x00000000a4f00000|  0%| F|  |TAMS 0x00000000a4e00000, 0x00000000a4e00000| Untracked 
|  79|0x00000000a4f00000, 0x00000000a4f00000, 0x00000000a5000000|  0%| F|  |TAMS 0x00000000a4f00000, 0x00000000a4f00000| Untracked 
|  80|0x00000000a5000000, 0x00000000a5000000, 0x00000000a5100000|  0%| F|  |TAMS 0x00000000a5000000, 0x00000000a5000000| Untracked 
|  81|0x00000000a5100000, 0x00000000a5100000, 0x00000000a5200000|  0%| F|  |TAMS 0x00000000a5100000, 0x00000000a5100000| Untracked 
|  82|0x00000000a5200000, 0x00000000a5200000, 0x00000000a5300000|  0%| F|  |TAMS 0x00000000a5200000, 0x00000000a5200000| Untracked 
|  83|0x00000000a5300000, 0x00000000a5300000, 0x00000000a5400000|  0%| F|  |TAMS 0x00000000a5300000, 0x00000000a5300000| Untracked 
|  84|0x00000000a5400000, 0x00000000a5400000, 0x00000000a5500000|  0%| F|  |TAMS 0x00000000a5400000, 0x00000000a5400000| Untracked 
|  85|0x00000000a5500000, 0x00000000a5500000, 0x00000000a5600000|  0%| F|  |TAMS 0x00000000a5500000, 0x00000000a5500000| Untracked 
|  86|0x00000000a5600000, 0x00000000a5600000, 0x00000000a5700000|  0%| F|  |TAMS 0x00000000a5600000, 0x00000000a5600000| Untracked 
|  87|0x00000000a5700000, 0x00000000a5700000, 0x00000000a5800000|  0%| F|  |TAMS 0x00000000a5700000, 0x00000000a5700000| Untracked 
|  88|0x00000000a5800000, 0x00000000a5800000, 0x00000000a5900000|  0%| F|  |TAMS 0x00000000a5800000, 0x00000000a5800000| Untracked 
|  89|0x00000000a5900000, 0x00000000a5900000, 0x00000000a5a00000|  0%| F|  |TAMS 0x00000000a5900000, 0x00000000a5900000| Untracked 
|  90|0x00000000a5a00000, 0x00000000a5a00000, 0x00000000a5b00000|  0%| F|  |TAMS 0x00000000a5a00000, 0x00000000a5a00000| Untracked 
|  91|0x00000000a5b00000, 0x00000000a5b00000, 0x00000000a5c00000|  0%| F|  |TAMS 0x00000000a5b00000, 0x00000000a5b00000| Untracked 
|  92|0x00000000a5c00000, 0x00000000a5c00000, 0x00000000a5d00000|  0%| F|  |TAMS 0x00000000a5c00000, 0x00000000a5c00000| Untracked 
|  93|0x00000000a5d00000, 0x00000000a5d00000, 0x00000000a5e00000|  0%| F|  |TAMS 0x00000000a5d00000, 0x00000000a5d00000| Untracked 
|  94|0x00000000a5e00000, 0x00000000a5e00000, 0x00000000a5f00000|  0%| F|  |TAMS 0x00000000a5e00000, 0x00000000a5e00000| Untracked 
|  95|0x00000000a5f00000, 0x00000000a5f00000, 0x00000000a6000000|  0%| F|  |TAMS 0x00000000a5f00000, 0x00000000a5f00000| Untracked 
|  96|0x00000000a6000000, 0x00000000a6000000, 0x00000000a6100000|  0%| F|  |TAMS 0x00000000a6000000, 0x00000000a6000000| Untracked 
|  97|0x00000000a6100000, 0x00000000a6100000, 0x00000000a6200000|  0%| F|  |TAMS 0x00000000a6100000, 0x00000000a6100000| Untracked 
|  98|0x00000000a6200000, 0x00000000a6200000, 0x00000000a6300000|  0%| F|  |TAMS 0x00000000a6200000, 0x00000000a6200000| Untracked 
|  99|0x00000000a6300000, 0x00000000a6300000, 0x00000000a6400000|  0%| F|  |TAMS 0x00000000a6300000, 0x00000000a6300000| Untracked 
| 100|0x00000000a6400000, 0x00000000a6400000, 0x00000000a6500000|  0%| F|  |TAMS 0x00000000a6400000, 0x00000000a6400000| Untracked 
| 101|0x00000000a6500000, 0x00000000a6500000, 0x00000000a6600000|  0%| F|  |TAMS 0x00000000a6500000, 0x00000000a6500000| Untracked 
| 102|0x00000000a6600000, 0x00000000a6600000, 0x00000000a6700000|  0%| F|  |TAMS 0x00000000a6600000, 0x00000000a6600000| Untracked 
| 103|0x00000000a6700000, 0x00000000a6700000, 0x00000000a6800000|  0%| F|  |TAMS 0x00000000a6700000, 0x00000000a6700000| Untracked 
| 104|0x00000000a6800000, 0x00000000a6800000, 0x00000000a6900000|  0%| F|  |TAMS 0x00000000a6800000, 0x00000000a6800000| Untracked 
| 105|0x00000000a6900000, 0x00000000a6900000, 0x00000000a6a00000|  0%| F|  |TAMS 0x00000000a6900000, 0x00000000a6900000| Untracked 
| 106|0x00000000a6a00000, 0x00000000a6a00000, 0x00000000a6b00000|  0%| F|  |TAMS 0x00000000a6a00000, 0x00000000a6a00000| Untracked 
| 107|0x00000000a6b00000, 0x00000000a6b00000, 0x00000000a6c00000|  0%| F|  |TAMS 0x00000000a6b00000, 0x00000000a6b00000| Untracked 
| 108|0x00000000a6c00000, 0x00000000a6c00000, 0x00000000a6d00000|  0%| F|  |TAMS 0x00000000a6c00000, 0x00000000a6c00000| Untracked 
| 109|0x00000000a6d00000, 0x00000000a6d00000, 0x00000000a6e00000|  0%| F|  |TAMS 0x00000000a6d00000, 0x00000000a6d00000| Untracked 
| 110|0x00000000a6e00000, 0x00000000a6e00000, 0x00000000a6f00000|  0%| F|  |TAMS 0x00000000a6e00000, 0x00000000a6e00000| Untracked 
| 111|0x00000000a6f00000, 0x00000000a6f00000, 0x00000000a7000000|  0%| F|  |TAMS 0x00000000a6f00000, 0x00000000a6f00000| Untracked 
| 112|0x00000000a7000000, 0x00000000a7000000, 0x00000000a7100000|  0%| F|  |TAMS 0x00000000a7000000, 0x00000000a7000000| Untracked 
| 113|0x00000000a7100000, 0x00000000a7100000, 0x00000000a7200000|  0%| F|  |TAMS 0x00000000a7100000, 0x00000000a7100000| Untracked 
| 114|0x00000000a7200000, 0x00000000a7200000, 0x00000000a7300000|  0%| F|  |TAMS 0x00000000a7200000, 0x00000000a7200000| Untracked 
| 115|0x00000000a7300000, 0x00000000a7300000, 0x00000000a7400000|  0%| F|  |TAMS 0x00000000a7300000, 0x00000000a7300000| Untracked 
| 116|0x00000000a7400000, 0x00000000a7400000, 0x00000000a7500000|  0%| F|  |TAMS 0x00000000a7400000, 0x00000000a7400000| Untracked 
| 117|0x00000000a7500000, 0x00000000a7500000, 0x00000000a7600000|  0%| F|  |TAMS 0x00000000a7500000, 0x00000000a7500000| Untracked 
| 118|0x00000000a7600000, 0x00000000a7600000, 0x00000000a7700000|  0%| F|  |TAMS 0x00000000a7600000, 0x00000000a7600000| Untracked 
| 119|0x00000000a7700000, 0x00000000a7700000, 0x00000000a7800000|  0%| F|  |TAMS 0x00000000a7700000, 0x00000000a7700000| Untracked 
| 120|0x00000000a7800000, 0x00000000a7800000, 0x00000000a7900000|  0%| F|  |TAMS 0x00000000a7800000, 0x00000000a7800000| Untracked 
| 121|0x00000000a7900000, 0x00000000a7900000, 0x00000000a7a00000|  0%| F|  |TAMS 0x00000000a7900000, 0x00000000a7900000| Untracked 
| 122|0x00000000a7a00000, 0x00000000a7b00000, 0x00000000a7b00000|100%| S|CS|TAMS 0x00000000a7a00000, 0x00000000a7a00000| Complete 
| 123|0x00000000a7b00000, 0x00000000a7c00000, 0x00000000a7c00000|100%| S|CS|TAMS 0x00000000a7b00000, 0x00000000a7b00000| Complete 
| 124|0x00000000a7c00000, 0x00000000a7d00000, 0x00000000a7d00000|100%| S|CS|TAMS 0x00000000a7c00000, 0x00000000a7c00000| Complete 
| 125|0x00000000a7d00000, 0x00000000a7e00000, 0x00000000a7e00000|100%| S|CS|TAMS 0x00000000a7d00000, 0x00000000a7d00000| Complete 
| 126|0x00000000a7e00000, 0x00000000a7f00000, 0x00000000a7f00000|100%| S|CS|TAMS 0x00000000a7e00000, 0x00000000a7e00000| Complete 
| 127|0x00000000a7f00000, 0x00000000a8000000, 0x00000000a8000000|100%| S|CS|TAMS 0x00000000a7f00000, 0x00000000a7f00000| Complete 
| 128|0x00000000a8000000, 0x00000000a8100000, 0x00000000a8100000|100%| S|CS|TAMS 0x00000000a8000000, 0x00000000a8000000| Complete 
| 129|0x00000000a8100000, 0x00000000a8200000, 0x00000000a8200000|100%| S|CS|TAMS 0x00000000a8100000, 0x00000000a8100000| Complete 
| 130|0x00000000a8200000, 0x00000000a8300000, 0x00000000a8300000|100%| S|CS|TAMS 0x00000000a8200000, 0x00000000a8200000| Complete 
| 131|0x00000000a8300000, 0x00000000a8400000, 0x00000000a8400000|100%| S|CS|TAMS 0x00000000a8300000, 0x00000000a8300000| Complete 
| 132|0x00000000a8400000, 0x00000000a8500000, 0x00000000a8500000|100%| S|CS|TAMS 0x00000000a8400000, 0x00000000a8400000| Complete 
| 133|0x00000000a8500000, 0x00000000a8600000, 0x00000000a8600000|100%| S|CS|TAMS 0x00000000a8500000, 0x00000000a8500000| Complete 
| 134|0x00000000a8600000, 0x00000000a8700000, 0x00000000a8700000|100%| S|CS|TAMS 0x00000000a8600000, 0x00000000a8600000| Complete 
| 135|0x00000000a8700000, 0x00000000a8800000, 0x00000000a8800000|100%| S|CS|TAMS 0x00000000a8700000, 0x00000000a8700000| Complete 
| 136|0x00000000a8800000, 0x00000000a8900000, 0x00000000a8900000|100%| S|CS|TAMS 0x00000000a8800000, 0x00000000a8800000| Complete 
| 137|0x00000000a8900000, 0x00000000a8a00000, 0x00000000a8a00000|100%| S|CS|TAMS 0x00000000a8900000, 0x00000000a8900000| Complete 
| 138|0x00000000a8a00000, 0x00000000a8b00000, 0x00000000a8b00000|100%| S|CS|TAMS 0x00000000a8a00000, 0x00000000a8a00000| Complete 
| 139|0x00000000a8b00000, 0x00000000a8c00000, 0x00000000a8c00000|100%| S|CS|TAMS 0x00000000a8b00000, 0x00000000a8b00000| Complete 
| 140|0x00000000a8c00000, 0x00000000a8c00000, 0x00000000a8d00000|  0%| F|  |TAMS 0x00000000a8c00000, 0x00000000a8c00000| Untracked 
| 141|0x00000000a8d00000, 0x00000000a8d00000, 0x00000000a8e00000|  0%| F|  |TAMS 0x00000000a8d00000, 0x00000000a8d00000| Untracked 
| 142|0x00000000a8e00000, 0x00000000a8e00000, 0x00000000a8f00000|  0%| F|  |TAMS 0x00000000a8e00000, 0x00000000a8e00000| Untracked 
| 143|0x00000000a8f00000, 0x00000000a8f00000, 0x00000000a9000000|  0%| F|  |TAMS 0x00000000a8f00000, 0x00000000a8f00000| Untracked 
| 144|0x00000000a9000000, 0x00000000a9000000, 0x00000000a9100000|  0%| F|  |TAMS 0x00000000a9000000, 0x00000000a9000000| Untracked 
| 145|0x00000000a9100000, 0x00000000a9100000, 0x00000000a9200000|  0%| F|  |TAMS 0x00000000a9100000, 0x00000000a9100000| Untracked 
| 146|0x00000000a9200000, 0x00000000a9200000, 0x00000000a9300000|  0%| F|  |TAMS 0x00000000a9200000, 0x00000000a9200000| Untracked 
| 147|0x00000000a9300000, 0x00000000a9300000, 0x00000000a9400000|  0%| F|  |TAMS 0x00000000a9300000, 0x00000000a9300000| Untracked 
| 148|0x00000000a9400000, 0x00000000a9400000, 0x00000000a9500000|  0%| F|  |TAMS 0x00000000a9400000, 0x00000000a9400000| Untracked 
| 149|0x00000000a9500000, 0x00000000a9500000, 0x00000000a9600000|  0%| F|  |TAMS 0x00000000a9500000, 0x00000000a9500000| Untracked 
| 150|0x00000000a9600000, 0x00000000a9600000, 0x00000000a9700000|  0%| F|  |TAMS 0x00000000a9600000, 0x00000000a9600000| Untracked 
| 151|0x00000000a9700000, 0x00000000a9700000, 0x00000000a9800000|  0%| F|  |TAMS 0x00000000a9700000, 0x00000000a9700000| Untracked 
| 152|0x00000000a9800000, 0x00000000a9800000, 0x00000000a9900000|  0%| F|  |TAMS 0x00000000a9800000, 0x00000000a9800000| Untracked 
| 153|0x00000000a9900000, 0x00000000a9900000, 0x00000000a9a00000|  0%| F|  |TAMS 0x00000000a9900000, 0x00000000a9900000| Untracked 
| 154|0x00000000a9a00000, 0x00000000a9a00000, 0x00000000a9b00000|  0%| F|  |TAMS 0x00000000a9a00000, 0x00000000a9a00000| Untracked 
| 155|0x00000000a9b00000, 0x00000000a9b00000, 0x00000000a9c00000|  0%| F|  |TAMS 0x00000000a9b00000, 0x00000000a9b00000| Untracked 
| 156|0x00000000a9c00000, 0x00000000a9c00000, 0x00000000a9d00000|  0%| F|  |TAMS 0x00000000a9c00000, 0x00000000a9c00000| Untracked 
| 157|0x00000000a9d00000, 0x00000000a9d00000, 0x00000000a9e00000|  0%| F|  |TAMS 0x00000000a9d00000, 0x00000000a9d00000| Untracked 
| 158|0x00000000a9e00000, 0x00000000a9e00000, 0x00000000a9f00000|  0%| F|  |TAMS 0x00000000a9e00000, 0x00000000a9e00000| Untracked 
| 159|0x00000000a9f00000, 0x00000000a9f00000, 0x00000000aa000000|  0%| F|  |TAMS 0x00000000a9f00000, 0x00000000a9f00000| Untracked 
| 160|0x00000000aa000000, 0x00000000aa000000, 0x00000000aa100000|  0%| F|  |TAMS 0x00000000aa000000, 0x00000000aa000000| Untracked 
| 161|0x00000000aa100000, 0x00000000aa100000, 0x00000000aa200000|  0%| F|  |TAMS 0x00000000aa100000, 0x00000000aa100000| Untracked 
| 162|0x00000000aa200000, 0x00000000aa200000, 0x00000000aa300000|  0%| F|  |TAMS 0x00000000aa200000, 0x00000000aa200000| Untracked 
| 163|0x00000000aa300000, 0x00000000aa300000, 0x00000000aa400000|  0%| F|  |TAMS 0x00000000aa300000, 0x00000000aa300000| Untracked 
| 164|0x00000000aa400000, 0x00000000aa400000, 0x00000000aa500000|  0%| F|  |TAMS 0x00000000aa400000, 0x00000000aa400000| Untracked 
| 165|0x00000000aa500000, 0x00000000aa500000, 0x00000000aa600000|  0%| F|  |TAMS 0x00000000aa500000, 0x00000000aa500000| Untracked 
| 166|0x00000000aa600000, 0x00000000aa600000, 0x00000000aa700000|  0%| F|  |TAMS 0x00000000aa600000, 0x00000000aa600000| Untracked 
| 167|0x00000000aa700000, 0x00000000aa700000, 0x00000000aa800000|  0%| F|  |TAMS 0x00000000aa700000, 0x00000000aa700000| Untracked 
| 168|0x00000000aa800000, 0x00000000aa800000, 0x00000000aa900000|  0%| F|  |TAMS 0x00000000aa800000, 0x00000000aa800000| Untracked 
| 169|0x00000000aa900000, 0x00000000aa900000, 0x00000000aaa00000|  0%| F|  |TAMS 0x00000000aa900000, 0x00000000aa900000| Untracked 
| 170|0x00000000aaa00000, 0x00000000aaa00000, 0x00000000aab00000|  0%| F|  |TAMS 0x00000000aaa00000, 0x00000000aaa00000| Untracked 
| 171|0x00000000aab00000, 0x00000000aab00000, 0x00000000aac00000|  0%| F|  |TAMS 0x00000000aab00000, 0x00000000aab00000| Untracked 
| 172|0x00000000aac00000, 0x00000000aac00000, 0x00000000aad00000|  0%| F|  |TAMS 0x00000000aac00000, 0x00000000aac00000| Untracked 
| 173|0x00000000aad00000, 0x00000000aad00000, 0x00000000aae00000|  0%| F|  |TAMS 0x00000000aad00000, 0x00000000aad00000| Untracked 
| 174|0x00000000aae00000, 0x00000000aae00000, 0x00000000aaf00000|  0%| F|  |TAMS 0x00000000aae00000, 0x00000000aae00000| Untracked 
| 175|0x00000000aaf00000, 0x00000000aaf00000, 0x00000000ab000000|  0%| F|  |TAMS 0x00000000aaf00000, 0x00000000aaf00000| Untracked 
| 176|0x00000000ab000000, 0x00000000ab000000, 0x00000000ab100000|  0%| F|  |TAMS 0x00000000ab000000, 0x00000000ab000000| Untracked 
| 177|0x00000000ab100000, 0x00000000ab100000, 0x00000000ab200000|  0%| F|  |TAMS 0x00000000ab100000, 0x00000000ab100000| Untracked 
| 178|0x00000000ab200000, 0x00000000ab200000, 0x00000000ab300000|  0%| F|  |TAMS 0x00000000ab200000, 0x00000000ab200000| Untracked 
| 179|0x00000000ab300000, 0x00000000ab300000, 0x00000000ab400000|  0%| F|  |TAMS 0x00000000ab300000, 0x00000000ab300000| Untracked 
| 180|0x00000000ab400000, 0x00000000ab400000, 0x00000000ab500000|  0%| F|  |TAMS 0x00000000ab400000, 0x00000000ab400000| Untracked 
| 181|0x00000000ab500000, 0x00000000ab500000, 0x00000000ab600000|  0%| F|  |TAMS 0x00000000ab500000, 0x00000000ab500000| Untracked 
| 182|0x00000000ab600000, 0x00000000ab600000, 0x00000000ab700000|  0%| F|  |TAMS 0x00000000ab600000, 0x00000000ab600000| Untracked 
| 183|0x00000000ab700000, 0x00000000ab700000, 0x00000000ab800000|  0%| F|  |TAMS 0x00000000ab700000, 0x00000000ab700000| Untracked 
| 184|0x00000000ab800000, 0x00000000ab800000, 0x00000000ab900000|  0%| F|  |TAMS 0x00000000ab800000, 0x00000000ab800000| Untracked 
| 185|0x00000000ab900000, 0x00000000ab900000, 0x00000000aba00000|  0%| F|  |TAMS 0x00000000ab900000, 0x00000000ab900000| Untracked 
| 186|0x00000000aba00000, 0x00000000aba00000, 0x00000000abb00000|  0%| F|  |TAMS 0x00000000aba00000, 0x00000000aba00000| Untracked 
| 187|0x00000000abb00000, 0x00000000abb00000, 0x00000000abc00000|  0%| F|  |TAMS 0x00000000abb00000, 0x00000000abb00000| Untracked 
| 188|0x00000000abc00000, 0x00000000abc00000, 0x00000000abd00000|  0%| F|  |TAMS 0x00000000abc00000, 0x00000000abc00000| Untracked 
| 189|0x00000000abd00000, 0x00000000abd00000, 0x00000000abe00000|  0%| F|  |TAMS 0x00000000abd00000, 0x00000000abd00000| Untracked 
| 190|0x00000000abe00000, 0x00000000abe00000, 0x00000000abf00000|  0%| F|  |TAMS 0x00000000abe00000, 0x00000000abe00000| Untracked 
| 191|0x00000000abf00000, 0x00000000abf00000, 0x00000000ac000000|  0%| F|  |TAMS 0x00000000abf00000, 0x00000000abf00000| Untracked 
| 192|0x00000000ac000000, 0x00000000ac000000, 0x00000000ac100000|  0%| F|  |TAMS 0x00000000ac000000, 0x00000000ac000000| Untracked 
| 193|0x00000000ac100000, 0x00000000ac100000, 0x00000000ac200000|  0%| F|  |TAMS 0x00000000ac100000, 0x00000000ac100000| Untracked 
| 194|0x00000000ac200000, 0x00000000ac200000, 0x00000000ac300000|  0%| F|  |TAMS 0x00000000ac200000, 0x00000000ac200000| Untracked 
| 195|0x00000000ac300000, 0x00000000ac300000, 0x00000000ac400000|  0%| F|  |TAMS 0x00000000ac300000, 0x00000000ac300000| Untracked 
| 196|0x00000000ac400000, 0x00000000ac400000, 0x00000000ac500000|  0%| F|  |TAMS 0x00000000ac400000, 0x00000000ac400000| Untracked 
| 197|0x00000000ac500000, 0x00000000ac500000, 0x00000000ac600000|  0%| F|  |TAMS 0x00000000ac500000, 0x00000000ac500000| Untracked 
| 198|0x00000000ac600000, 0x00000000ac600000, 0x00000000ac700000|  0%| F|  |TAMS 0x00000000ac600000, 0x00000000ac600000| Untracked 
| 199|0x00000000ac700000, 0x00000000ac700000, 0x00000000ac800000|  0%| F|  |TAMS 0x00000000ac700000, 0x00000000ac700000| Untracked 
| 200|0x00000000ac800000, 0x00000000ac800000, 0x00000000ac900000|  0%| F|  |TAMS 0x00000000ac800000, 0x00000000ac800000| Untracked 
| 201|0x00000000ac900000, 0x00000000ac900000, 0x00000000aca00000|  0%| F|  |TAMS 0x00000000ac900000, 0x00000000ac900000| Untracked 
| 202|0x00000000aca00000, 0x00000000aca00000, 0x00000000acb00000|  0%| F|  |TAMS 0x00000000aca00000, 0x00000000aca00000| Untracked 
| 203|0x00000000acb00000, 0x00000000acb00000, 0x00000000acc00000|  0%| F|  |TAMS 0x00000000acb00000, 0x00000000acb00000| Untracked 
| 204|0x00000000acc00000, 0x00000000acc8f330, 0x00000000acd00000| 55%| E|  |TAMS 0x00000000acc00000, 0x00000000acc00000| Complete 
| 205|0x00000000acd00000, 0x00000000ace00000, 0x00000000ace00000|100%| E|CS|TAMS 0x00000000acd00000, 0x00000000acd00000| Complete 
| 206|0x00000000ace00000, 0x00000000acf00000, 0x00000000acf00000|100%| E|CS|TAMS 0x00000000ace00000, 0x00000000ace00000| Complete 
| 207|0x00000000acf00000, 0x00000000ad000000, 0x00000000ad000000|100%| E|CS|TAMS 0x00000000acf00000, 0x00000000acf00000| Complete 
| 208|0x00000000ad000000, 0x00000000ad100000, 0x00000000ad100000|100%| E|CS|TAMS 0x00000000ad000000, 0x00000000ad000000| Complete 
| 209|0x00000000ad100000, 0x00000000ad200000, 0x00000000ad200000|100%| E|CS|TAMS 0x00000000ad100000, 0x00000000ad100000| Complete 
| 210|0x00000000ad200000, 0x00000000ad300000, 0x00000000ad300000|100%| E|CS|TAMS 0x00000000ad200000, 0x00000000ad200000| Complete 
| 211|0x00000000ad300000, 0x00000000ad400000, 0x00000000ad400000|100%| E|CS|TAMS 0x00000000ad300000, 0x00000000ad300000| Complete 
| 212|0x00000000ad400000, 0x00000000ad500000, 0x00000000ad500000|100%| E|CS|TAMS 0x00000000ad400000, 0x00000000ad400000| Complete 
| 213|0x00000000ad500000, 0x00000000ad600000, 0x00000000ad600000|100%| E|CS|TAMS 0x00000000ad500000, 0x00000000ad500000| Complete 
| 214|0x00000000ad600000, 0x00000000ad700000, 0x00000000ad700000|100%| E|CS|TAMS 0x00000000ad600000, 0x00000000ad600000| Complete 
| 215|0x00000000ad700000, 0x00000000ad800000, 0x00000000ad800000|100%| E|CS|TAMS 0x00000000ad700000, 0x00000000ad700000| Complete 
| 216|0x00000000ad800000, 0x00000000ad900000, 0x00000000ad900000|100%| E|CS|TAMS 0x00000000ad800000, 0x00000000ad800000| Complete 
| 217|0x00000000ad900000, 0x00000000ada00000, 0x00000000ada00000|100%| E|CS|TAMS 0x00000000ad900000, 0x00000000ad900000| Complete 
| 218|0x00000000ada00000, 0x00000000adb00000, 0x00000000adb00000|100%| E|CS|TAMS 0x00000000ada00000, 0x00000000ada00000| Complete 
| 219|0x00000000adb00000, 0x00000000adc00000, 0x00000000adc00000|100%| E|CS|TAMS 0x00000000adb00000, 0x00000000adb00000| Complete 
| 220|0x00000000adc00000, 0x00000000add00000, 0x00000000add00000|100%| E|CS|TAMS 0x00000000adc00000, 0x00000000adc00000| Complete 
| 221|0x00000000add00000, 0x00000000ade00000, 0x00000000ade00000|100%| E|CS|TAMS 0x00000000add00000, 0x00000000add00000| Complete 
| 222|0x00000000ade00000, 0x00000000adf00000, 0x00000000adf00000|100%| E|CS|TAMS 0x00000000ade00000, 0x00000000ade00000| Complete 
| 223|0x00000000adf00000, 0x00000000ae000000, 0x00000000ae000000|100%| E|CS|TAMS 0x00000000adf00000, 0x00000000adf00000| Complete 
| 224|0x00000000ae000000, 0x00000000ae100000, 0x00000000ae100000|100%| E|CS|TAMS 0x00000000ae000000, 0x00000000ae000000| Complete 
| 225|0x00000000ae100000, 0x00000000ae200000, 0x00000000ae200000|100%| E|  |TAMS 0x00000000ae100000, 0x00000000ae100000| Complete 
| 226|0x00000000ae200000, 0x00000000ae300000, 0x00000000ae300000|100%| E|CS|TAMS 0x00000000ae200000, 0x00000000ae200000| Complete 
| 227|0x00000000ae300000, 0x00000000ae400000, 0x00000000ae400000|100%| E|CS|TAMS 0x00000000ae300000, 0x00000000ae300000| Complete 
| 228|0x00000000ae400000, 0x00000000ae500000, 0x00000000ae500000|100%| E|CS|TAMS 0x00000000ae400000, 0x00000000ae400000| Complete 
| 229|0x00000000ae500000, 0x00000000ae600000, 0x00000000ae600000|100%| E|CS|TAMS 0x00000000ae500000, 0x00000000ae500000| Complete 
| 230|0x00000000ae600000, 0x00000000ae700000, 0x00000000ae700000|100%| E|CS|TAMS 0x00000000ae600000, 0x00000000ae600000| Complete 
| 231|0x00000000ae700000, 0x00000000ae800000, 0x00000000ae800000|100%| E|CS|TAMS 0x00000000ae700000, 0x00000000ae700000| Complete 
| 232|0x00000000ae800000, 0x00000000ae900000, 0x00000000ae900000|100%| E|CS|TAMS 0x00000000ae800000, 0x00000000ae800000| Complete 
| 233|0x00000000ae900000, 0x00000000aea00000, 0x00000000aea00000|100%| E|CS|TAMS 0x00000000ae900000, 0x00000000ae900000| Complete 
| 234|0x00000000aea00000, 0x00000000aeb00000, 0x00000000aeb00000|100%| E|CS|TAMS 0x00000000aea00000, 0x00000000aea00000| Complete 
| 235|0x00000000aeb00000, 0x00000000aec00000, 0x00000000aec00000|100%| E|CS|TAMS 0x00000000aeb00000, 0x00000000aeb00000| Complete 
| 236|0x00000000aec00000, 0x00000000aed00000, 0x00000000aed00000|100%| E|CS|TAMS 0x00000000aec00000, 0x00000000aec00000| Complete 
| 237|0x00000000aed00000, 0x00000000aee00000, 0x00000000aee00000|100%| E|CS|TAMS 0x00000000aed00000, 0x00000000aed00000| Complete 
| 238|0x00000000aee00000, 0x00000000aef00000, 0x00000000aef00000|100%| E|CS|TAMS 0x00000000aee00000, 0x00000000aee00000| Complete 
| 239|0x00000000aef00000, 0x00000000af000000, 0x00000000af000000|100%| E|CS|TAMS 0x00000000aef00000, 0x00000000aef00000| Complete 
| 240|0x00000000af000000, 0x00000000af100000, 0x00000000af100000|100%| E|CS|TAMS 0x00000000af000000, 0x00000000af000000| Complete 
| 241|0x00000000af100000, 0x00000000af200000, 0x00000000af200000|100%| E|CS|TAMS 0x00000000af100000, 0x00000000af100000| Complete 
| 242|0x00000000af200000, 0x00000000af300000, 0x00000000af300000|100%| E|CS|TAMS 0x00000000af200000, 0x00000000af200000| Complete 
| 243|0x00000000af300000, 0x00000000af400000, 0x00000000af400000|100%| E|CS|TAMS 0x00000000af300000, 0x00000000af300000| Complete 
| 244|0x00000000af400000, 0x00000000af500000, 0x00000000af500000|100%| E|CS|TAMS 0x00000000af400000, 0x00000000af400000| Complete 
| 245|0x00000000af500000, 0x00000000af600000, 0x00000000af600000|100%| E|CS|TAMS 0x00000000af500000, 0x00000000af500000| Complete 
| 246|0x00000000af600000, 0x00000000af700000, 0x00000000af700000|100%| E|CS|TAMS 0x00000000af600000, 0x00000000af600000| Complete 
| 247|0x00000000af700000, 0x00000000af800000, 0x00000000af800000|100%| E|CS|TAMS 0x00000000af700000, 0x00000000af700000| Complete 
| 248|0x00000000af800000, 0x00000000af900000, 0x00000000af900000|100%| E|CS|TAMS 0x00000000af800000, 0x00000000af800000| Complete 
| 249|0x00000000af900000, 0x00000000afa00000, 0x00000000afa00000|100%| E|CS|TAMS 0x00000000af900000, 0x00000000af900000| Complete 
| 250|0x00000000afa00000, 0x00000000afb00000, 0x00000000afb00000|100%| E|CS|TAMS 0x00000000afa00000, 0x00000000afa00000| Complete 
| 251|0x00000000afb00000, 0x00000000afc00000, 0x00000000afc00000|100%| E|CS|TAMS 0x00000000afb00000, 0x00000000afb00000| Complete 
| 252|0x00000000afc00000, 0x00000000afd00000, 0x00000000afd00000|100%| E|CS|TAMS 0x00000000afc00000, 0x00000000afc00000| Complete 
| 253|0x00000000afd00000, 0x00000000afe00000, 0x00000000afe00000|100%| E|CS|TAMS 0x00000000afd00000, 0x00000000afd00000| Complete 

Card table byte_map: [0x000000ec7e9a0000,0x000000ec7eca0000] _byte_map_base: 0x000000ec7e4a0000

Marking Bits (Prev, Next): (CMBitMap*) 0x000000ec7a9e1b48, (CMBitMap*) 0x000000ec7a9e1b80
 Prev Bits: [0x000000ec0f000000, 0x000000ec10800000)
 Next Bits: [0x000000ec10800000, 0x000000ec12000000)

Polling page: 0x000000ec787b0000

Metaspace:

Usage:
  Non-class:     65.56 MB capacity,    64.21 MB ( 98%) used,     1.17 MB (  2%) free+waste,   185.56 KB ( <1%) overhead. 
      Class:     10.54 MB capacity,     9.72 MB ( 92%) used,   743.23 KB (  7%) free+waste,    88.38 KB ( <1%) overhead. 
       Both:     76.09 MB capacity,    73.93 MB ( 97%) used,     1.90 MB (  2%) free+waste,   273.94 KB ( <1%) overhead. 

Virtual space:
  Non-class space:       66.00 MB reserved,      65.67 MB (>99%) committed 
      Class space:        1.00 GB reserved,      10.63 MB (  1%) committed 
             Both:        1.06 GB reserved,      76.29 MB (  7%) committed 

Chunk freelists:
   Non-Class:  50.00 KB
       Class:  0 bytes
        Both:  50.00 KB

MaxMetaspaceSize: 17179869184.00 GB
CompressedClassSpaceSize: 1.00 GB

CodeHeap 'non-profiled nmethods': size=120064Kb used=4792Kb max_used=4792Kb free=115271Kb
 bounds [0x000000ec07ac0000, 0x000000ec07f70000, 0x000000ec0f000000]
CodeHeap 'profiled nmethods': size=120000Kb used=17564Kb max_used=17564Kb free=102435Kb
 bounds [0x000000ec00590000, 0x000000ec016c0000, 0x000000ec07ac0000]
CodeHeap 'non-nmethods': size=5696Kb used=2261Kb max_used=2315Kb free=3434Kb
 bounds [0x000000ec00000000, 0x000000ec00270000, 0x000000ec00590000]
 total_blobs=8776 nmethods=7924 adapters=762
 compilation: enabled
              stopped_count=0, restarted_count=0
 full_count=0

Compilation events (20 events):
Event: 82.937 Thread 0x000000ec7faa1000 nmethod 7961 0x000000ec016b4890 code [0x000000ec016b4b40, 0x000000ec016b5898]
Event: 82.937 Thread 0x000000ec7faa1000 7962       3       org.gradle.internal.io.StreamByteBuffer$StreamByteBufferOutputStream::write (22 bytes)
Event: 82.937 Thread 0x000000ec7faa1000 nmethod 7962 0x000000ec016b5d90 code [0x000000ec016b5f60, 0x000000ec016b61e8]
Event: 82.937 Thread 0x000000ec7faa1000 7963       3       org.gradle.internal.io.StreamByteBuffer$StreamByteBufferChunk::write (32 bytes)
Event: 82.937 Thread 0x000000ec7faa1000 nmethod 7963 0x000000ec016b6390 code [0x000000ec016b6540, 0x000000ec016b66d8]
Event: 82.937 Thread 0x000000ec7faa1000 7964       3       org.gradle.internal.io.LineBufferingOutputStream::endsWithLineSeparator (27 bytes)
Event: 82.937 Thread 0x000000ec7faa1000 nmethod 7964 0x000000ec016b6790 code [0x000000ec016b6940, 0x000000ec016b6ad8]
Event: 82.937 Thread 0x000000ec7faa1000 7966       1       org.gradle.internal.logging.events.RenderableOutputEvent::getBuildOperationId (5 bytes)
Event: 82.937 Thread 0x000000ec7faa1000 nmethod 7966 0x000000ec07f6b190 code [0x000000ec07f6b340, 0x000000ec07f6b3f8]
Event: 82.941 Thread 0x000000ec7faa1000 7967       3       org.gradle.internal.serialize.kryo.KryoBackedEncoder::writeSmallInt (11 bytes)
Event: 82.941 Thread 0x000000ec7faa1000 nmethod 7967 0x000000ec016b6b90 code [0x000000ec016b6d60, 0x000000ec016b6f08]
Event: 82.944 Thread 0x000000ec7fa98000 nmethod 7954 0x000000ec07f6b490 code [0x000000ec07f6b6a0, 0x000000ec07f6bdb0]
Event: 82.944 Thread 0x000000ec7fa98000 7965       4       org.gradle.internal.logging.text.AbstractLineChoppingStyledTextOutput$StateContext::hasChar (22 bytes)
Event: 82.944 Thread 0x000000ec7fa98000 nmethod 7965 0x000000ec07f6c390 code [0x000000ec07f6c520, 0x000000ec07f6c598]
Event: 82.944 Thread 0x000000ec7fa98000 7958       4       org.gradle.internal.logging.text.AbstractLineChoppingStyledTextOutput$1::execute (130 bytes)
Event: 82.954 Thread 0x000000ec7fa98000 nmethod 7958 0x000000ec07f6c610 code [0x000000ec07f6c820, 0x000000ec07f6cf10]
Event: 82.954 Thread 0x000000ec7fa98000 7959       4       org.gradle.internal.logging.text.AbstractLineChoppingStyledTextOutput$2::execute (73 bytes)
Event: 82.965 Thread 0x000000ec7fa98000 nmethod 7959 0x000000ec07f6d490 code [0x000000ec07f6d680, 0x000000ec07f6dc10]
Event: 83.595 Thread 0x000000ec7faa1000 7968       3       java.util.concurrent.SynchronousQueue$TransferStack$SNode::isCancelled (14 bytes)
Event: 83.596 Thread 0x000000ec7faa1000 nmethod 7968 0x000000ec016b7010 code [0x000000ec016b71c0, 0x000000ec016b7318]

GC Heap History (20 events):
Event: 1.954 GC heap before
{Heap before GC invocations=1 (full 0):
 garbage-first heap   total 260096K, used 19022K [0x00000000a0000000, 0x0000000100000000)
  region size 1024K, 13 young (13312K), 2 survivors (2048K)
 Metaspace       used 10837K, capacity 11072K, committed 11264K, reserved 1058816K
  class space    used 1144K, capacity 1201K, committed 1280K, reserved 1048576K
}
Event: 1.957 GC heap after
{Heap after GC invocations=2 (full 0):
 garbage-first heap   total 260096K, used 8811K [0x00000000a0000000, 0x0000000100000000)
  region size 1024K, 1 young (1024K), 1 survivors (1024K)
 Metaspace       used 10837K, capacity 11072K, committed 11264K, reserved 1058816K
  class space    used 1144K, capacity 1201K, committed 1280K, reserved 1048576K
}
Event: 4.068 GC heap before
{Heap before GC invocations=2 (full 0):
 garbage-first heap   total 260096K, used 35435K [0x00000000a0000000, 0x0000000100000000)
  region size 1024K, 28 young (28672K), 1 survivors (1024K)
 Metaspace       used 11013K, capacity 11265K, committed 11520K, reserved 1058816K
  class space    used 1145K, capacity 1201K, committed 1280K, reserved 1048576K
}
Event: 4.072 GC heap after
{Heap after GC invocations=3 (full 0):
 garbage-first heap   total 260096K, used 12961K [0x00000000a0000000, 0x0000000100000000)
  region size 1024K, 4 young (4096K), 4 survivors (4096K)
 Metaspace       used 11013K, capacity 11265K, committed 11520K, reserved 1058816K
  class space    used 1145K, capacity 1201K, committed 1280K, reserved 1048576K
}
Event: 6.716 GC heap before
{Heap before GC invocations=3 (full 0):
 garbage-first heap   total 260096K, used 53921K [0x00000000a0000000, 0x0000000100000000)
  region size 1024K, 44 young (45056K), 4 survivors (4096K)
 Metaspace       used 18391K, capacity 18746K, committed 19072K, reserved 1067008K
  class space    used 2215K, capacity 2341K, committed 2432K, reserved 1048576K
}
Event: 6.726 GC heap after
{Heap after GC invocations=4 (full 0):
 garbage-first heap   total 260096K, used 15669K [0x00000000a0000000, 0x0000000100000000)
  region size 1024K, 3 young (3072K), 3 survivors (3072K)
 Metaspace       used 18391K, capacity 18746K, committed 19072K, reserved 1067008K
  class space    used 2215K, capacity 2341K, committed 2432K, reserved 1048576K
}
Event: 7.448 GC heap before
{Heap before GC invocations=4 (full 0):
 garbage-first heap   total 260096K, used 30005K [0x00000000a0000000, 0x0000000100000000)
  region size 1024K, 18 young (18432K), 3 survivors (3072K)
 Metaspace       used 20561K, capacity 21064K, committed 21248K, reserved 1067008K
  class space    used 2523K, capacity 2693K, committed 2816K, reserved 1048576K
}
Event: 7.456 GC heap after
{Heap after GC invocations=5 (full 0):
 garbage-first heap   total 260096K, used 16396K [0x00000000a0000000, 0x0000000100000000)
  region size 1024K, 4 young (4096K), 4 survivors (4096K)
 Metaspace       used 20561K, capacity 21064K, committed 21248K, reserved 1067008K
  class space    used 2523K, capacity 2693K, committed 2816K, reserved 1048576K
}
Event: 10.209 GC heap before
{Heap before GC invocations=6 (full 0):
 garbage-first heap   total 260096K, used 71692K [0x00000000a0000000, 0x0000000100000000)
  region size 1024K, 58 young (59392K), 4 survivors (4096K)
 Metaspace       used 26376K, capacity 26976K, committed 27264K, reserved 1073152K
  class space    used 3450K, capacity 3669K, committed 3712K, reserved 1048576K
}
Event: 10.218 GC heap after
{Heap after GC invocations=7 (full 0):
 garbage-first heap   total 260096K, used 18300K [0x00000000a0000000, 0x0000000100000000)
  region size 1024K, 6 young (6144K), 6 survivors (6144K)
 Metaspace       used 26376K, capacity 26976K, committed 27264K, reserved 1073152K
  class space    used 3450K, capacity 3669K, committed 3712K, reserved 1048576K
}
Event: 13.859 GC heap before
{Heap before GC invocations=7 (full 0):
 garbage-first heap   total 260096K, used 69500K [0x00000000a0000000, 0x0000000100000000)
  region size 1024K, 54 young (55296K), 6 survivors (6144K)
 Metaspace       used 35024K, capacity 35724K, committed 35840K, reserved 1081344K
  class space    used 4517K, capacity 4775K, committed 4864K, reserved 1048576K
}
Event: 13.874 GC heap after
{Heap after GC invocations=8 (full 0):
 garbage-first heap   total 260096K, used 23907K [0x00000000a0000000, 0x0000000100000000)
  region size 1024K, 9 young (9216K), 9 survivors (9216K)
 Metaspace       used 35024K, capacity 35724K, committed 35840K, reserved 1081344K
  class space    used 4517K, capacity 4775K, committed 4864K, reserved 1048576K
}
Event: 23.540 GC heap before
{Heap before GC invocations=9 (full 0):
 garbage-first heap   total 260096K, used 157027K [0x00000000a0000000, 0x0000000100000000)
  region size 1024K, 139 young (142336K), 9 survivors (9216K)
 Metaspace       used 43999K, capacity 45045K, committed 45184K, reserved 1089536K
  class space    used 5630K, capacity 6003K, committed 6016K, reserved 1048576K
}
Event: 23.571 GC heap after
{Heap after GC invocations=10 (full 0):
 garbage-first heap   total 260096K, used 27816K [0x00000000a0000000, 0x0000000100000000)
  region size 1024K, 15 young (15360K), 15 survivors (15360K)
 Metaspace       used 43999K, capacity 45045K, committed 45184K, reserved 1089536K
  class space    used 5630K, capacity 6003K, committed 6016K, reserved 1048576K
}
Event: 30.525 GC heap before
{Heap before GC invocations=11 (full 0):
 garbage-first heap   total 260096K, used 174248K [0x00000000a0000000, 0x0000000100000000)
  region size 1024K, 152 young (155648K), 15 survivors (15360K)
 Metaspace       used 57056K, capacity 58317K, committed 58368K, reserved 1099776K
  class space    used 7223K, capacity 7661K, committed 7680K, reserved 1048576K
}
Event: 30.561 GC heap after
{Heap after GC invocations=12 (full 0):
 garbage-first heap   total 260096K, used 44343K [0x00000000a0000000, 0x0000000100000000)
  region size 1024K, 19 young (19456K), 19 survivors (19456K)
 Metaspace       used 57056K, capacity 58317K, committed 58368K, reserved 1099776K
  class space    used 7223K, capacity 7661K, committed 7680K, reserved 1048576K
}
Event: 35.074 GC heap before
{Heap before GC invocations=12 (full 0):
 garbage-first heap   total 260096K, used 180535K [0x00000000a0000000, 0x0000000100000000)
  region size 1024K, 152 young (155648K), 19 survivors (19456K)
 Metaspace       used 65687K, capacity 67430K, committed 67712K, reserved 1107968K
  class space    used 8439K, capacity 9031K, committed 9088K, reserved 1048576K
}
Event: 35.116 GC heap after
{Heap after GC invocations=13 (full 0):
 garbage-first heap   total 260096K, used 54847K [0x00000000a0000000, 0x0000000100000000)
  region size 1024K, 10 young (10240K), 10 survivors (10240K)
 Metaspace       used 65687K, capacity 67430K, committed 67712K, reserved 1107968K
  class space    used 8439K, capacity 9031K, committed 9088K, reserved 1048576K
}
Event: 38.428 GC heap before
{Heap before GC invocations=13 (full 0):
 garbage-first heap   total 260096K, used 170559K [0x00000000a0000000, 0x0000000100000000)
  region size 1024K, 124 young (126976K), 10 survivors (10240K)
 Metaspace       used 73213K, capacity 75242K, committed 75308K, reserved 1114112K
  class space    used 9569K, capacity 10352K, committed 10368K, reserved 1048576K
}
Event: 38.480 GC heap after
{Heap after GC invocations=14 (full 0):
 garbage-first heap   total 260096K, used 63039K [0x00000000a0000000, 0x0000000100000000)
  region size 1024K, 18 young (18432K), 18 survivors (18432K)
 Metaspace       used 73213K, capacity 75242K, committed 75308K, reserved 1114112K
  class space    used 9569K, capacity 10352K, committed 10368K, reserved 1048576K
}

Deoptimization events (20 events):
Event: 45.943 Thread 0x000000ec17708800 Uncommon trap: trap_request=0xffffffc6 fr.pc=0x000000ec07f512b4 relative=0x0000000000000bb4
Event: 45.943 Thread 0x000000ec17708800 Uncommon trap: reason=bimorphic_or_optimized_type_check action=maybe_recompile pc=0x000000ec07f512b4 method=java.util.HashMap.removeNode(ILjava/lang/Object;Ljava/lang/Object;ZZ)Ljava/util/HashMap$Node; @ 283 c2
Event: 45.943 Thread 0x000000ec17708800 DEOPT PACKING pc=0x000000ec07f512b4 sp=0x000000ec18f7e290
Event: 45.943 Thread 0x000000ec17708800 DEOPT UNPACKING pc=0x000000ec000265af sp=0x000000ec18f7e218 mode 2
Event: 45.943 Thread 0x000000ec17708800 Uncommon trap: trap_request=0xffffffc6 fr.pc=0x000000ec07f512b4 relative=0x0000000000000bb4
Event: 45.943 Thread 0x000000ec17708800 Uncommon trap: reason=bimorphic_or_optimized_type_check action=maybe_recompile pc=0x000000ec07f512b4 method=java.util.HashMap.removeNode(ILjava/lang/Object;Ljava/lang/Object;ZZ)Ljava/util/HashMap$Node; @ 283 c2
Event: 45.943 Thread 0x000000ec17708800 DEOPT PACKING pc=0x000000ec07f512b4 sp=0x000000ec18f7e290
Event: 45.943 Thread 0x000000ec17708800 DEOPT UNPACKING pc=0x000000ec000265af sp=0x000000ec18f7e218 mode 2
Event: 55.926 Thread 0x000000ec17708800 Uncommon trap: trap_request=0xffffffc6 fr.pc=0x000000ec07f512b4 relative=0x0000000000000bb4
Event: 55.926 Thread 0x000000ec17708800 Uncommon trap: reason=bimorphic_or_optimized_type_check action=maybe_recompile pc=0x000000ec07f512b4 method=java.util.HashMap.removeNode(ILjava/lang/Object;Ljava/lang/Object;ZZ)Ljava/util/HashMap$Node; @ 283 c2
Event: 55.926 Thread 0x000000ec17708800 DEOPT PACKING pc=0x000000ec07f512b4 sp=0x000000ec18f7e210
Event: 55.926 Thread 0x000000ec17708800 DEOPT UNPACKING pc=0x000000ec000265af sp=0x000000ec18f7e198 mode 2
Event: 55.926 Thread 0x000000ec17708800 Uncommon trap: trap_request=0xffffffc6 fr.pc=0x000000ec07f512b4 relative=0x0000000000000bb4
Event: 55.926 Thread 0x000000ec17708800 Uncommon trap: reason=bimorphic_or_optimized_type_check action=maybe_recompile pc=0x000000ec07f512b4 method=java.util.HashMap.removeNode(ILjava/lang/Object;Ljava/lang/Object;ZZ)Ljava/util/HashMap$Node; @ 283 c2
Event: 55.926 Thread 0x000000ec17708800 DEOPT PACKING pc=0x000000ec07f512b4 sp=0x000000ec18f7e200
Event: 55.926 Thread 0x000000ec17708800 DEOPT UNPACKING pc=0x000000ec000265af sp=0x000000ec18f7e188 mode 2
Event: 83.595 Thread 0x000000ec179a2000 Uncommon trap: trap_request=0xffffff4d fr.pc=0x000000ec07e18f40 relative=0x00000000000011e0
Event: 83.595 Thread 0x000000ec179a2000 Uncommon trap: reason=unstable_if action=reinterpret pc=0x000000ec07e18f40 method=java.util.concurrent.ConcurrentHashMap.putVal(Ljava/lang/Object;Ljava/lang/Object;Z)Ljava/lang/Object; @ 97 c2
Event: 83.595 Thread 0x000000ec179a2000 DEOPT PACKING pc=0x000000ec07e18f40 sp=0x000000ec2072e0b0
Event: 83.595 Thread 0x000000ec179a2000 DEOPT UNPACKING pc=0x000000ec000265af sp=0x000000ec2072e048 mode 2

Classes redefined (0 events):
No events

Internal exceptions (20 events):
Event: 42.163 Thread 0x000000ec1a39d800 Exception <a 'java/lang/NoSuchMethodError'{0x00000000ad3de928}: 'void java.lang.invoke.DirectMethodHandle$Holder.invokeVirtual(java.lang.Object, java.lang.Object)'> (0x00000000ad3de928) thrown at [./src/hotspot/share/interpreter/linkResolver.cpp, line 773]
Event: 42.217 Thread 0x000000ec1a39d800 Exception <a 'java/lang/ClassNotFoundException'{0x00000000ad175db0}: org/gradle/process/internal/DefaultExecAction_DecoratedBeanInfo> (0x00000000ad175db0) thrown at [./src/hotspot/share/classfile/systemDictionary.cpp, line 231]
Event: 42.218 Thread 0x000000ec1a39d800 Exception <a 'java/lang/ClassNotFoundException'{0x00000000ad19a6f0}: org/gradle/process/internal/DefaultExecActionBeanInfo> (0x00000000ad19a6f0) thrown at [./src/hotspot/share/classfile/systemDictionary.cpp, line 231]
Event: 42.219 Thread 0x000000ec1a39d800 Exception <a 'java/lang/ClassNotFoundException'{0x00000000ad1c1538}: org/gradle/process/internal/DefaultExecHandleBuilderBeanInfo> (0x00000000ad1c1538) thrown at [./src/hotspot/share/classfile/systemDictionary.cpp, line 231]
Event: 42.220 Thread 0x000000ec1a39d800 Exception <a 'java/lang/ClassNotFoundException'{0x00000000ad1e8040}: org/gradle/process/internal/AbstractExecHandleBuilderBeanInfo> (0x00000000ad1e8040) thrown at [./src/hotspot/share/classfile/systemDictionary.cpp, line 231]
Event: 42.221 Thread 0x000000ec1a39d800 Exception <a 'java/lang/ClassNotFoundException'{0x00000000ad00f0d0}: org/gradle/process/internal/DefaultProcessForkOptionsBeanInfo> (0x00000000ad00f0d0) thrown at [./src/hotspot/share/classfile/systemDictionary.cpp, line 231]
Event: 42.223 Thread 0x000000ec1a39d800 Exception <a 'java/lang/ClassNotFoundException'{0x00000000ad035d48}: org/gradle/process/internal/DefaultProcessForkOptionsCustomizer> (0x00000000ad035d48) thrown at [./src/hotspot/share/classfile/systemDictionary.cpp, line 231]
Event: 42.225 Thread 0x000000ec1a39d800 Exception <a 'java/lang/ClassNotFoundException'{0x00000000ad068c98}: org/gradle/process/internal/AbstractExecHandleBuilderCustomizer> (0x00000000ad068c98) thrown at [./src/hotspot/share/classfile/systemDictionary.cpp, line 231]
Event: 42.226 Thread 0x000000ec1a39d800 Exception <a 'java/lang/ClassNotFoundException'{0x00000000ad0a1858}: org/gradle/process/internal/DefaultExecHandleBuilderCustomizer> (0x00000000ad0a1858) thrown at [./src/hotspot/share/classfile/systemDictionary.cpp, line 231]
Event: 42.228 Thread 0x000000ec1a39d800 Exception <a 'java/lang/ClassNotFoundException'{0x00000000ad0f2f08}: org/gradle/process/internal/DefaultExecActionCustomizer> (0x00000000ad0f2f08) thrown at [./src/hotspot/share/classfile/systemDictionary.cpp, line 231]
Event: 42.229 Thread 0x000000ec1a39d800 Exception <a 'java/lang/ClassNotFoundException'{0x00000000acf23cc0}: org/gradle/process/internal/DefaultExecAction_DecoratedCustomizer> (0x00000000acf23cc0) thrown at [./src/hotspot/share/classfile/systemDictionary.cpp, line 231]
Event: 42.232 Thread 0x000000ec1a39d800 Exception <a 'java/lang/ClassNotFoundException'{0x00000000acf6c870}: org/gradle/api/logging/LogLevelBeanInfo> (0x00000000acf6c870) thrown at [./src/hotspot/share/classfile/systemDictionary.cpp, line 231]
Event: 42.233 Thread 0x000000ec1a39d800 Exception <a 'java/lang/ClassNotFoundException'{0x00000000acf8c438}: org/gradle/api/logging/LogLevelCustomizer> (0x00000000acf8c438) thrown at [./src/hotspot/share/classfile/systemDictionary.cpp, line 231]
Event: 42.237 Thread 0x000000ec1a39d800 Exception <a 'java/lang/ClassNotFoundException'{0x00000000acfe1c48}: org/gradle/internal/logging/compatbridge/LoggingManagerInternalCompatibilityBridgeBeanInfo> (0x00000000acfe1c48) thrown at [./src/hotspot/share/classfile/systemDictionary.cpp, line 231]
Event: 42.238 Thread 0x000000ec1a39d800 Exception <a 'java/lang/ClassNotFoundException'{0x00000000ace0fdd0}: org/gradle/internal/logging/compatbridge/LoggingManagerInternalCompatibilityBridgeCustomizer> (0x00000000ace0fdd0) thrown at [./src/hotspot/share/classfile/systemDictionary.cpp, line 231]
Event: 42.272 Thread 0x000000ec1a39c800 Exception <a 'java/lang/NoSuchMethodError'{0x00000000ace833c0}: 'void java.lang.invoke.DirectMethodHandle$Holder.invokeStatic(java.lang.Object, long)'> (0x00000000ace833c0) thrown at [./src/hotspot/share/interpreter/linkResolver.cpp, line 773]
Event: 42.273 Thread 0x000000ec1a39c800 Exception <a 'java/lang/NoSuchMethodError'{0x00000000ace885d8}: 'java.lang.Object java.lang.invoke.DirectMethodHandle$Holder.invokeStatic(java.lang.Object, long)'> (0x00000000ace885d8) thrown at [./src/hotspot/share/interpreter/linkResolver.cpp, line 773]
Event: 42.275 Thread 0x000000ec1a39c800 Exception <a 'java/lang/NoSuchMethodError'{0x00000000ace96898}: 'java.lang.Object java.lang.invoke.DirectMethodHandle$Holder.invokeStaticInit(java.lang.Object, java.lang.Object, long, java.lang.Object)'> (0x00000000ace96898) thrown at [./src/hotspot/share/interpreter/linkResolver.cpp, line 773]
Event: 42.276 Thread 0x000000ec1a39c800 Exception <a 'java/lang/NoSuchMethodError'{0x00000000ace9c9e0}: 'java.lang.Object java.lang.invoke.DirectMethodHandle$Holder.invokeStatic(java.lang.Object, java.lang.Object, long)'> (0x00000000ace9c9e0) thrown at [./src/hotspot/share/interpreter/linkResolver.cpp, line 773]
Event: 42.277 Thread 0x000000ec1a39c800 Exception <a 'java/lang/NoSuchMethodError'{0x00000000acea2cb0}: 'java.lang.Object java.lang.invoke.Invokers$Holder.linkToTargetMethod(java.lang.Object, long, java.lang.Object)'> (0x00000000acea2cb0) thrown at [./src/hotspot/share/interpreter/linkResolver.cpp, line 773]

Events (20 events):
Event: 83.601 Executing coalesced safepoint VM operation: RevokeBias
Event: 83.601 Executing coalesced safepoint VM operation: RevokeBias done
Event: 83.601 Executing coalesced safepoint VM operation: RevokeBias
Event: 83.601 Executing coalesced safepoint VM operation: RevokeBias done
Event: 83.601 Executing coalesced safepoint VM operation: RevokeBias
Event: 83.601 Executing coalesced safepoint VM operation: RevokeBias done
Event: 83.601 Executing coalesced safepoint VM operation: RevokeBias
Event: 83.601 Executing coalesced safepoint VM operation: RevokeBias done
Event: 83.601 Executing VM operation: RevokeBias done
Event: 83.601 Thread 0x000000ec7fd56800 Thread exited: 0x000000ec7fd56800
Event: 83.601 Executing VM operation: RevokeBias
Event: 83.602 Executing VM operation: RevokeBias done
Event: 83.602 Thread 0x000000ec7fd55000 Thread exited: 0x000000ec7fd55000
Event: 83.602 Thread 0x000000ec1761d800 Thread exited: 0x000000ec1761d800
Event: 83.602 Thread 0x000000ec1a965800 Thread exited: 0x000000ec1a965800
Event: 83.602 Executing VM operation: RevokeBias
Event: 83.602 Thread 0x000000ec1a964000 Thread exited: 0x000000ec1a964000
Event: 83.602 Thread 0x000000ec7fd9e800 Thread exited: 0x000000ec7fd9e800
Event: 83.602 Thread 0x000000ec7fda2000 Thread exited: 0x000000ec7fda2000
Event: 83.602 Executing coalesced safepoint VM operation: BulkRevokeBias


Dynamic libraries:
0x000007f60e250000 - 0x000007f60e25a000 	C:\Program Files\Android\Android Studio\jre\bin\java.exe
0x000007facab90000 - 0x000007facad4e000 	C:\Windows\SYSTEM32\ntdll.dll
0x000007fac9da0000 - 0x000007fac9ed6000 	C:\Windows\system32\KERNEL32.DLL
0x000007fac7e60000 - 0x000007fac7f53000 	C:\Windows\system32\KERNELBASE.dll
0x000007fab9c10000 - 0x000007fab9c29000 	C:\Program Files\Android\Android Studio\jre\bin\jli.dll
0x000007fac4fd0000 - 0x000007fac4fe7000 	C:\Program Files\Android\Android Studio\jre\bin\VCRUNTIME140.dll
0x000007fac4fc0000 - 0x000007fac4fc4000 	C:\Windows\SYSTEM32\api-ms-win-crt-stdio-l1-1-0.dll
0x000007fac4fa0000 - 0x000007fac4fa4000 	C:\Windows\SYSTEM32\api-ms-win-crt-runtime-l1-1-0.dll
0x000007fac4ec0000 - 0x000007fac4ec3000 	C:\Windows\SYSTEM32\api-ms-win-crt-environment-l1-1-0.dll
0x000007fac4ea0000 - 0x000007fac4ea5000 	C:\Windows\SYSTEM32\api-ms-win-crt-math-l1-1-0.dll
0x000007fac0fd0000 - 0x000007fac0fd3000 	C:\Windows\SYSTEM32\api-ms-win-crt-locale-l1-1-0.dll
0x000007fac4680000 - 0x000007fac4683000 	C:\Windows\SYSTEM32\api-ms-win-crt-heap-l1-1-0.dll
0x000007fac5ae0000 - 0x000007fac5d49000 	C:\Windows\WinSxS\amd64_microsoft.windows.common-controls_6595b64144ccf1df_6.0.9200.16384_none_418c2a697189c07f\COMCTL32.dll
0x000007fac9c40000 - 0x000007fac9d8c000 	C:\Windows\system32\USER32.dll
0x000007fac4e90000 - 0x000007fac4e93000 	C:\Windows\SYSTEM32\api-ms-win-crt-filesystem-l1-1-0.dll
0x000007fac4fb0000 - 0x000007fac4fb4000 	C:\Windows\SYSTEM32\api-ms-win-crt-string-l1-1-0.dll
0x000007fac4ed0000 - 0x000007fac4ed4000 	C:\Windows\SYSTEM32\api-ms-win-crt-convert-l1-1-0.dll
0x000007faca470000 - 0x000007faca515000 	C:\Windows\system32\msvcrt.dll
0x000007faca990000 - 0x000007facaad0000 	C:\Windows\system32\GDI32.dll
0x000007fabcbb0000 - 0x000007fabcca2000 	C:\Windows\SYSTEM32\ucrtbase.DLL
0x000007fac9ee0000 - 0x000007fac9f19000 	C:\Windows\system32\IMM32.DLL
0x000007fac9f20000 - 0x000007faca035000 	C:\Windows\system32\MSCTF.dll
0x000007fac7a00000 - 0x000007fac7a40000 	C:\Windows\system32\nvinitx.dll
0x000007faca390000 - 0x000007faca46e000 	C:\Windows\system32\ADVAPI32.dll
0x000007fac9a20000 - 0x000007fac9a68000 	C:\Windows\SYSTEM32\sechost.dll
0x000007fac9500000 - 0x000007fac9640000 	C:\Windows\system32\RPCRT4.dll
0x000007fabfa50000 - 0x000007fabfaed000 	C:\Program Files\Android\Android Studio\jre\bin\msvcp140.dll
0x000007fac0fc0000 - 0x000007fac0fc5000 	C:\Windows\SYSTEM32\api-ms-win-crt-multibyte-l1-1-0.dll
0x000007fac4e80000 - 0x000007fac4e83000 	C:\Windows\SYSTEM32\api-ms-win-crt-time-l1-1-0.dll
0x000007fac4eb0000 - 0x000007fac4eb3000 	C:\Windows\SYSTEM32\api-ms-win-crt-utility-l1-1-0.dll
0x000007fab6f50000 - 0x000007fab7a25000 	C:\Program Files\Android\Android Studio\jre\bin\server\jvm.dll
0x000007fac47b0000 - 0x000007fac47b9000 	C:\Windows\SYSTEM32\WSOCK32.dll
0x000007fac3910000 - 0x000007fac3930000 	C:\Windows\SYSTEM32\WINMM.dll
0x000007fac3950000 - 0x000007fac3959000 	C:\Windows\SYSTEM32\VERSION.dll
0x000007fac9d90000 - 0x000007fac9d97000 	C:\Windows\system32\PSAPI.DLL
0x000007fac9960000 - 0x000007fac99b8000 	C:\Windows\system32\WS2_32.dll
0x000007fac3870000 - 0x000007fac38a2000 	C:\Windows\SYSTEM32\WINMMBASE.dll
0x000007faca520000 - 0x000007faca529000 	C:\Windows\system32\NSI.dll
0x000007fac2510000 - 0x000007fac2521000 	C:\Program Files\Android\Android Studio\jre\bin\verify.dll
0x000007fac0dd0000 - 0x000007fac0f33000 	C:\Windows\SYSTEM32\DBGHELP.DLL
0x000007fac24e0000 - 0x000007fac2509000 	C:\Program Files\Android\Android Studio\jre\bin\java.dll
0x000007fac4670000 - 0x000007fac467b000 	C:\Program Files\Android\Android Studio\jre\bin\jimage.dll
0x000007fac24c0000 - 0x000007fac24d8000 	C:\Program Files\Android\Android Studio\jre\bin\zip.dll
0x000007fac8210000 - 0x000007fac94f8000 	C:\Windows\system32\SHELL32.dll
0x000007faca530000 - 0x000007faca6e0000 	C:\Windows\SYSTEM32\combase.dll
0x000007fac81c0000 - 0x000007fac8210000 	C:\Windows\system32\SHLWAPI.dll
0x000007fac6bd0000 - 0x000007fac6c66000 	C:\Windows\SYSTEM32\SHCORE.dll
0x000007fac7a50000 - 0x000007fac7a65000 	C:\Windows\SYSTEM32\profapi.dll
0x000007fac24a0000 - 0x000007fac24ba000 	C:\Program Files\Android\Android Studio\jre\bin\net.dll
0x000007fac12b0000 - 0x000007fac1361000 	C:\Windows\SYSTEM32\WINHTTP.dll
0x000007fac7260000 - 0x000007fac72bc000 	C:\Windows\system32\mswsock.dll
0x000007fac2480000 - 0x000007fac2494000 	C:\Program Files\Android\Android Studio\jre\bin\nio.dll
0x000007fab2640000 - 0x000007fab2666000 	C:\Users\Alchemist\.gradle\native\fdc75f09e3144964f2cf3f50f0aa648679c211496f362492102eb8c894070792\windows-amd64\native-platform.dll
0x000007faaf2d0000 - 0x000007faaf461000 	C:\Users\Alchemist\.gradle\native\12488b8bf47d2d4c9fbf2f6322a914ad602e24e48041cd04a747c6da556b65c4\windows-amd64\native-platform-file-events.dll
0x000007fac3c50000 - 0x000007fac3c5a000 	C:\Program Files\Android\Android Studio\jre\bin\management.dll
0x000007fac2470000 - 0x000007fac247d000 	C:\Program Files\Android\Android Studio\jre\bin\management_ext.dll
0x000007fac72c0000 - 0x000007fac72da000 	C:\Windows\SYSTEM32\CRYPTSP.dll
0x000007fac6f40000 - 0x000007fac6f89000 	C:\Windows\system32\rsaenh.dll
0x000007fac7040000 - 0x000007fac705f000 	C:\Windows\SYSTEM32\USERENV.dll
0x000007fac7850000 - 0x000007fac785a000 	C:\Windows\SYSTEM32\CRYPTBASE.dll
0x000007fac77f0000 - 0x000007fac784c000 	C:\Windows\SYSTEM32\bcryptPrimitives.dll
0x000007fac3830000 - 0x000007fac385a000 	C:\Windows\SYSTEM32\IPHLPAPI.DLL
0x000007fac37a0000 - 0x000007fac37aa000 	C:\Windows\SYSTEM32\WINNSI.DLL
0x000007fac4d60000 - 0x000007fac4d73000 	C:\Windows\SYSTEM32\dhcpcsvc6.DLL
0x000007fac4d40000 - 0x000007fac4d58000 	C:\Windows\SYSTEM32\dhcpcsvc.DLL

dbghelp: loaded successfully - version: 4.0.5 - missing functions: none
symbol engine: initialized successfully - sym options: 0x614 - pdb path: .;C:\Program Files\Android\Android Studio\jre\bin;C:\Windows\SYSTEM32;C:\Windows\WinSxS\amd64_microsoft.windows.common-controls_6595b64144ccf1df_6.0.9200.16384_none_418c2a697189c07f;C:\Program Files\Android\Android Studio\jre\bin\server;C:\Users\Alchemist\.gradle\native\fdc75f09e3144964f2cf3f50f0aa648679c211496f362492102eb8c894070792\windows-amd64;C:\Users\Alchemist\.gradle\native\12488b8bf47d2d4c9fbf2f6322a914ad602e24e48041cd04a747c6da556b65c4\windows-amd64

VM Arguments:
jvm_args: --add-opens=java.base/java.util=ALL-UNNAMED --add-opens=java.base/java.lang=ALL-UNNAMED --add-opens=java.base/java.lang.invoke=ALL-UNNAMED --add-opens=java.prefs/java.util.prefs=ALL-UNNAMED -Xmx1536M -Dfile.encoding=windows-1251 -Duser.country=RU -Duser.language=ru -Duser.variant 
java_command: org.gradle.launcher.daemon.bootstrap.GradleDaemon 6.7
java_class_path (initial): C:\Users\Alchemist\.gradle\wrapper\dists\gradle-6.7-all\cuy9mc7upwgwgeb72wkcrupxe\gradle-6.7\lib\gradle-launcher-6.7.jar
Launcher Type: SUN_STANDARD

[Global flags]
     intx CICompilerCount                          = 3                                         {product} {ergonomic}
     uint ConcGCThreads                            = 1                                         {product} {ergonomic}
     uint G1ConcRefinementThreads                  = 4                                         {product} {ergonomic}
   size_t G1HeapRegionSize                         = 1048576                                   {product} {ergonomic}
    uintx GCDrainStackTargetSize                   = 64                                        {product} {ergonomic}
   size_t InitialHeapSize                          = 266338304                                 {product} {ergonomic}
   size_t MarkStackSize                            = 4194304                                   {product} {ergonomic}
   size_t MaxHeapSize                              = 1610612736                                {product} {command line}
   size_t MaxNewSize                               = 965738496                                 {product} {ergonomic}
   size_t MinHeapDeltaBytes                        = 1048576                                   {product} {ergonomic}
    uintx NonNMethodCodeHeapSize                   = 5830732                                {pd product} {ergonomic}
    uintx NonProfiledCodeHeapSize                  = 122913754                              {pd product} {ergonomic}
    uintx ProfiledCodeHeapSize                     = 122913754                              {pd product} {ergonomic}
    uintx ReservedCodeCacheSize                    = 251658240                              {pd product} {ergonomic}
     bool SegmentedCodeCache                       = true                                      {product} {ergonomic}
     bool UseCompressedClassPointers               = true                                 {lp64_product} {ergonomic}
     bool UseCompressedOops                        = true                                 {lp64_product} {ergonomic}
     bool UseG1GC                                  = true                                      {product} {ergonomic}
     bool UseLargePagesIndividualAllocation        = false                                  {pd product} {ergonomic}

Logging:
Log output configuration:
 #0: stdout all=warning uptime,level,tags
 #1: stderr all=off uptime,level,tags

Environment Variables:
JAVA_HOME=C:\Program Files\Android\Android Studio\jre
CLASSPATH=C:\job\StudioProjects\data_collector2\android\\gradle\wrapper\gradle-wrapper.jar
PATH=C:\Program Files\Zulu\zulu-15\bin\;C:\Program Files\Common Files\Oracle\Java\javapath;C:\Program Files (x86)\Common Files\Oracle\Java\javapath;C:\Program Files (x86)\NVIDIA Corporation\PhysX\Common;C:\Program Files (x86)\Intel\iCLS Client\;C:\Program Files\Intel\iCLS Client\;C:\Windows\system32;C:\Windows;C:\Windows\System32\Wbem;C:\Windows\System32\WindowsPowerShell\v1.0\;C:\Program Files (x86)\Intel\OpenCL SDK\2.0\bin\x86;C:\Program Files (x86)\Intel\OpenCL SDK\2.0\bin\x64;C:\Program Files\Intel\Intel(R) Management Engine Components\DAL;C:\Program Files\Intel\Intel(R) Management Engine Components\IPT;C:\Program Files (x86)\Intel\Intel(R) Management Engine Components\DAL;C:\Program Files (x86)\Intel\Intel(R) Management Engine Components\IPT;C:\Program Files (x86)\Python36-32;C:\Program Files (x86)\Python36-32\scripts;C:\Program Files\Git\cmd;C:\job\flutter\bin;C:\Users\Alchemist\AppData\Local\Programs\Python\Python36-32\Scripts\;C:\Users\Alchemist\AppData\Local\Programs\Python\Python36-32\;C:\Users\Alchemist\AppData\Local\Programs\Microsoft VS Code\bin;C:\Users\Alchemist\AppData\Local\Programs\MiKTeX 2.9\miktex\bin\x64\;C:\dart-sdk\bin;C:\job\flutter\bin\mingit\cmd
USERNAME=Alchemist
OS=Windows_NT
PROCESSOR_IDENTIFIER=Intel64 Family 6 Model 58 Stepping 9, GenuineIntel



---------------  S Y S T E M  ---------------

OS: Windows 8 , 64 bit Build 9200 (6.2.9200.16384)
OS uptime: 13 days 20:49 hours

CPU:total 4 (initial active 4) (2 cores per cpu, 2 threads per core) family 6 model 58 stepping 9 microcode 0x15, cmov, cx8, fxsr, mmx, sse, sse2, sse3, ssse3, sse4.1, sse4.2, popcnt, avx, clmul, erms, ht, tsc, tscinvbit, tscinv

Memory: 4k page, system-wide physical 16202M (1843M free)
TotalPageFile size 16202M (AvailPageFile size 0M)
current process WorkingSet (physical memory assigned to process): 417M, peak: 460M
current process commit charge ("private bytes"): 492M, peak: 536M

vm_info: OpenJDK 64-Bit Server VM (11.0.11+9-b60-7590822) for windows-amd64 JRE (11.0.11+9-b60-7590822), built on Jul 29 2021 21:43:44 by "builder" with MS VC++ 14.0 (VS2015)

END.
